<?xml version="1.0" encoding="UTF-8"?>
<coverage generated="1738288998583" clover="3.2.0">
  <project timestamp="1738288998583" name="All files">
    <metrics statements="1904" coveredstatements="1518" conditionals="414" coveredconditionals="356" methods="96" coveredmethods="82" elements="2414" coveredelements="1956" complexity="0" loc="1904" ncloc="1904" packages="1" files="11" classes="11"/>
    <file name="App.tsx" path="/Users/modernserf/src/templeos-2025/src/App.tsx">
      <metrics statements="11" coveredstatements="0" conditionals="1" coveredconditionals="0" methods="1" coveredmethods="0"/>
      <line num="1" count="0" type="cond" truecount="0" falsecount="1"/>
      <line num="7" count="0" type="stmt"/>
      <line num="8" count="0" type="stmt"/>
      <line num="9" count="0" type="stmt"/>
      <line num="10" count="0" type="stmt"/>
      <line num="11" count="0" type="stmt"/>
      <line num="14" count="0" type="stmt"/>
      <line num="15" count="0" type="stmt"/>
      <line num="16" count="0" type="stmt"/>
      <line num="17" count="0" type="stmt"/>
      <line num="18" count="0" type="stmt"/>
    </file>
    <file name="data.ts" path="/Users/modernserf/src/templeos-2025/src/data.ts">
      <metrics statements="563" coveredstatements="562" conditionals="18" coveredconditionals="18" methods="21" coveredmethods="18"/>
      <line num="1" count="1" type="stmt"/>
      <line num="53" count="1" type="cond" truecount="1" falsecount="0"/>
      <line num="54" count="30" type="stmt"/>
      <line num="55" count="30" type="stmt"/>
      <line num="57" count="1" type="cond" truecount="1" falsecount="0"/>
      <line num="58" count="1" type="cond" truecount="1" falsecount="0"/>
      <line num="59" count="1" type="cond" truecount="1" falsecount="0"/>
      <line num="60" count="1" type="stmt"/>
      <line num="61" count="1" type="stmt"/>
      <line num="63" count="1" type="stmt"/>
      <line num="64" count="1" type="cond" truecount="1" falsecount="0"/>
      <line num="65" count="27" type="stmt"/>
      <line num="66" count="1" type="cond" truecount="1" falsecount="0"/>
      <line num="67" count="16" type="stmt"/>
      <line num="68" count="1" type="cond" truecount="1" falsecount="0"/>
      <line num="69" count="3" type="stmt"/>
      <line num="70" count="1" type="cond" truecount="1" falsecount="0"/>
      <line num="71" count="1" type="stmt"/>
      <line num="73" count="1" type="stmt"/>
      <line num="74" count="1" type="cond" truecount="1" falsecount="0"/>
      <line num="75" count="1" type="cond" truecount="1" falsecount="0"/>
      <line num="76" count="1" type="cond" truecount="1" falsecount="0"/>
      <line num="77" count="1" type="cond" truecount="1" falsecount="0"/>
      <line num="78" count="1" type="cond" truecount="1" falsecount="0"/>
      <line num="79" count="1" type="stmt"/>
      <line num="80" count="0" type="stmt"/>
      <line num="81" count="1" type="cond" truecount="1" falsecount="0"/>
      <line num="82" count="1" type="stmt"/>
      <line num="83" count="1" type="cond" truecount="1" falsecount="0"/>
      <line num="84" count="1" type="cond" truecount="1" falsecount="0"/>
      <line num="85" count="2" type="stmt"/>
      <line num="86" count="1" type="cond" truecount="1" falsecount="0"/>
      <line num="87" count="1" type="cond" truecount="1" falsecount="0"/>
      <line num="88" count="1" type="stmt"/>
      <line num="89" count="1" type="stmt"/>
      <line num="92" count="1" type="stmt"/>
      <line num="93" count="1" type="stmt"/>
      <line num="94" count="1" type="stmt"/>
      <line num="95" count="1" type="stmt"/>
      <line num="96" count="1" type="stmt"/>
      <line num="97" count="1" type="stmt"/>
      <line num="98" count="1" type="stmt"/>
      <line num="99" count="1" type="stmt"/>
      <line num="100" count="1" type="stmt"/>
      <line num="101" count="1" type="stmt"/>
      <line num="102" count="1" type="stmt"/>
      <line num="103" count="1" type="stmt"/>
      <line num="104" count="1" type="stmt"/>
      <line num="105" count="1" type="stmt"/>
      <line num="106" count="1" type="stmt"/>
      <line num="107" count="1" type="stmt"/>
      <line num="108" count="1" type="stmt"/>
      <line num="109" count="1" type="stmt"/>
      <line num="110" count="1" type="stmt"/>
      <line num="111" count="1" type="stmt"/>
      <line num="112" count="1" type="stmt"/>
      <line num="113" count="1" type="stmt"/>
      <line num="115" count="1" type="stmt"/>
      <line num="116" count="1" type="stmt"/>
      <line num="117" count="1" type="stmt"/>
      <line num="118" count="1" type="stmt"/>
      <line num="119" count="1" type="stmt"/>
      <line num="120" count="1" type="stmt"/>
      <line num="121" count="1" type="stmt"/>
      <line num="123" count="1" type="stmt"/>
      <line num="124" count="1" type="stmt"/>
      <line num="125" count="1" type="stmt"/>
      <line num="126" count="1" type="stmt"/>
      <line num="127" count="1" type="stmt"/>
      <line num="128" count="1" type="stmt"/>
      <line num="129" count="1" type="stmt"/>
      <line num="130" count="1" type="stmt"/>
      <line num="131" count="1" type="stmt"/>
      <line num="132" count="1" type="stmt"/>
      <line num="133" count="1" type="stmt"/>
      <line num="134" count="1" type="stmt"/>
      <line num="135" count="1" type="stmt"/>
      <line num="136" count="1" type="stmt"/>
      <line num="137" count="1" type="stmt"/>
      <line num="139" count="1" type="stmt"/>
      <line num="140" count="1" type="stmt"/>
      <line num="141" count="1" type="stmt"/>
      <line num="142" count="1" type="stmt"/>
      <line num="143" count="1" type="stmt"/>
      <line num="145" count="1" type="stmt"/>
      <line num="146" count="1" type="stmt"/>
      <line num="147" count="1" type="stmt"/>
      <line num="148" count="1" type="stmt"/>
      <line num="149" count="1" type="stmt"/>
      <line num="150" count="1" type="stmt"/>
      <line num="151" count="1" type="stmt"/>
      <line num="152" count="1" type="stmt"/>
      <line num="153" count="1" type="stmt"/>
      <line num="154" count="1" type="stmt"/>
      <line num="155" count="1" type="stmt"/>
      <line num="156" count="1" type="stmt"/>
      <line num="157" count="1" type="stmt"/>
      <line num="158" count="1" type="stmt"/>
      <line num="159" count="1" type="stmt"/>
      <line num="160" count="1" type="stmt"/>
      <line num="161" count="1" type="stmt"/>
      <line num="162" count="1" type="stmt"/>
      <line num="163" count="1" type="stmt"/>
      <line num="164" count="1" type="stmt"/>
      <line num="165" count="1" type="stmt"/>
      <line num="166" count="1" type="stmt"/>
      <line num="167" count="1" type="stmt"/>
      <line num="168" count="1" type="stmt"/>
      <line num="169" count="1" type="stmt"/>
      <line num="170" count="1" type="stmt"/>
      <line num="171" count="1" type="stmt"/>
      <line num="172" count="1" type="stmt"/>
      <line num="173" count="1" type="stmt"/>
      <line num="174" count="1" type="stmt"/>
      <line num="176" count="1" type="stmt"/>
      <line num="177" count="1" type="stmt"/>
      <line num="178" count="1" type="stmt"/>
      <line num="179" count="1" type="stmt"/>
      <line num="180" count="1" type="stmt"/>
      <line num="181" count="1" type="stmt"/>
      <line num="182" count="1" type="stmt"/>
      <line num="183" count="1" type="stmt"/>
      <line num="184" count="1" type="stmt"/>
      <line num="185" count="1" type="stmt"/>
      <line num="186" count="1" type="stmt"/>
      <line num="187" count="1" type="stmt"/>
      <line num="188" count="1" type="stmt"/>
      <line num="189" count="1" type="stmt"/>
      <line num="191" count="1" type="stmt"/>
      <line num="192" count="1" type="stmt"/>
      <line num="193" count="1" type="stmt"/>
      <line num="194" count="1" type="stmt"/>
      <line num="195" count="1" type="stmt"/>
      <line num="199" count="1" type="stmt"/>
      <line num="200" count="1" type="stmt"/>
      <line num="201" count="1" type="stmt"/>
      <line num="202" count="1" type="stmt"/>
      <line num="203" count="1" type="stmt"/>
      <line num="204" count="1" type="stmt"/>
      <line num="205" count="1" type="stmt"/>
      <line num="206" count="1" type="stmt"/>
      <line num="207" count="1" type="stmt"/>
      <line num="208" count="1" type="stmt"/>
      <line num="209" count="1" type="stmt"/>
      <line num="210" count="1" type="stmt"/>
      <line num="211" count="1" type="stmt"/>
      <line num="212" count="1" type="stmt"/>
      <line num="213" count="1" type="stmt"/>
      <line num="214" count="1" type="stmt"/>
      <line num="215" count="1" type="stmt"/>
      <line num="216" count="1" type="stmt"/>
      <line num="217" count="1" type="stmt"/>
      <line num="218" count="1" type="stmt"/>
      <line num="219" count="1" type="stmt"/>
      <line num="220" count="1" type="stmt"/>
      <line num="221" count="1" type="stmt"/>
      <line num="222" count="1" type="stmt"/>
      <line num="225" count="1" type="stmt"/>
      <line num="226" count="1" type="stmt"/>
      <line num="227" count="1" type="stmt"/>
      <line num="228" count="1" type="stmt"/>
      <line num="229" count="1" type="stmt"/>
      <line num="230" count="1" type="stmt"/>
      <line num="231" count="1" type="stmt"/>
      <line num="232" count="1" type="stmt"/>
      <line num="233" count="1" type="stmt"/>
      <line num="234" count="1" type="stmt"/>
      <line num="235" count="1" type="stmt"/>
      <line num="236" count="1" type="stmt"/>
      <line num="237" count="1" type="stmt"/>
      <line num="239" count="1" type="stmt"/>
      <line num="240" count="1" type="stmt"/>
      <line num="241" count="1" type="stmt"/>
      <line num="242" count="1" type="stmt"/>
      <line num="243" count="1" type="stmt"/>
      <line num="244" count="1" type="stmt"/>
      <line num="246" count="1" type="stmt"/>
      <line num="247" count="1" type="stmt"/>
      <line num="248" count="1" type="stmt"/>
      <line num="249" count="1" type="stmt"/>
      <line num="250" count="1" type="stmt"/>
      <line num="251" count="1" type="stmt"/>
      <line num="252" count="1" type="stmt"/>
      <line num="253" count="1" type="stmt"/>
      <line num="254" count="1" type="stmt"/>
      <line num="255" count="1" type="stmt"/>
      <line num="256" count="1" type="stmt"/>
      <line num="257" count="1" type="stmt"/>
      <line num="258" count="1" type="stmt"/>
      <line num="259" count="1" type="stmt"/>
      <line num="260" count="1" type="stmt"/>
      <line num="261" count="1" type="stmt"/>
      <line num="262" count="1" type="stmt"/>
      <line num="263" count="1" type="stmt"/>
      <line num="264" count="1" type="stmt"/>
      <line num="265" count="1" type="stmt"/>
      <line num="266" count="1" type="stmt"/>
      <line num="267" count="1" type="stmt"/>
      <line num="268" count="1" type="stmt"/>
      <line num="269" count="1" type="stmt"/>
      <line num="270" count="1" type="stmt"/>
      <line num="271" count="1" type="stmt"/>
      <line num="273" count="1" type="stmt"/>
      <line num="274" count="1" type="stmt"/>
      <line num="275" count="1" type="stmt"/>
      <line num="276" count="1" type="stmt"/>
      <line num="277" count="1" type="stmt"/>
      <line num="278" count="1" type="stmt"/>
      <line num="279" count="1" type="stmt"/>
      <line num="280" count="1" type="stmt"/>
      <line num="281" count="1" type="stmt"/>
      <line num="282" count="1" type="stmt"/>
      <line num="283" count="1" type="stmt"/>
      <line num="284" count="1" type="stmt"/>
      <line num="285" count="1" type="stmt"/>
      <line num="286" count="1" type="stmt"/>
      <line num="287" count="1" type="stmt"/>
      <line num="288" count="1" type="stmt"/>
      <line num="289" count="1" type="stmt"/>
      <line num="290" count="1" type="stmt"/>
      <line num="291" count="1" type="stmt"/>
      <line num="292" count="1" type="stmt"/>
      <line num="293" count="1" type="stmt"/>
      <line num="294" count="1" type="stmt"/>
      <line num="295" count="1" type="stmt"/>
      <line num="296" count="1" type="stmt"/>
      <line num="297" count="1" type="stmt"/>
      <line num="298" count="1" type="stmt"/>
      <line num="299" count="1" type="stmt"/>
      <line num="300" count="1" type="stmt"/>
      <line num="301" count="1" type="stmt"/>
      <line num="302" count="1" type="stmt"/>
      <line num="303" count="1" type="stmt"/>
      <line num="304" count="1" type="stmt"/>
      <line num="305" count="1" type="stmt"/>
      <line num="306" count="1" type="stmt"/>
      <line num="307" count="1" type="stmt"/>
      <line num="308" count="1" type="stmt"/>
      <line num="309" count="1" type="stmt"/>
      <line num="310" count="1" type="stmt"/>
      <line num="311" count="1" type="stmt"/>
      <line num="312" count="1" type="stmt"/>
      <line num="313" count="1" type="stmt"/>
      <line num="314" count="1" type="stmt"/>
      <line num="315" count="1" type="stmt"/>
      <line num="316" count="1" type="stmt"/>
      <line num="317" count="1" type="stmt"/>
      <line num="318" count="1" type="stmt"/>
      <line num="319" count="1" type="stmt"/>
      <line num="320" count="1" type="stmt"/>
      <line num="321" count="1" type="stmt"/>
      <line num="322" count="1" type="stmt"/>
      <line num="323" count="1" type="stmt"/>
      <line num="324" count="1" type="stmt"/>
      <line num="325" count="1" type="stmt"/>
      <line num="326" count="1" type="stmt"/>
      <line num="327" count="1" type="stmt"/>
      <line num="328" count="1" type="stmt"/>
      <line num="329" count="1" type="stmt"/>
      <line num="330" count="1" type="stmt"/>
      <line num="331" count="1" type="stmt"/>
      <line num="332" count="1" type="stmt"/>
      <line num="333" count="1" type="stmt"/>
      <line num="334" count="1" type="stmt"/>
      <line num="335" count="1" type="stmt"/>
      <line num="337" count="1" type="stmt"/>
      <line num="338" count="1" type="stmt"/>
      <line num="339" count="1" type="stmt"/>
      <line num="340" count="1" type="stmt"/>
      <line num="341" count="1" type="stmt"/>
      <line num="342" count="1" type="stmt"/>
      <line num="343" count="1" type="stmt"/>
      <line num="344" count="1" type="stmt"/>
      <line num="345" count="1" type="stmt"/>
      <line num="346" count="1" type="stmt"/>
      <line num="347" count="1" type="stmt"/>
      <line num="348" count="1" type="stmt"/>
      <line num="349" count="1" type="stmt"/>
      <line num="350" count="1" type="stmt"/>
      <line num="351" count="1" type="stmt"/>
      <line num="352" count="1" type="stmt"/>
      <line num="353" count="1" type="stmt"/>
      <line num="355" count="1" type="stmt"/>
      <line num="356" count="1" type="stmt"/>
      <line num="357" count="1" type="stmt"/>
      <line num="358" count="1" type="stmt"/>
      <line num="359" count="1" type="stmt"/>
      <line num="360" count="1" type="stmt"/>
      <line num="362" count="1" type="stmt"/>
      <line num="363" count="1" type="stmt"/>
      <line num="364" count="1" type="stmt"/>
      <line num="365" count="1" type="stmt"/>
      <line num="366" count="1" type="stmt"/>
      <line num="367" count="1" type="stmt"/>
      <line num="368" count="1" type="stmt"/>
      <line num="369" count="1" type="stmt"/>
      <line num="370" count="1" type="stmt"/>
      <line num="371" count="1" type="stmt"/>
      <line num="372" count="1" type="stmt"/>
      <line num="373" count="1" type="stmt"/>
      <line num="374" count="1" type="stmt"/>
      <line num="375" count="1" type="stmt"/>
      <line num="376" count="1" type="stmt"/>
      <line num="377" count="1" type="stmt"/>
      <line num="378" count="1" type="stmt"/>
      <line num="379" count="1" type="stmt"/>
      <line num="381" count="1" type="stmt"/>
      <line num="382" count="1" type="stmt"/>
      <line num="383" count="1" type="stmt"/>
      <line num="384" count="1" type="stmt"/>
      <line num="385" count="1" type="stmt"/>
      <line num="386" count="1" type="stmt"/>
      <line num="387" count="1" type="stmt"/>
      <line num="388" count="1" type="stmt"/>
      <line num="389" count="1" type="stmt"/>
      <line num="390" count="1" type="stmt"/>
      <line num="392" count="1" type="stmt"/>
      <line num="393" count="1" type="stmt"/>
      <line num="394" count="1" type="stmt"/>
      <line num="395" count="1" type="stmt"/>
      <line num="396" count="1" type="stmt"/>
      <line num="397" count="1" type="stmt"/>
      <line num="398" count="1" type="stmt"/>
      <line num="400" count="1" type="stmt"/>
      <line num="401" count="1" type="stmt"/>
      <line num="402" count="1" type="stmt"/>
      <line num="404" count="1" type="stmt"/>
      <line num="406" count="1" type="stmt"/>
      <line num="407" count="1" type="stmt"/>
      <line num="408" count="1" type="stmt"/>
      <line num="409" count="1" type="stmt"/>
      <line num="410" count="1" type="stmt"/>
      <line num="411" count="1" type="stmt"/>
      <line num="412" count="1" type="stmt"/>
      <line num="414" count="1" type="stmt"/>
      <line num="415" count="1" type="stmt"/>
      <line num="416" count="1" type="stmt"/>
      <line num="417" count="1" type="stmt"/>
      <line num="418" count="1" type="stmt"/>
      <line num="419" count="1" type="stmt"/>
      <line num="420" count="1" type="stmt"/>
      <line num="421" count="1" type="stmt"/>
      <line num="422" count="1" type="stmt"/>
      <line num="423" count="1" type="stmt"/>
      <line num="424" count="1" type="stmt"/>
      <line num="425" count="1" type="stmt"/>
      <line num="426" count="1" type="stmt"/>
      <line num="427" count="1" type="stmt"/>
      <line num="430" count="1" type="stmt"/>
      <line num="432" count="1" type="stmt"/>
      <line num="433" count="1" type="stmt"/>
      <line num="434" count="1" type="stmt"/>
      <line num="435" count="1" type="stmt"/>
      <line num="436" count="1" type="stmt"/>
      <line num="437" count="1" type="stmt"/>
      <line num="438" count="1" type="stmt"/>
      <line num="439" count="1" type="stmt"/>
      <line num="441" count="1" type="stmt"/>
      <line num="442" count="1" type="stmt"/>
      <line num="443" count="1" type="stmt"/>
      <line num="444" count="1" type="stmt"/>
      <line num="445" count="1" type="stmt"/>
      <line num="448" count="1" type="stmt"/>
      <line num="449" count="1" type="stmt"/>
      <line num="450" count="1" type="stmt"/>
      <line num="451" count="1" type="stmt"/>
      <line num="452" count="1" type="stmt"/>
      <line num="453" count="1" type="stmt"/>
      <line num="454" count="1" type="stmt"/>
      <line num="455" count="1" type="stmt"/>
      <line num="457" count="1" type="stmt"/>
      <line num="458" count="1" type="stmt"/>
      <line num="459" count="1" type="stmt"/>
      <line num="460" count="1" type="stmt"/>
      <line num="461" count="1" type="stmt"/>
      <line num="462" count="1" type="stmt"/>
      <line num="463" count="1" type="stmt"/>
      <line num="464" count="1" type="stmt"/>
      <line num="466" count="1" type="stmt"/>
      <line num="467" count="1" type="stmt"/>
      <line num="468" count="1" type="stmt"/>
      <line num="469" count="1" type="stmt"/>
      <line num="470" count="1" type="stmt"/>
      <line num="471" count="1" type="stmt"/>
      <line num="472" count="1" type="stmt"/>
      <line num="473" count="1" type="stmt"/>
      <line num="474" count="1" type="stmt"/>
      <line num="475" count="1" type="stmt"/>
      <line num="478" count="1" type="stmt"/>
      <line num="479" count="1" type="stmt"/>
      <line num="481" count="1" type="stmt"/>
      <line num="482" count="1" type="stmt"/>
      <line num="483" count="1" type="stmt"/>
      <line num="484" count="1" type="stmt"/>
      <line num="485" count="1" type="stmt"/>
      <line num="486" count="1" type="stmt"/>
      <line num="487" count="1" type="stmt"/>
      <line num="488" count="1" type="stmt"/>
      <line num="489" count="1" type="stmt"/>
      <line num="490" count="1" type="stmt"/>
      <line num="491" count="1" type="stmt"/>
      <line num="492" count="1" type="stmt"/>
      <line num="493" count="1" type="stmt"/>
      <line num="494" count="1" type="stmt"/>
      <line num="496" count="1" type="stmt"/>
      <line num="499" count="1" type="stmt"/>
      <line num="500" count="1" type="stmt"/>
      <line num="501" count="1" type="stmt"/>
      <line num="502" count="1" type="stmt"/>
      <line num="503" count="1" type="stmt"/>
      <line num="504" count="1" type="stmt"/>
      <line num="505" count="1" type="stmt"/>
      <line num="506" count="1" type="stmt"/>
      <line num="507" count="1" type="stmt"/>
      <line num="508" count="1" type="stmt"/>
      <line num="510" count="1" type="stmt"/>
      <line num="511" count="1" type="stmt"/>
      <line num="512" count="1" type="stmt"/>
      <line num="513" count="1" type="stmt"/>
      <line num="514" count="1" type="stmt"/>
      <line num="516" count="1" type="stmt"/>
      <line num="517" count="1" type="stmt"/>
      <line num="518" count="1" type="stmt"/>
      <line num="522" count="1" type="stmt"/>
      <line num="523" count="1" type="stmt"/>
      <line num="524" count="1" type="stmt"/>
      <line num="525" count="1" type="stmt"/>
      <line num="526" count="1" type="stmt"/>
      <line num="527" count="1" type="stmt"/>
      <line num="528" count="1" type="stmt"/>
      <line num="529" count="1" type="stmt"/>
      <line num="531" count="1" type="stmt"/>
      <line num="532" count="1" type="stmt"/>
      <line num="533" count="1" type="stmt"/>
      <line num="534" count="1" type="stmt"/>
      <line num="535" count="1" type="stmt"/>
      <line num="536" count="1" type="stmt"/>
      <line num="537" count="1" type="stmt"/>
      <line num="538" count="1" type="stmt"/>
      <line num="539" count="1" type="stmt"/>
      <line num="541" count="1" type="stmt"/>
      <line num="542" count="1" type="stmt"/>
      <line num="543" count="1" type="stmt"/>
      <line num="544" count="1" type="stmt"/>
      <line num="545" count="1" type="stmt"/>
      <line num="546" count="1" type="stmt"/>
      <line num="547" count="1" type="stmt"/>
      <line num="548" count="1" type="stmt"/>
      <line num="549" count="1" type="stmt"/>
      <line num="550" count="1" type="stmt"/>
      <line num="551" count="1" type="stmt"/>
      <line num="555" count="1" type="stmt"/>
      <line num="556" count="1" type="stmt"/>
      <line num="557" count="1" type="stmt"/>
      <line num="558" count="1" type="stmt"/>
      <line num="559" count="1" type="stmt"/>
      <line num="560" count="1" type="stmt"/>
      <line num="561" count="1" type="stmt"/>
      <line num="562" count="1" type="stmt"/>
      <line num="563" count="1" type="stmt"/>
      <line num="565" count="1" type="stmt"/>
      <line num="566" count="1" type="stmt"/>
      <line num="567" count="1" type="stmt"/>
      <line num="568" count="1" type="stmt"/>
      <line num="569" count="1" type="stmt"/>
      <line num="570" count="1" type="stmt"/>
      <line num="571" count="1" type="stmt"/>
      <line num="572" count="1" type="stmt"/>
      <line num="574" count="1" type="stmt"/>
      <line num="575" count="1" type="stmt"/>
      <line num="577" count="1" type="stmt"/>
      <line num="578" count="1" type="stmt"/>
      <line num="579" count="1" type="stmt"/>
      <line num="580" count="1" type="stmt"/>
      <line num="581" count="1" type="stmt"/>
      <line num="582" count="1" type="stmt"/>
      <line num="583" count="1" type="stmt"/>
      <line num="584" count="1" type="stmt"/>
      <line num="585" count="1" type="stmt"/>
      <line num="586" count="1" type="stmt"/>
      <line num="587" count="1" type="stmt"/>
      <line num="588" count="1" type="stmt"/>
      <line num="589" count="1" type="stmt"/>
      <line num="591" count="1" type="stmt"/>
      <line num="592" count="1" type="stmt"/>
      <line num="593" count="1" type="stmt"/>
      <line num="594" count="1" type="stmt"/>
      <line num="598" count="1" type="stmt"/>
      <line num="599" count="1" type="stmt"/>
      <line num="600" count="1" type="stmt"/>
      <line num="601" count="1" type="stmt"/>
      <line num="602" count="1" type="stmt"/>
      <line num="603" count="1" type="stmt"/>
      <line num="604" count="1" type="stmt"/>
      <line num="605" count="1" type="stmt"/>
      <line num="606" count="1" type="stmt"/>
      <line num="607" count="1" type="stmt"/>
      <line num="608" count="1" type="stmt"/>
      <line num="609" count="1" type="stmt"/>
      <line num="610" count="1" type="stmt"/>
      <line num="611" count="1" type="stmt"/>
      <line num="612" count="1" type="stmt"/>
      <line num="613" count="1" type="stmt"/>
      <line num="614" count="1" type="stmt"/>
      <line num="615" count="1" type="stmt"/>
      <line num="618" count="1" type="stmt"/>
      <line num="620" count="1" type="stmt"/>
      <line num="621" count="1" type="stmt"/>
      <line num="622" count="1" type="stmt"/>
      <line num="623" count="1" type="stmt"/>
      <line num="624" count="1" type="stmt"/>
      <line num="625" count="1" type="stmt"/>
      <line num="626" count="1" type="stmt"/>
      <line num="627" count="1" type="stmt"/>
      <line num="628" count="1" type="stmt"/>
      <line num="629" count="1" type="stmt"/>
      <line num="630" count="1" type="stmt"/>
      <line num="633" count="1" type="stmt"/>
      <line num="634" count="1" type="stmt"/>
      <line num="635" count="1" type="stmt"/>
      <line num="636" count="1" type="stmt"/>
      <line num="637" count="1" type="stmt"/>
      <line num="642" count="1" type="stmt"/>
      <line num="643" count="1" type="stmt"/>
      <line num="645" count="1" type="stmt"/>
      <line num="646" count="1" type="stmt"/>
      <line num="647" count="1" type="stmt"/>
      <line num="648" count="1" type="stmt"/>
      <line num="649" count="1" type="stmt"/>
      <line num="650" count="1" type="stmt"/>
      <line num="651" count="1" type="stmt"/>
      <line num="652" count="1" type="stmt"/>
      <line num="653" count="1" type="stmt"/>
      <line num="654" count="1" type="stmt"/>
      <line num="655" count="1" type="stmt"/>
      <line num="656" count="1" type="stmt"/>
      <line num="657" count="1" type="stmt"/>
      <line num="658" count="1" type="stmt"/>
      <line num="659" count="1" type="stmt"/>
      <line num="660" count="1" type="stmt"/>
      <line num="661" count="1" type="stmt"/>
      <line num="662" count="1" type="stmt"/>
      <line num="663" count="1" type="stmt"/>
      <line num="664" count="1" type="stmt"/>
      <line num="665" count="1" type="stmt"/>
      <line num="666" count="1" type="stmt"/>
      <line num="667" count="1" type="stmt"/>
      <line num="668" count="1" type="stmt"/>
      <line num="670" count="1" type="stmt"/>
      <line num="671" count="1" type="stmt"/>
      <line num="672" count="1" type="stmt"/>
      <line num="673" count="1" type="stmt"/>
      <line num="674" count="1" type="stmt"/>
      <line num="675" count="1" type="stmt"/>
      <line num="676" count="1" type="stmt"/>
      <line num="677" count="1" type="stmt"/>
      <line num="679" count="1" type="stmt"/>
      <line num="680" count="1" type="stmt"/>
      <line num="681" count="1" type="stmt"/>
      <line num="682" count="1" type="stmt"/>
      <line num="683" count="1" type="stmt"/>
      <line num="684" count="1" type="stmt"/>
      <line num="685" count="1" type="stmt"/>
    </file>
    <file name="db.ts" path="/Users/modernserf/src/templeos-2025/src/db.ts">
      <metrics statements="146" coveredstatements="124" conditionals="42" coveredconditionals="35" methods="19" coveredmethods="18"/>
      <line num="1" count="1" type="stmt"/>
      <line num="17" count="1" type="stmt"/>
      <line num="18" count="1" type="cond" truecount="1" falsecount="0"/>
      <line num="19" count="7" type="stmt"/>
      <line num="20" count="7" type="cond" truecount="1" falsecount="0"/>
      <line num="22" count="7" type="stmt"/>
      <line num="23" count="1" type="stmt"/>
      <line num="25" count="1" type="cond" truecount="1" falsecount="0"/>
      <line num="26" count="3" type="stmt"/>
      <line num="27" count="3" type="cond" truecount="1" falsecount="0"/>
      <line num="28" count="8" type="stmt"/>
      <line num="29" count="8" type="stmt"/>
      <line num="30" count="3" type="stmt"/>
      <line num="31" count="3" type="stmt"/>
      <line num="32" count="3" type="stmt"/>
      <line num="34" count="1" type="stmt"/>
      <line num="35" count="1" type="stmt"/>
      <line num="36" count="1" type="stmt"/>
      <line num="38" count="1" type="cond" truecount="1" falsecount="0"/>
      <line num="39" count="185" type="cond" truecount="1" falsecount="0"/>
      <line num="40" count="185" type="stmt"/>
      <line num="41" count="1" type="cond" truecount="1" falsecount="0"/>
      <line num="42" count="1" type="stmt"/>
      <line num="43" count="1" type="stmt"/>
      <line num="44" count="1" type="cond" truecount="1" falsecount="0"/>
      <line num="45" count="3" type="stmt"/>
      <line num="46" count="3" type="stmt"/>
      <line num="47" count="1" type="cond" truecount="1" falsecount="0"/>
      <line num="48" count="61" type="cond" truecount="1" falsecount="0"/>
      <line num="49" count="3843" type="stmt"/>
      <line num="50" count="3843" type="stmt"/>
      <line num="51" count="61" type="stmt"/>
      <line num="52" count="1" type="cond" truecount="1" falsecount="0"/>
      <line num="53" count="3855" type="stmt"/>
      <line num="54" count="3855" type="cond" truecount="1" falsecount="0"/>
      <line num="55" count="1" type="stmt"/>
      <line num="56" count="1" type="stmt"/>
      <line num="57" count="1" type="stmt"/>
      <line num="58" count="1" type="stmt"/>
      <line num="59" count="3855" type="cond" truecount="0" falsecount="1"/>
      <line num="60" count="0" type="stmt"/>
      <line num="61" count="0" type="stmt"/>
      <line num="62" count="0" type="stmt"/>
      <line num="63" count="3855" type="stmt"/>
      <line num="64" count="3855" type="cond" truecount="1" falsecount="0"/>
      <line num="65" count="12524" type="stmt"/>
      <line num="66" count="12524" type="stmt"/>
      <line num="67" count="3855" type="cond" truecount="2" falsecount="0"/>
      <line num="68" count="1" type="stmt"/>
      <line num="69" count="1" type="stmt"/>
      <line num="70" count="3855" type="stmt"/>
      <line num="71" count="1" type="cond" truecount="1" falsecount="0"/>
      <line num="72" count="23" type="stmt"/>
      <line num="73" count="23" type="cond" truecount="1" falsecount="0"/>
      <line num="74" count="12" type="stmt"/>
      <line num="75" count="12" type="stmt"/>
      <line num="76" count="12" type="stmt"/>
      <line num="77" count="23" type="stmt"/>
      <line num="78" count="23" type="stmt"/>
      <line num="79" count="23" type="cond" truecount="1" falsecount="0"/>
      <line num="80" count="23" type="cond" truecount="1" falsecount="0"/>
      <line num="81" count="23" type="stmt"/>
      <line num="82" count="1" type="cond" truecount="1" falsecount="0"/>
      <line num="83" count="1" type="stmt"/>
      <line num="84" count="1" type="stmt"/>
      <line num="85" count="1" type="cond" truecount="0" falsecount="1"/>
      <line num="86" count="0" type="stmt"/>
      <line num="87" count="0" type="stmt"/>
      <line num="88" count="1" type="stmt"/>
      <line num="89" count="1" type="stmt"/>
      <line num="90" count="1" type="cond" truecount="1" falsecount="0"/>
      <line num="91" count="12546" type="stmt"/>
      <line num="92" count="12546" type="cond" truecount="2" falsecount="0"/>
      <line num="93" count="4" type="stmt"/>
      <line num="94" count="4" type="stmt"/>
      <line num="95" count="12546" type="cond" truecount="1" falsecount="0"/>
      <line num="96" count="4" type="stmt"/>
      <line num="97" count="4" type="stmt"/>
      <line num="98" count="12546" type="cond" truecount="0" falsecount="1"/>
      <line num="99" count="0" type="stmt"/>
      <line num="100" count="0" type="stmt"/>
      <line num="101" count="0" type="stmt"/>
      <line num="102" count="0" type="stmt"/>
      <line num="103" count="12546" type="stmt"/>
      <line num="104" count="12546" type="stmt"/>
      <line num="105" count="1" type="cond" truecount="1" falsecount="0"/>
      <line num="106" count="6" type="stmt"/>
      <line num="107" count="6" type="cond" truecount="2" falsecount="0"/>
      <line num="108" count="1" type="stmt"/>
      <line num="109" count="1" type="stmt"/>
      <line num="110" count="6" type="cond" truecount="1" falsecount="0"/>
      <line num="111" count="1" type="stmt"/>
      <line num="112" count="1" type="stmt"/>
      <line num="113" count="6" type="cond" truecount="0" falsecount="1"/>
      <line num="114" count="0" type="stmt"/>
      <line num="115" count="0" type="stmt"/>
      <line num="116" count="0" type="stmt"/>
      <line num="117" count="0" type="stmt"/>
      <line num="118" count="6" type="stmt"/>
      <line num="119" count="6" type="stmt"/>
      <line num="120" count="1" type="stmt"/>
      <line num="124" count="1" type="stmt"/>
      <line num="125" count="1" type="stmt"/>
      <line num="126" count="1" type="stmt"/>
      <line num="127" count="1" type="cond" truecount="1" falsecount="0"/>
      <line num="128" count="21" type="stmt"/>
      <line num="129" count="21" type="cond" truecount="0" falsecount="1"/>
      <line num="130" count="21" type="stmt"/>
      <line num="131" count="21" type="stmt"/>
      <line num="132" count="1" type="cond" truecount="1" falsecount="0"/>
      <line num="133" count="20" type="stmt"/>
      <line num="134" count="20" type="stmt"/>
      <line num="135" count="20" type="stmt"/>
      <line num="136" count="20" type="stmt"/>
      <line num="137" count="1" type="cond" truecount="1" falsecount="0"/>
      <line num="138" count="19" type="cond" truecount="0" falsecount="1"/>
      <line num="139" count="19" type="stmt"/>
      <line num="140" count="1" type="cond" truecount="1" falsecount="0"/>
      <line num="141" count="57" type="cond" truecount="0" falsecount="1"/>
      <line num="142" count="0" type="stmt"/>
      <line num="143" count="0" type="stmt"/>
      <line num="144" count="57" type="stmt"/>
      <line num="145" count="1" type="cond" truecount="1" falsecount="0"/>
      <line num="146" count="1" type="stmt"/>
      <line num="147" count="1" type="stmt"/>
      <line num="148" count="1" type="stmt"/>
      <line num="149" count="1" type="stmt"/>
      <line num="150" count="1" type="stmt"/>
      <line num="151" count="1" type="stmt"/>
      <line num="152" count="1" type="cond" truecount="1" falsecount="0"/>
      <line num="153" count="20" type="stmt"/>
      <line num="154" count="20" type="stmt"/>
      <line num="155" count="20" type="cond" truecount="1" falsecount="0"/>
      <line num="156" count="20" type="stmt"/>
      <line num="157" count="20" type="stmt"/>
      <line num="158" count="20" type="stmt"/>
      <line num="159" count="20" type="stmt"/>
      <line num="160" count="1" type="stmt"/>
      <line num="161" count="0" type="stmt"/>
      <line num="162" count="0" type="stmt"/>
      <line num="163" count="0" type="stmt"/>
      <line num="164" count="0" type="stmt"/>
      <line num="165" count="0" type="stmt"/>
      <line num="166" count="0" type="stmt"/>
      <line num="167" count="0" type="stmt"/>
      <line num="168" count="1" type="stmt"/>
    </file>
    <file name="event_source.ts" path="/Users/modernserf/src/templeos-2025/src/event_source.ts">
      <metrics statements="34" coveredstatements="18" conditionals="5" coveredconditionals="5" methods="4" coveredmethods="2"/>
      <line num="1" count="1" type="stmt"/>
      <line num="5" count="1" type="stmt"/>
      <line num="6" count="1" type="stmt"/>
      <line num="7" count="1" type="cond" truecount="1" falsecount="0"/>
      <line num="8" count="3" type="stmt"/>
      <line num="9" count="3" type="cond" truecount="1" falsecount="0"/>
      <line num="10" count="1" type="cond" truecount="1" falsecount="0"/>
      <line num="11" count="1" type="stmt"/>
      <line num="12" count="3" type="stmt"/>
      <line num="13" count="1" type="cond" truecount="1" falsecount="0"/>
      <line num="14" count="2" type="cond" truecount="1" falsecount="0"/>
      <line num="15" count="5" type="stmt"/>
      <line num="16" count="5" type="stmt"/>
      <line num="17" count="2" type="stmt"/>
      <line num="18" count="1" type="stmt"/>
      <line num="20" count="1" type="stmt"/>
      <line num="22" count="1" type="stmt"/>
      <line num="23" count="0" type="stmt"/>
      <line num="24" count="0" type="stmt"/>
      <line num="25" count="0" type="stmt"/>
      <line num="26" count="0" type="stmt"/>
      <line num="27" count="0" type="stmt"/>
      <line num="28" count="0" type="stmt"/>
      <line num="29" count="0" type="stmt"/>
      <line num="30" count="0" type="stmt"/>
      <line num="32" count="1" type="stmt"/>
      <line num="33" count="0" type="stmt"/>
      <line num="34" count="0" type="stmt"/>
      <line num="35" count="0" type="stmt"/>
      <line num="36" count="0" type="stmt"/>
      <line num="37" count="0" type="stmt"/>
      <line num="38" count="0" type="stmt"/>
      <line num="39" count="0" type="stmt"/>
      <line num="40" count="0" type="stmt"/>
    </file>
    <file name="expr.ts" path="/Users/modernserf/src/templeos-2025/src/expr.ts">
      <metrics statements="90" coveredstatements="74" conditionals="33" coveredconditionals="33" methods="7" coveredmethods="6"/>
      <line num="1" count="1" type="stmt"/>
      <line num="20" count="1" type="cond" truecount="1" falsecount="0"/>
      <line num="21" count="594" type="stmt"/>
      <line num="22" count="1" type="stmt"/>
      <line num="23" count="1" type="stmt"/>
      <line num="24" count="1" type="stmt"/>
      <line num="25" count="1" type="cond" truecount="1" falsecount="0"/>
      <line num="26" count="1" type="stmt"/>
      <line num="27" count="1" type="stmt"/>
      <line num="28" count="1" type="stmt"/>
      <line num="29" count="1" type="cond" truecount="1" falsecount="0"/>
      <line num="30" count="352" type="stmt"/>
      <line num="31" count="352" type="stmt"/>
      <line num="32" count="1" type="stmt"/>
      <line num="35" count="4048" type="cond" truecount="1" falsecount="0"/>
      <line num="36" count="4048" type="cond" truecount="2" falsecount="0"/>
      <line num="37" count="1370" type="stmt"/>
      <line num="38" count="1370" type="cond" truecount="1" falsecount="0"/>
      <line num="39" count="2678" type="stmt"/>
      <line num="40" count="2678" type="stmt"/>
      <line num="42" count="5352" type="cond" truecount="1" falsecount="0"/>
      <line num="43" count="5352" type="stmt"/>
      <line num="44" count="5352" type="cond" truecount="1" falsecount="0"/>
      <line num="45" count="1259" type="stmt"/>
      <line num="46" count="5352" type="cond" truecount="1" falsecount="0"/>
      <line num="47" count="1473" type="stmt"/>
      <line num="48" count="5352" type="cond" truecount="1" falsecount="0"/>
      <line num="49" count="2620" type="stmt"/>
      <line num="50" count="2620" type="cond" truecount="1" falsecount="0"/>
      <line num="51" count="628" type="stmt"/>
      <line num="52" count="2620" type="cond" truecount="1" falsecount="0"/>
      <line num="53" count="1089" type="stmt"/>
      <line num="54" count="2620" type="cond" truecount="1" falsecount="0"/>
      <line num="55" count="903" type="stmt"/>
      <line num="56" count="2620" type="stmt"/>
      <line num="57" count="5352" type="stmt"/>
      <line num="58" count="5352" type="stmt"/>
      <line num="60" count="1" type="stmt"/>
      <line num="61" count="1" type="cond" truecount="1" falsecount="0"/>
      <line num="62" count="4048" type="stmt"/>
      <line num="63" count="4048" type="cond" truecount="1" falsecount="0"/>
      <line num="64" count="4048" type="cond" truecount="1" falsecount="0"/>
      <line num="65" count="1647" type="cond" truecount="1" falsecount="0"/>
      <line num="66" count="489" type="stmt"/>
      <line num="67" count="489" type="cond" truecount="1" falsecount="0"/>
      <line num="68" count="1158" type="stmt"/>
      <line num="69" count="4048" type="cond" truecount="1" falsecount="0"/>
      <line num="70" count="2401" type="stmt"/>
      <line num="71" count="2401" type="cond" truecount="1" falsecount="0"/>
      <line num="72" count="581" type="cond" truecount="2" falsecount="0"/>
      <line num="73" count="479" type="stmt"/>
      <line num="74" count="2401" type="cond" truecount="1" falsecount="0"/>
      <line num="76" count="803" type="cond" truecount="1" falsecount="0"/>
      <line num="77" count="278" type="stmt"/>
      <line num="78" count="278" type="cond" truecount="1" falsecount="0"/>
      <line num="79" count="525" type="stmt"/>
      <line num="80" count="2401" type="cond" truecount="1" falsecount="0"/>
      <line num="81" count="1017" type="cond" truecount="1" falsecount="0"/>
      <line num="82" count="503" type="stmt"/>
      <line num="83" count="503" type="stmt"/>
      <line num="84" count="503" type="stmt"/>
      <line num="85" count="503" type="cond" truecount="2" falsecount="0"/>
      <line num="86" count="286" type="stmt"/>
      <line num="87" count="286" type="stmt"/>
      <line num="88" count="286" type="cond" truecount="1" falsecount="0"/>
      <line num="89" count="286" type="cond" truecount="1" falsecount="0"/>
      <line num="90" count="100" type="stmt"/>
      <line num="91" count="100" type="stmt"/>
      <line num="92" count="2401" type="stmt"/>
      <line num="93" count="4048" type="cond" truecount="1" falsecount="0"/>
      <line num="94" count="2676" type="stmt"/>
      <line num="95" count="2676" type="stmt"/>
      <line num="96" count="1" type="stmt"/>
      <line num="98" count="1" type="stmt"/>
      <line num="99" count="0" type="stmt"/>
      <line num="100" count="0" type="stmt"/>
      <line num="101" count="0" type="stmt"/>
      <line num="102" count="0" type="stmt"/>
      <line num="103" count="0" type="stmt"/>
      <line num="104" count="0" type="stmt"/>
      <line num="105" count="0" type="stmt"/>
      <line num="106" count="0" type="stmt"/>
      <line num="107" count="0" type="stmt"/>
      <line num="108" count="0" type="stmt"/>
      <line num="109" count="0" type="stmt"/>
      <line num="110" count="0" type="stmt"/>
      <line num="111" count="0" type="stmt"/>
      <line num="112" count="0" type="stmt"/>
      <line num="113" count="0" type="stmt"/>
      <line num="114" count="0" type="stmt"/>
    </file>
    <file name="iter.ts" path="/Users/modernserf/src/templeos-2025/src/iter.ts">
      <metrics statements="43" coveredstatements="0" conditionals="1" coveredconditionals="0" methods="1" coveredmethods="0"/>
      <line num="1" count="0" type="cond" truecount="0" falsecount="1"/>
      <line num="2" count="0" type="stmt"/>
      <line num="3" count="0" type="stmt"/>
      <line num="4" count="0" type="stmt"/>
      <line num="6" count="0" type="stmt"/>
      <line num="7" count="0" type="stmt"/>
      <line num="8" count="0" type="stmt"/>
      <line num="9" count="0" type="stmt"/>
      <line num="10" count="0" type="stmt"/>
      <line num="11" count="0" type="stmt"/>
      <line num="13" count="0" type="stmt"/>
      <line num="14" count="0" type="stmt"/>
      <line num="15" count="0" type="stmt"/>
      <line num="16" count="0" type="stmt"/>
      <line num="17" count="0" type="stmt"/>
      <line num="19" count="0" type="stmt"/>
      <line num="20" count="0" type="stmt"/>
      <line num="21" count="0" type="stmt"/>
      <line num="22" count="0" type="stmt"/>
      <line num="23" count="0" type="stmt"/>
      <line num="24" count="0" type="stmt"/>
      <line num="25" count="0" type="stmt"/>
      <line num="26" count="0" type="stmt"/>
      <line num="27" count="0" type="stmt"/>
      <line num="29" count="0" type="stmt"/>
      <line num="30" count="0" type="stmt"/>
      <line num="31" count="0" type="stmt"/>
      <line num="33" count="0" type="stmt"/>
      <line num="34" count="0" type="stmt"/>
      <line num="35" count="0" type="stmt"/>
      <line num="36" count="0" type="stmt"/>
      <line num="37" count="0" type="stmt"/>
      <line num="38" count="0" type="stmt"/>
      <line num="40" count="0" type="stmt"/>
      <line num="41" count="0" type="stmt"/>
      <line num="42" count="0" type="stmt"/>
      <line num="43" count="0" type="stmt"/>
      <line num="45" count="0" type="stmt"/>
      <line num="46" count="0" type="stmt"/>
      <line num="47" count="0" type="stmt"/>
      <line num="48" count="0" type="stmt"/>
      <line num="49" count="0" type="stmt"/>
      <line num="50" count="0" type="stmt"/>
    </file>
    <file name="main.tsx" path="/Users/modernserf/src/templeos-2025/src/main.tsx">
      <metrics statements="7" coveredstatements="0" conditionals="1" coveredconditionals="0" methods="1" coveredmethods="0"/>
      <line num="1" count="0" type="cond" truecount="0" falsecount="1"/>
      <line num="2" count="0" type="stmt"/>
      <line num="3" count="0" type="stmt"/>
      <line num="4" count="0" type="stmt"/>
      <line num="6" count="0" type="stmt"/>
      <line num="7" count="0" type="stmt"/>
      <line num="8" count="0" type="stmt"/>
    </file>
    <file name="state.ts" path="/Users/modernserf/src/templeos-2025/src/state.ts">
      <metrics statements="687" coveredstatements="582" conditionals="243" coveredconditionals="199" methods="28" coveredmethods="26"/>
      <line num="1" count="1" type="stmt"/>
      <line num="5" count="1" type="cond" truecount="1" falsecount="0"/>
      <line num="6" count="971" type="cond" truecount="1" falsecount="0"/>
      <line num="7" count="838" type="cond" truecount="1" falsecount="0"/>
      <line num="8" count="133" type="stmt"/>
      <line num="10" count="1" type="cond" truecount="1" falsecount="0"/>
      <line num="11" count="27" type="stmt"/>
      <line num="28" count="3" type="cond" truecount="1" falsecount="0"/>
      <line num="29" count="3" type="stmt"/>
      <line num="30" count="3" type="cond" truecount="0" falsecount="1"/>
      <line num="31" count="0" type="stmt"/>
      <line num="32" count="3" type="cond" truecount="0" falsecount="1"/>
      <line num="33" count="0" type="stmt"/>
      <line num="34" count="3" type="cond" truecount="1" falsecount="0"/>
      <line num="35" count="1" type="stmt"/>
      <line num="36" count="3" type="cond" truecount="0" falsecount="1"/>
      <line num="37" count="3" type="cond" truecount="0" falsecount="1"/>
      <line num="38" count="0" type="stmt"/>
      <line num="39" count="3" type="cond" truecount="1" falsecount="0"/>
      <line num="40" count="2" type="stmt"/>
      <line num="41" count="3" type="stmt"/>
      <line num="42" count="3" type="stmt"/>
      <line num="44" count="514" type="cond" truecount="1" falsecount="0"/>
      <line num="45" count="514" type="cond" truecount="1" falsecount="0"/>
      <line num="46" count="514" type="stmt"/>
      <line num="59" count="1" type="stmt"/>
      <line num="61" count="1" type="stmt"/>
      <line num="62" count="1" type="cond" truecount="1" falsecount="0"/>
      <line num="63" count="418" type="stmt"/>
      <line num="64" count="418" type="stmt"/>
      <line num="65" count="418" type="stmt"/>
      <line num="66" count="418" type="stmt"/>
      <line num="67" count="418" type="stmt"/>
      <line num="68" count="1" type="cond" truecount="1" falsecount="0"/>
      <line num="69" count="61" type="stmt"/>
      <line num="70" count="61" type="stmt"/>
      <line num="71" count="61" type="stmt"/>
      <line num="72" count="61" type="stmt"/>
      <line num="73" count="1" type="cond" truecount="1" falsecount="0"/>
      <line num="74" count="4" type="cond" truecount="1" falsecount="0"/>
      <line num="75" count="11" type="cond" truecount="1" falsecount="0"/>
      <line num="76" count="11" type="stmt"/>
      <line num="77" count="4" type="stmt"/>
      <line num="78" count="1" type="cond" truecount="1" falsecount="0"/>
      <line num="79" count="57" type="stmt"/>
      <line num="80" count="57" type="stmt"/>
      <line num="81" count="57" type="cond" truecount="1" falsecount="0"/>
      <line num="82" count="108" type="cond" truecount="0" falsecount="1"/>
      <line num="83" count="108" type="stmt"/>
      <line num="84" count="108" type="stmt"/>
      <line num="85" count="108" type="cond" truecount="1" falsecount="0"/>
      <line num="86" count="117" type="stmt"/>
      <line num="87" count="117" type="stmt"/>
      <line num="88" count="114" type="cond" truecount="2" falsecount="0"/>
      <line num="89" count="3" type="stmt"/>
      <line num="90" count="117" type="stmt"/>
      <line num="92" count="108" type="cond" truecount="1" falsecount="0"/>
      <line num="93" count="57" type="stmt"/>
      <line num="94" count="57" type="stmt"/>
      <line num="95" count="57" type="stmt"/>
      <line num="96" count="57" type="stmt"/>
      <line num="97" count="1" type="cond" truecount="1" falsecount="0"/>
      <line num="98" count="2307" type="stmt"/>
      <line num="99" count="2307" type="cond" truecount="1" falsecount="0"/>
      <line num="100" count="2307" type="cond" truecount="1" falsecount="0"/>
      <line num="101" count="2307" type="cond" truecount="1" falsecount="0"/>
      <line num="102" count="809" type="stmt"/>
      <line num="103" count="2307" type="cond" truecount="1" falsecount="0"/>
      <line num="104" count="528" type="stmt"/>
      <line num="105" count="528" type="cond" truecount="2" falsecount="0"/>
      <line num="106" count="161" type="stmt"/>
      <line num="107" count="528" type="cond" truecount="1" falsecount="0"/>
      <line num="108" count="367" type="stmt"/>
      <line num="109" count="367" type="stmt"/>
      <line num="110" count="528" type="stmt"/>
      <line num="111" count="2307" type="cond" truecount="1" falsecount="0"/>
      <line num="112" count="966" type="stmt"/>
      <line num="113" count="966" type="stmt"/>
      <line num="114" count="966" type="cond" truecount="1" falsecount="0"/>
      <line num="116" count="2307" type="stmt"/>
      <line num="117" count="2307" type="stmt"/>
      <line num="118" count="1" type="stmt"/>
      <line num="119" count="0" type="stmt"/>
      <line num="120" count="0" type="stmt"/>
      <line num="121" count="0" type="stmt"/>
      <line num="122" count="0" type="stmt"/>
      <line num="123" count="0" type="stmt"/>
      <line num="124" count="0" type="stmt"/>
      <line num="125" count="0" type="stmt"/>
      <line num="126" count="0" type="stmt"/>
      <line num="127" count="0" type="stmt"/>
      <line num="128" count="0" type="stmt"/>
      <line num="129" count="0" type="stmt"/>
      <line num="131" count="0" type="stmt"/>
      <line num="132" count="0" type="stmt"/>
      <line num="133" count="1" type="cond" truecount="1" falsecount="0"/>
      <line num="134" count="141" type="cond" truecount="1" falsecount="0"/>
      <line num="135" count="153" type="stmt"/>
      <line num="136" count="153" type="cond" truecount="0" falsecount="1"/>
      <line num="137" count="0" type="stmt"/>
      <line num="138" count="153" type="cond" truecount="0" falsecount="1"/>
      <line num="139" count="0" type="stmt"/>
      <line num="140" count="153" type="cond" truecount="1" falsecount="0"/>
      <line num="141" count="153" type="cond" truecount="1" falsecount="0"/>
      <line num="142" count="143" type="stmt"/>
      <line num="143" count="153" type="cond" truecount="1" falsecount="0"/>
      <line num="144" count="10" type="stmt"/>
      <line num="145" count="153" type="stmt"/>
      <line num="146" count="153" type="stmt"/>
      <line num="147" count="141" type="stmt"/>
      <line num="148" count="1" type="cond" truecount="1" falsecount="0"/>
      <line num="149" count="1706" type="cond" truecount="1" falsecount="0"/>
      <line num="150" count="384" type="stmt"/>
      <line num="151" count="384" type="cond" truecount="1" falsecount="0"/>
      <line num="152" count="1322" type="stmt"/>
      <line num="153" count="1706" type="cond" truecount="1" falsecount="0"/>
      <line num="154" count="25" type="stmt"/>
      <line num="155" count="1706" type="cond" truecount="1" falsecount="0"/>
      <line num="156" count="582" type="stmt"/>
      <line num="157" count="582" type="stmt"/>
      <line num="158" count="582" type="stmt"/>
      <line num="159" count="582" type="cond" truecount="1" falsecount="0"/>
      <line num="160" count="582" type="stmt"/>
      <line num="161" count="582" type="stmt"/>
      <line num="162" count="582" type="stmt"/>
      <line num="163" count="1706" type="cond" truecount="1" falsecount="0"/>
      <line num="164" count="715" type="stmt"/>
      <line num="165" count="715" type="stmt"/>
      <line num="166" count="715" type="cond" truecount="1" falsecount="0"/>
      <line num="167" count="715" type="stmt"/>
      <line num="168" count="1706" type="stmt"/>
      <line num="169" count="1706" type="stmt"/>
      <line num="170" count="1" type="cond" truecount="1" falsecount="0"/>
      <line num="171" count="286" type="stmt"/>
      <line num="172" count="286" type="stmt"/>
      <line num="173" count="1" type="cond" truecount="1" falsecount="0"/>
      <line num="174" count="23" type="stmt"/>
      <line num="175" count="23" type="cond" truecount="2" falsecount="0"/>
      <line num="176" count="4" type="stmt"/>
      <line num="177" count="4" type="stmt"/>
      <line num="178" count="23" type="stmt"/>
      <line num="179" count="23" type="stmt"/>
      <line num="180" count="23" type="stmt"/>
      <line num="181" count="23" type="stmt"/>
      <line num="182" count="23" type="stmt"/>
      <line num="183" count="23" type="stmt"/>
      <line num="184" count="23" type="stmt"/>
      <line num="186" count="23" type="stmt"/>
      <line num="187" count="1" type="cond" truecount="1" falsecount="0"/>
      <line num="188" count="286" type="stmt"/>
      <line num="189" count="286" type="stmt"/>
      <line num="190" count="286" type="cond" truecount="0" falsecount="1"/>
      <line num="191" count="286" type="cond" truecount="2" falsecount="0"/>
      <line num="192" count="15" type="cond" truecount="1" falsecount="0"/>
      <line num="193" count="7" type="cond" truecount="0" falsecount="1"/>
      <line num="194" count="7" type="stmt"/>
      <line num="195" count="7" type="cond" truecount="1" falsecount="0"/>
      <line num="196" count="8" type="stmt"/>
      <line num="197" count="8" type="cond" truecount="1" falsecount="0"/>
      <line num="198" count="271" type="stmt"/>
      <line num="199" count="271" type="stmt"/>
      <line num="200" count="1" type="cond" truecount="1" falsecount="0"/>
      <line num="201" count="936" type="stmt"/>
      <line num="202" count="936" type="cond" truecount="3" falsecount="0"/>
      <line num="204" count="506" type="stmt"/>
      <line num="205" count="936" type="cond" truecount="1" falsecount="0"/>
      <line num="206" count="264" type="stmt"/>
      <line num="207" count="936" type="cond" truecount="1" falsecount="0"/>
      <line num="208" count="936" type="cond" truecount="1" falsecount="0"/>
      <line num="209" count="227" type="stmt"/>
      <line num="210" count="227" type="cond" truecount="1" falsecount="0"/>
      <line num="211" count="16" type="stmt"/>
      <line num="212" count="227" type="cond" truecount="0" falsecount="1"/>
      <line num="213" count="0" type="stmt"/>
      <line num="214" count="227" type="cond" truecount="1" falsecount="0"/>
      <line num="215" count="227" type="cond" truecount="1" falsecount="0"/>
      <line num="216" count="211" type="cond" truecount="2" falsecount="0"/>
      <line num="217" count="227" type="cond" truecount="0" falsecount="1"/>
      <line num="218" count="0" type="stmt"/>
      <line num="219" count="936" type="cond" truecount="1" falsecount="0"/>
      <line num="220" count="15" type="stmt"/>
      <line num="221" count="15" type="cond" truecount="1" falsecount="0"/>
      <line num="222" count="6" type="stmt"/>
      <line num="223" count="15" type="cond" truecount="0" falsecount="1"/>
      <line num="224" count="15" type="cond" truecount="0" falsecount="1"/>
      <line num="225" count="0" type="stmt"/>
      <line num="226" count="15" type="cond" truecount="1" falsecount="0"/>
      <line num="227" count="9" type="stmt"/>
      <line num="228" count="9" type="cond" truecount="2" falsecount="0"/>
      <line num="229" count="9" type="cond" truecount="1" falsecount="1"/>
      <line num="230" count="9" type="cond" truecount="1" falsecount="0"/>
      <line num="231" count="6" type="stmt"/>
      <line num="232" count="6" type="cond" truecount="0" falsecount="1"/>
      <line num="233" count="6" type="stmt"/>
      <line num="234" count="6" type="cond" truecount="1" falsecount="0"/>
      <line num="235" count="5" type="stmt"/>
      <line num="236" count="5" type="stmt"/>
      <line num="237" count="15" type="stmt"/>
      <line num="238" count="936" type="stmt"/>
      <line num="239" count="936" type="stmt"/>
      <line num="240" count="1" type="cond" truecount="1" falsecount="0"/>
      <line num="241" count="446" type="stmt"/>
      <line num="242" count="446" type="stmt"/>
      <line num="243" count="446" type="stmt"/>
      <line num="244" count="446" type="cond" truecount="1" falsecount="0"/>
      <line num="245" count="1" type="stmt"/>
      <line num="246" count="1" type="cond" truecount="1" falsecount="0"/>
      <line num="247" count="445" type="stmt"/>
      <line num="248" count="445" type="stmt"/>
      <line num="249" count="1" type="cond" truecount="1" falsecount="0"/>
      <line num="250" count="32" type="stmt"/>
      <line num="251" count="32" type="stmt"/>
      <line num="252" count="32" type="stmt"/>
      <line num="253" count="32" type="cond" truecount="3" falsecount="0"/>
      <line num="254" count="32" type="cond" truecount="0" falsecount="1"/>
      <line num="255" count="0" type="stmt"/>
      <line num="256" count="0" type="cond" truecount="1" falsecount="0"/>
      <line num="257" count="13" type="stmt"/>
      <line num="258" count="13" type="stmt"/>
      <line num="259" count="1" type="stmt"/>
      <line num="260" count="0" type="stmt"/>
      <line num="261" count="0" type="stmt"/>
      <line num="262" count="0" type="stmt"/>
      <line num="263" count="0" type="stmt"/>
      <line num="264" count="0" type="stmt"/>
      <line num="265" count="0" type="stmt"/>
      <line num="266" count="0" type="stmt"/>
      <line num="269" count="0" type="stmt"/>
      <line num="270" count="1" type="cond" truecount="1" falsecount="0"/>
      <line num="271" count="407" type="stmt"/>
      <line num="272" count="407" type="stmt"/>
      <line num="273" count="1" type="cond" truecount="1" falsecount="0"/>
      <line num="274" count="20" type="stmt"/>
      <line num="275" count="20" type="cond" truecount="1" falsecount="0"/>
      <line num="276" count="236" type="cond" truecount="1" falsecount="0"/>
      <line num="277" count="1" type="stmt"/>
      <line num="278" count="1" type="stmt"/>
      <line num="279" count="1" type="cond" truecount="1" falsecount="0"/>
      <line num="280" count="236" type="cond" truecount="1" falsecount="0"/>
      <line num="281" count="89" type="stmt"/>
      <line num="282" count="89" type="stmt"/>
      <line num="283" count="89" type="stmt"/>
      <line num="284" count="236" type="stmt"/>
      <line num="285" count="20" type="stmt"/>
      <line num="286" count="1" type="cond" truecount="1" falsecount="0"/>
      <line num="287" count="18" type="cond" truecount="1" falsecount="0"/>
      <line num="288" count="7" type="stmt"/>
      <line num="289" count="7" type="cond" truecount="0" falsecount="1"/>
      <line num="290" count="0" type="stmt"/>
      <line num="291" count="0" type="stmt"/>
      <line num="292" count="7" type="stmt"/>
      <line num="293" count="7" type="stmt"/>
      <line num="294" count="7" type="stmt"/>
      <line num="295" count="7" type="stmt"/>
      <line num="296" count="7" type="cond" truecount="1" falsecount="0"/>
      <line num="298" count="18" type="cond" truecount="2" falsecount="0"/>
      <line num="299" count="18" type="cond" truecount="2" falsecount="0"/>
      <line num="301" count="10" type="stmt"/>
      <line num="302" count="18" type="cond" truecount="0" falsecount="1"/>
      <line num="303" count="18" type="cond" truecount="1" falsecount="0"/>
      <line num="304" count="7" type="cond" truecount="2" falsecount="0"/>
      <line num="305" count="3" type="stmt"/>
      <line num="306" count="18" type="cond" truecount="1" falsecount="0"/>
      <line num="307" count="3" type="stmt"/>
      <line num="308" count="3" type="cond" truecount="0" falsecount="1"/>
      <line num="309" count="3" type="stmt"/>
      <line num="310" count="3" type="stmt"/>
      <line num="311" count="3" type="stmt"/>
      <line num="312" count="3" type="cond" truecount="0" falsecount="1"/>
      <line num="313" count="3" type="stmt"/>
      <line num="314" count="3" type="stmt"/>
      <line num="315" count="3" type="stmt"/>
      <line num="316" count="3" type="stmt"/>
      <line num="317" count="18" type="stmt"/>
      <line num="318" count="18" type="stmt"/>
      <line num="319" count="1" type="cond" truecount="1" falsecount="0"/>
      <line num="320" count="350" type="stmt"/>
      <line num="321" count="350" type="cond" truecount="1" falsecount="0"/>
      <line num="322" count="1989" type="stmt"/>
      <line num="323" count="1989" type="cond" truecount="1" falsecount="0"/>
      <line num="324" count="1989" type="cond" truecount="1" falsecount="0"/>
      <line num="325" count="1989" type="cond" truecount="1" falsecount="0"/>
      <line num="326" count="1989" type="cond" truecount="1" falsecount="0"/>
      <line num="327" count="1033" type="stmt"/>
      <line num="328" count="1989" type="cond" truecount="1" falsecount="0"/>
      <line num="329" count="956" type="stmt"/>
      <line num="330" count="956" type="stmt"/>
      <line num="331" count="1989" type="stmt"/>
      <line num="332" count="1989" type="stmt"/>
      <line num="333" count="350" type="stmt"/>
      <line num="334" count="350" type="stmt"/>
      <line num="335" count="350" type="cond" truecount="1" falsecount="0"/>
      <line num="336" count="13" type="stmt"/>
      <line num="337" count="350" type="cond" truecount="1" falsecount="0"/>
      <line num="338" count="6" type="cond" truecount="1" falsecount="0"/>
      <line num="339" count="5" type="stmt"/>
      <line num="340" count="350" type="cond" truecount="0" falsecount="1"/>
      <line num="341" count="0" type="stmt"/>
      <line num="342" count="0" type="stmt"/>
      <line num="343" count="0" type="stmt"/>
      <line num="344" count="350" type="cond" truecount="1" falsecount="0"/>
      <line num="345" count="43" type="stmt"/>
      <line num="346" count="43" type="stmt"/>
      <line num="347" count="350" type="cond" truecount="1" falsecount="0"/>
      <line num="348" count="15" type="cond" truecount="1" falsecount="0"/>
      <line num="349" count="13" type="stmt"/>
      <line num="350" count="350" type="cond" truecount="1" falsecount="0"/>
      <line num="351" count="102" type="cond" truecount="1" falsecount="0"/>
      <line num="352" count="100" type="stmt"/>
      <line num="353" count="350" type="cond" truecount="1" falsecount="0"/>
      <line num="354" count="11" type="cond" truecount="1" falsecount="0"/>
      <line num="355" count="11" type="cond" truecount="1" falsecount="0"/>
      <line num="356" count="23" type="stmt"/>
      <line num="357" count="23" type="stmt"/>
      <line num="358" count="23" type="cond" truecount="1" falsecount="0"/>
      <line num="359" count="15" type="stmt"/>
      <line num="360" count="15" type="cond" truecount="1" falsecount="0"/>
      <line num="361" count="2" type="stmt"/>
      <line num="362" count="2" type="stmt"/>
      <line num="363" count="15" type="cond" truecount="1" falsecount="0"/>
      <line num="364" count="13" type="stmt"/>
      <line num="365" count="13" type="stmt"/>
      <line num="366" count="13" type="stmt"/>
      <line num="367" count="13" type="stmt"/>
      <line num="368" count="13" type="stmt"/>
      <line num="369" count="23" type="stmt"/>
      <line num="370" count="11" type="stmt"/>
      <line num="371" count="11" type="stmt"/>
      <line num="372" count="350" type="cond" truecount="1" falsecount="0"/>
      <line num="373" count="2" type="cond" truecount="1" falsecount="0"/>
      <line num="374" count="1" type="stmt"/>
      <line num="375" count="1" type="stmt"/>
      <line num="376" count="1" type="stmt"/>
      <line num="377" count="1" type="stmt"/>
      <line num="378" count="1" type="stmt"/>
      <line num="379" count="1" type="stmt"/>
      <line num="380" count="350" type="cond" truecount="1" falsecount="0"/>
      <line num="381" count="1" type="stmt"/>
      <line num="382" count="350" type="cond" truecount="1" falsecount="0"/>
      <line num="383" count="1" type="stmt"/>
      <line num="384" count="1" type="cond" truecount="0" falsecount="1"/>
      <line num="385" count="0" type="stmt"/>
      <line num="386" count="1" type="stmt"/>
      <line num="387" count="1" type="stmt"/>
      <line num="388" count="1" type="stmt"/>
      <line num="389" count="1" type="stmt"/>
      <line num="390" count="1" type="stmt"/>
      <line num="391" count="350" type="cond" truecount="1" falsecount="0"/>
      <line num="392" count="5" type="stmt"/>
      <line num="393" count="5" type="stmt"/>
      <line num="394" count="5" type="cond" truecount="1" falsecount="0"/>
      <line num="395" count="3" type="cond" truecount="0" falsecount="1"/>
      <line num="396" count="3" type="stmt"/>
      <line num="397" count="3" type="stmt"/>
      <line num="398" count="3" type="stmt"/>
      <line num="399" count="5" type="cond" truecount="1" falsecount="0"/>
      <line num="400" count="2" type="stmt"/>
      <line num="401" count="2" type="stmt"/>
      <line num="402" count="5" type="stmt"/>
      <line num="403" count="5" type="stmt"/>
      <line num="404" count="350" type="cond" truecount="1" falsecount="0"/>
      <line num="405" count="2" type="cond" truecount="1" falsecount="0"/>
      <line num="406" count="2" type="stmt"/>
      <line num="407" count="2" type="stmt"/>
      <line num="408" count="350" type="cond" truecount="1" falsecount="0"/>
      <line num="409" count="4" type="stmt"/>
      <line num="410" count="4" type="stmt"/>
      <line num="411" count="4" type="stmt"/>
      <line num="412" count="350" type="cond" truecount="1" falsecount="0"/>
      <line num="413" count="8" type="stmt"/>
      <line num="414" count="8" type="stmt"/>
      <line num="415" count="350" type="cond" truecount="1" falsecount="0"/>
      <line num="416" count="22" type="cond" truecount="1" falsecount="0"/>
      <line num="417" count="17" type="stmt"/>
      <line num="418" count="350" type="cond" truecount="1" falsecount="0"/>
      <line num="419" count="2" type="stmt"/>
      <line num="420" count="2" type="stmt"/>
      <line num="421" count="350" type="cond" truecount="1" falsecount="0"/>
      <line num="422" count="1" type="stmt"/>
      <line num="423" count="1" type="stmt"/>
      <line num="424" count="1" type="stmt"/>
      <line num="425" count="1" type="stmt"/>
      <line num="426" count="350" type="cond" truecount="1" falsecount="0"/>
      <line num="427" count="2" type="stmt"/>
      <line num="428" count="2" type="stmt"/>
      <line num="429" count="2" type="stmt"/>
      <line num="430" count="2" type="cond" truecount="1" falsecount="1"/>
      <line num="431" count="0" type="stmt"/>
      <line num="432" count="0" type="stmt"/>
      <line num="433" count="2" type="cond" truecount="1" falsecount="0"/>
      <line num="434" count="1" type="stmt"/>
      <line num="435" count="1" type="stmt"/>
      <line num="437" count="1" type="stmt"/>
      <line num="438" count="1" type="stmt"/>
      <line num="439" count="1" type="stmt"/>
      <line num="440" count="2" type="stmt"/>
      <line num="441" count="2" type="stmt"/>
      <line num="442" count="350" type="cond" truecount="1" falsecount="0"/>
      <line num="443" count="6" type="stmt"/>
      <line num="444" count="6" type="stmt"/>
      <line num="445" count="6" type="stmt"/>
      <line num="446" count="6" type="stmt"/>
      <line num="447" count="6" type="stmt"/>
      <line num="448" count="6" type="cond" truecount="0" falsecount="1"/>
      <line num="450" count="6" type="cond" truecount="1" falsecount="0"/>
      <line num="451" count="1" type="stmt"/>
      <line num="452" count="1" type="cond" truecount="0" falsecount="1"/>
      <line num="453" count="1" type="stmt"/>
      <line num="454" count="6" type="cond" truecount="1" falsecount="0"/>
      <line num="455" count="5" type="cond" truecount="1" falsecount="0"/>
      <line num="456" count="5" type="cond" truecount="1" falsecount="0"/>
      <line num="457" count="10" type="stmt"/>
      <line num="458" count="10" type="stmt"/>
      <line num="459" count="5" type="stmt"/>
      <line num="460" count="5" type="stmt"/>
      <line num="461" count="6" type="stmt"/>
      <line num="462" count="6" type="stmt"/>
      <line num="463" count="350" type="stmt"/>
      <line num="464" count="350" type="cond" truecount="1" falsecount="0"/>
      <line num="465" count="2" type="stmt"/>
      <line num="466" count="2" type="stmt"/>
      <line num="467" count="2" type="cond" truecount="1" falsecount="0"/>
      <line num="468" count="1" type="cond" truecount="0" falsecount="1"/>
      <line num="469" count="1" type="stmt"/>
      <line num="470" count="1" type="stmt"/>
      <line num="471" count="1" type="stmt"/>
      <line num="472" count="2" type="cond" truecount="1" falsecount="0"/>
      <line num="473" count="2" type="stmt"/>
      <line num="474" count="2" type="stmt"/>
      <line num="475" count="350" type="cond" truecount="0" falsecount="1"/>
      <line num="476" count="0" type="stmt"/>
      <line num="477" count="0" type="stmt"/>
      <line num="478" count="0" type="stmt"/>
      <line num="479" count="0" type="stmt"/>
      <line num="480" count="0" type="stmt"/>
      <line num="481" count="0" type="stmt"/>
      <line num="482" count="0" type="stmt"/>
      <line num="483" count="0" type="stmt"/>
      <line num="484" count="0" type="stmt"/>
      <line num="485" count="350" type="stmt"/>
      <line num="486" count="350" type="cond" truecount="0" falsecount="1"/>
      <line num="487" count="0" type="stmt"/>
      <line num="488" count="0" type="stmt"/>
      <line num="489" count="0" type="stmt"/>
      <line num="490" count="0" type="stmt"/>
      <line num="491" count="0" type="stmt"/>
      <line num="492" count="350" type="cond" truecount="0" falsecount="1"/>
      <line num="493" count="0" type="stmt"/>
      <line num="494" count="0" type="stmt"/>
      <line num="495" count="0" type="stmt"/>
      <line num="496" count="0" type="stmt"/>
      <line num="497" count="0" type="stmt"/>
      <line num="498" count="0" type="stmt"/>
      <line num="499" count="350" type="cond" truecount="0" falsecount="1"/>
      <line num="500" count="0" type="stmt"/>
      <line num="501" count="0" type="stmt"/>
      <line num="502" count="0" type="stmt"/>
      <line num="503" count="0" type="stmt"/>
      <line num="504" count="0" type="stmt"/>
      <line num="505" count="0" type="stmt"/>
      <line num="506" count="0" type="stmt"/>
      <line num="507" count="350" type="stmt"/>
      <line num="508" count="350" type="cond" truecount="0" falsecount="1"/>
      <line num="509" count="0" type="stmt"/>
      <line num="510" count="0" type="stmt"/>
      <line num="511" count="0" type="stmt"/>
      <line num="512" count="0" type="stmt"/>
      <line num="513" count="350" type="cond" truecount="0" falsecount="1"/>
      <line num="514" count="0" type="stmt"/>
      <line num="515" count="0" type="stmt"/>
      <line num="516" count="0" type="stmt"/>
      <line num="517" count="0" type="stmt"/>
      <line num="518" count="350" type="cond" truecount="1" falsecount="0"/>
      <line num="519" count="20" type="stmt"/>
      <line num="520" count="20" type="stmt"/>
      <line num="521" count="20" type="stmt"/>
      <line num="522" count="20" type="stmt"/>
      <line num="523" count="350" type="cond" truecount="1" falsecount="0"/>
      <line num="524" count="19" type="stmt"/>
      <line num="525" count="19" type="stmt"/>
      <line num="526" count="19" type="stmt"/>
      <line num="527" count="19" type="stmt"/>
      <line num="528" count="19" type="stmt"/>
      <line num="529" count="350" type="cond" truecount="1" falsecount="0"/>
      <line num="530" count="1" type="stmt"/>
      <line num="531" count="1" type="stmt"/>
      <line num="532" count="1" type="stmt"/>
      <line num="533" count="1" type="stmt"/>
      <line num="534" count="1" type="stmt"/>
      <line num="535" count="350" type="cond" truecount="1" falsecount="0"/>
      <line num="536" count="19" type="stmt"/>
      <line num="537" count="19" type="stmt"/>
      <line num="538" count="19" type="stmt"/>
      <line num="539" count="19" type="stmt"/>
      <line num="540" count="19" type="stmt"/>
      <line num="541" count="19" type="stmt"/>
      <line num="542" count="19" type="stmt"/>
      <line num="543" count="19" type="stmt"/>
      <line num="544" count="19" type="stmt"/>
      <line num="546" count="19" type="stmt"/>
      <line num="547" count="19" type="stmt"/>
      <line num="548" count="19" type="stmt"/>
      <line num="549" count="350" type="cond" truecount="1" falsecount="0"/>
      <line num="550" count="1" type="stmt"/>
      <line num="551" count="1" type="stmt"/>
      <line num="552" count="350" type="cond" truecount="1" falsecount="0"/>
      <line num="553" count="7" type="stmt"/>
      <line num="554" count="7" type="stmt"/>
      <line num="555" count="350" type="cond" truecount="1" falsecount="0"/>
      <line num="556" count="8" type="stmt"/>
      <line num="558" count="8" type="stmt"/>
      <line num="559" count="8" type="stmt"/>
      <line num="560" count="8" type="stmt"/>
      <line num="561" count="8" type="cond" truecount="1" falsecount="0"/>
      <line num="562" count="8" type="stmt"/>
      <line num="563" count="8" type="stmt"/>
      <line num="564" count="8" type="stmt"/>
      <line num="565" count="8" type="stmt"/>
      <line num="566" count="8" type="stmt"/>
      <line num="567" count="350" type="cond" truecount="1" falsecount="0"/>
      <line num="568" count="1" type="stmt"/>
      <line num="569" count="1" type="stmt"/>
      <line num="571" count="1" type="stmt"/>
      <line num="572" count="1" type="stmt"/>
      <line num="573" count="1" type="cond" truecount="1" falsecount="0"/>
      <line num="574" count="4" type="stmt"/>
      <line num="575" count="4" type="cond" truecount="1" falsecount="0"/>
      <line num="576" count="2" type="stmt"/>
      <line num="577" count="2" type="stmt"/>
      <line num="578" count="4" type="cond" truecount="1" falsecount="0"/>
      <line num="579" count="2" type="stmt"/>
      <line num="580" count="4" type="stmt"/>
      <line num="581" count="4" type="stmt"/>
      <line num="583" count="1" type="stmt"/>
      <line num="584" count="1" type="stmt"/>
      <line num="585" count="1" type="stmt"/>
      <line num="586" count="1" type="stmt"/>
      <line num="587" count="1" type="stmt"/>
      <line num="588" count="1" type="stmt"/>
      <line num="589" count="1" type="stmt"/>
      <line num="591" count="1" type="stmt"/>
      <line num="592" count="1" type="stmt"/>
      <line num="593" count="1" type="stmt"/>
      <line num="594" count="350" type="cond" truecount="1" falsecount="0"/>
      <line num="595" count="25" type="cond" truecount="1" falsecount="0"/>
      <line num="596" count="24" type="stmt"/>
      <line num="597" count="24" type="stmt"/>
      <line num="598" count="350" type="stmt"/>
      <line num="599" count="350" type="stmt"/>
      <line num="600" count="1" type="cond" truecount="1" falsecount="0"/>
      <line num="601" count="32" type="cond" truecount="2" falsecount="0"/>
      <line num="602" count="32" type="cond" truecount="1" falsecount="0"/>
      <line num="603" count="16" type="cond" truecount="1" falsecount="0"/>
      <line num="604" count="14" type="cond" truecount="1" falsecount="0"/>
      <line num="605" count="27" type="stmt"/>
      <line num="606" count="27" type="stmt"/>
      <line num="607" count="1" type="cond" truecount="1" falsecount="0"/>
      <line num="608" count="7" type="stmt"/>
      <line num="609" count="7" type="stmt"/>
      <line num="611" count="7" type="cond" truecount="1" falsecount="0"/>
      <line num="612" count="5" type="stmt"/>
      <line num="613" count="5" type="cond" truecount="0" falsecount="1"/>
      <line num="614" count="5" type="cond" truecount="1" falsecount="0"/>
      <line num="615" count="3" type="stmt"/>
      <line num="616" count="3" type="cond" truecount="0" falsecount="1"/>
      <line num="617" count="3" type="stmt"/>
      <line num="618" count="5" type="cond" truecount="1" falsecount="0"/>
      <line num="619" count="2" type="cond" truecount="1" falsecount="0"/>
      <line num="620" count="2" type="cond" truecount="1" falsecount="0"/>
      <line num="621" count="4" type="stmt"/>
      <line num="622" count="4" type="cond" truecount="2" falsecount="0"/>
      <line num="623" count="3" type="stmt"/>
      <line num="624" count="4" type="cond" truecount="1" falsecount="0"/>
      <line num="626" count="3" type="stmt"/>
      <line num="627" count="2" type="stmt"/>
      <line num="628" count="2" type="stmt"/>
      <line num="629" count="5" type="stmt"/>
      <line num="630" count="5" type="cond" truecount="1" falsecount="0"/>
      <line num="631" count="7" type="cond" truecount="1" falsecount="1"/>
      <line num="632" count="0" type="stmt"/>
      <line num="633" count="0" type="stmt"/>
      <line num="634" count="0" type="stmt"/>
      <line num="635" count="0" type="stmt"/>
      <line num="636" count="0" type="stmt"/>
      <line num="637" count="0" type="stmt"/>
      <line num="638" count="0" type="stmt"/>
      <line num="639" count="0" type="stmt"/>
      <line num="640" count="0" type="stmt"/>
      <line num="641" count="0" type="stmt"/>
      <line num="642" count="0" type="stmt"/>
      <line num="643" count="0" type="cond" truecount="1" falsecount="0"/>
      <line num="644" count="2" type="cond" truecount="1" falsecount="0"/>
      <line num="645" count="2" type="cond" truecount="1" falsecount="0"/>
      <line num="646" count="130" type="stmt"/>
      <line num="647" count="130" type="stmt"/>
      <line num="648" count="130" type="cond" truecount="1" falsecount="0"/>
      <line num="649" count="416" type="stmt"/>
      <line num="650" count="416" type="cond" truecount="0" falsecount="1"/>
      <line num="651" count="416" type="stmt"/>
      <line num="652" count="416" type="cond" truecount="1" falsecount="0"/>
      <line num="654" count="416" type="stmt"/>
      <line num="655" count="130" type="stmt"/>
      <line num="656" count="2" type="stmt"/>
      <line num="657" count="2" type="stmt"/>
[...]
      <line num="691" count="0" type="stmt"/>
      <line num="692" count="0" type="cond" truecount="1" falsecount="0"/>
      <line num="693" count="24" type="stmt"/>
      <line num="694" count="24" type="stmt"/>
      <line num="695" count="25" type="cond" truecount="0" falsecount="1"/>
      <line num="696" count="0" type="stmt"/>
      <line num="697" count="0" type="cond" truecount="1" falsecount="0"/>
      <line num="699" count="24" type="stmt"/>
      <line num="700" count="24" type="stmt"/>
      <line num="701" count="25" type="cond" truecount="1" falsecount="0"/>
      <line num="702" count="70" type="stmt"/>
      <line num="703" count="70" type="stmt"/>
      <line num="704" count="70" type="stmt"/>
      <line num="705" count="70" type="cond" truecount="0" falsecount="1"/>
      <line num="706" count="70" type="stmt"/>
      <line num="707" count="70" type="cond" truecount="1" falsecount="0"/>
      <line num="709" count="24" type="stmt"/>
      <line num="710" count="24" type="stmt"/>
      <line num="711" count="24" type="stmt"/>
      <line num="712" count="24" type="cond" truecount="0" falsecount="1"/>
      <line num="713" count="0" type="stmt"/>
      <line num="714" count="0" type="stmt"/>
      <line num="715" count="0" type="stmt"/>
      <line num="716" count="24" type="stmt"/>
      <line num="717" count="24" type="stmt"/>
      <line num="718" count="24" type="stmt"/>
      <line num="719" count="1" type="cond" truecount="1" falsecount="0"/>
      <line num="720" count="102" type="cond" truecount="1" falsecount="0"/>
      <line num="721" count="2" type="stmt"/>
      <line num="722" count="2" type="stmt"/>
      <line num="723" count="2" type="cond" truecount="1" falsecount="0"/>
      <line num="725" count="100" type="stmt"/>
      <line num="726" count="102" type="cond" truecount="1" falsecount="0"/>
      <line num="727" count="470" type="stmt"/>
      <line num="728" count="470" type="stmt"/>
      <line num="729" count="470" type="cond" truecount="1" falsecount="0"/>
      <line num="730" count="208" type="stmt"/>
      <line num="731" count="208" type="stmt"/>
      <line num="732" count="208" type="cond" truecount="1" falsecount="0"/>
      <line num="734" count="470" type="cond" truecount="1" falsecount="0"/>
      <line num="735" count="10" type="stmt"/>
      <line num="736" count="10" type="stmt"/>
      <line num="737" count="10" type="cond" truecount="1" falsecount="0"/>
      <line num="739" count="250" type="stmt"/>
      <line num="741" count="470" type="cond" truecount="1" falsecount="0"/>
      <line num="742" count="110" type="stmt"/>
      <line num="743" count="470" type="cond" truecount="1" falsecount="0"/>
      <line num="744" count="140" type="stmt"/>
      <line num="745" count="140" type="stmt"/>
      <line num="746" count="470" type="stmt"/>
      <line num="747" count="102" type="stmt"/>
      <line num="748" count="1" type="stmt"/>
    </file>
    <file name="tree.ts" path="/Users/modernserf/src/templeos-2025/src/tree.ts">
      <metrics statements="142" coveredstatements="138" conditionals="49" coveredconditionals="46" methods="12" coveredmethods="11"/>
      <line num="1" count="1" type="stmt"/>
      <line num="8" count="1" type="stmt"/>
      <line num="9" count="1" type="cond" truecount="1" falsecount="0"/>
      <line num="10" count="4530" type="cond" truecount="2" falsecount="0"/>
      <line num="11" count="4530" type="cond" truecount="2" falsecount="0"/>
      <line num="12" count="1021" type="stmt"/>
      <line num="13" count="1021" type="stmt"/>
      <line num="14" count="1" type="stmt"/>
      <line num="21" count="1" type="stmt"/>
      <line num="22" count="1" type="stmt"/>
      <line num="23" count="1" type="stmt"/>
      <line num="24" count="1" type="stmt"/>
      <line num="33" count="1" type="stmt"/>
      <line num="34" count="1" type="stmt"/>
      <line num="35" count="1" type="stmt"/>
      <line num="36" count="1" type="cond" truecount="1" falsecount="0"/>
      <line num="37" count="1" type="cond" truecount="1" falsecount="0"/>
      <line num="38" count="8" type="stmt"/>
      <line num="39" count="8" type="stmt"/>
      <line num="40" count="1" type="cond" truecount="1" falsecount="0"/>
      <line num="41" count="7" type="stmt"/>
      <line num="42" count="7" type="cond" truecount="1" falsecount="0"/>
      <line num="43" count="7" type="stmt"/>
      <line num="44" count="7" type="stmt"/>
      <line num="45" count="7" type="cond" truecount="0" falsecount="1"/>
      <line num="46" count="7" type="stmt"/>
      <line num="47" count="1" type="cond" truecount="1" falsecount="0"/>
      <line num="48" count="11" type="cond" truecount="1" falsecount="0"/>
      <line num="49" count="4" type="stmt"/>
      <line num="50" count="1" type="cond" truecount="1" falsecount="0"/>
      <line num="51" count="56" type="stmt"/>
      <line num="52" count="56" type="stmt"/>
      <line num="53" count="56" type="stmt"/>
      <line num="54" count="56" type="cond" truecount="3" falsecount="0"/>
      <line num="55" count="37" type="stmt"/>
      <line num="56" count="56" type="cond" truecount="1" falsecount="0"/>
      <line num="57" count="11" type="cond" truecount="1" falsecount="0"/>
      <line num="58" count="4" type="stmt"/>
      <line num="59" count="56" type="cond" truecount="1" falsecount="0"/>
      <line num="60" count="15" type="cond" truecount="1" falsecount="0"/>
      <line num="61" count="12" type="stmt"/>
      <line num="62" count="12" type="cond" truecount="1" falsecount="0"/>
      <line num="63" count="5" type="stmt"/>
      <line num="64" count="15" type="cond" truecount="2" falsecount="0"/>
      <line num="65" count="3" type="stmt"/>
      <line num="66" count="3" type="stmt"/>
      <line num="67" count="3" type="stmt"/>
      <line num="68" count="3" type="stmt"/>
      <line num="69" count="8" type="stmt"/>
      <line num="70" count="56" type="cond" truecount="2" falsecount="0"/>
      <line num="71" count="11" type="cond" truecount="1" falsecount="0"/>
      <line num="72" count="8" type="stmt"/>
      <line num="73" count="8" type="stmt"/>
      <line num="74" count="1" type="cond" truecount="1" falsecount="0"/>
      <line num="75" count="24" type="stmt"/>
      <line num="76" count="24" type="stmt"/>
      <line num="77" count="24" type="cond" truecount="1" falsecount="0"/>
      <line num="78" count="23" type="stmt"/>
      <line num="79" count="23" type="stmt"/>
      <line num="80" count="24" type="stmt"/>
      <line num="81" count="24" type="stmt"/>
      <line num="82" count="1" type="cond" truecount="1" falsecount="0"/>
      <line num="83" count="61" type="stmt"/>
      <line num="84" count="61" type="stmt"/>
      <line num="85" count="61" type="stmt"/>
      <line num="86" count="61" type="stmt"/>
      <line num="87" count="61" type="cond" truecount="1" falsecount="0"/>
      <line num="88" count="23" type="stmt"/>
      <line num="89" count="23" type="cond" truecount="2" falsecount="0"/>
      <line num="90" count="38" type="stmt"/>
      <line num="91" count="57" type="cond" truecount="1" falsecount="0"/>
      <line num="92" count="27" type="stmt"/>
      <line num="93" count="27" type="stmt"/>
      <line num="94" count="27" type="stmt"/>
      <line num="95" count="27" type="stmt"/>
      <line num="96" count="27" type="stmt"/>
      <line num="97" count="61" type="cond" truecount="1" falsecount="0"/>
      <line num="98" count="1" type="stmt"/>
      <line num="99" count="1" type="stmt"/>
      <line num="100" count="1" type="stmt"/>
      <line num="101" count="1" type="stmt"/>
      <line num="102" count="61" type="cond" truecount="1" falsecount="0"/>
      <line num="103" count="10" type="stmt"/>
      <line num="104" count="10" type="stmt"/>
      <line num="105" count="10" type="stmt"/>
      <line num="106" count="10" type="stmt"/>
      <line num="107" count="10" type="stmt"/>
      <line num="108" count="61" type="stmt"/>
      <line num="109" count="61" type="stmt"/>
      <line num="110" count="1" type="cond" truecount="1" falsecount="0"/>
      <line num="111" count="8" type="stmt"/>
      <line num="112" count="8" type="stmt"/>
      <line num="113" count="8" type="cond" truecount="1" falsecount="0"/>
      <line num="114" count="6" type="stmt"/>
      <line num="115" count="6" type="stmt"/>
      <line num="116" count="8" type="stmt"/>
      <line num="117" count="8" type="stmt"/>
      <line num="118" count="1" type="cond" truecount="1" falsecount="0"/>
      <line num="119" count="14" type="stmt"/>
      <line num="120" count="14" type="stmt"/>
      <line num="121" count="14" type="stmt"/>
      <line num="122" count="14" type="cond" truecount="2" falsecount="0"/>
      <line num="123" count="13" type="stmt"/>
      <line num="124" count="14" type="cond" truecount="1" falsecount="0"/>
      <line num="125" count="3" type="stmt"/>
      <line num="126" count="3" type="stmt"/>
      <line num="127" count="3" type="stmt"/>
      <line num="128" count="3" type="stmt"/>
      <line num="129" count="3" type="stmt"/>
      <line num="130" count="14" type="cond" truecount="1" falsecount="0"/>
      <line num="131" count="7" type="cond" truecount="2" falsecount="0"/>
      <line num="132" count="1" type="stmt"/>
      <line num="133" count="1" type="stmt"/>
      <line num="134" count="1" type="stmt"/>
      <line num="135" count="1" type="cond" truecount="0" falsecount="1"/>
      <line num="136" count="0" type="stmt"/>
      <line num="137" count="0" type="stmt"/>
      <line num="138" count="1" type="stmt"/>
      <line num="139" count="1" type="stmt"/>
      <line num="141" count="1" type="stmt"/>
      <line num="142" count="1" type="stmt"/>
      <line num="143" count="1" type="cond" truecount="0" falsecount="1"/>
      <line num="144" count="0" type="stmt"/>
      <line num="145" count="0" type="stmt"/>
      <line num="147" count="1" type="stmt"/>
      <line num="148" count="1" type="stmt"/>
      <line num="149" count="1" type="stmt"/>
      <line num="150" count="1" type="stmt"/>
      <line num="151" count="7" type="cond" truecount="2" falsecount="0"/>
      <line num="152" count="3" type="stmt"/>
      <line num="153" count="3" type="stmt"/>
      <line num="154" count="3" type="stmt"/>
      <line num="155" count="3" type="stmt"/>
      <line num="156" count="14" type="cond" truecount="1" falsecount="0"/>
      <line num="157" count="3" type="stmt"/>
      <line num="158" count="3" type="stmt"/>
      <line num="159" count="3" type="stmt"/>
      <line num="160" count="3" type="stmt"/>
      <line num="161" count="3" type="stmt"/>
      <line num="162" count="14" type="stmt"/>
      <line num="163" count="14" type="stmt"/>
      <line num="164" count="1" type="stmt"/>
    </file>
    <file name="util.ts" path="/Users/modernserf/src/templeos-2025/src/util.ts">
      <metrics statements="20" coveredstatements="20" conditionals="20" coveredconditionals="20" methods="1" coveredmethods="1"/>
      <line num="1" count="1" type="cond" truecount="1" falsecount="0"/>
      <line num="2" count="21" type="cond" truecount="2" falsecount="0"/>
      <line num="3" count="21" type="cond" truecount="2" falsecount="0"/>
      <line num="4" count="3" type="cond" truecount="2" falsecount="0"/>
      <line num="5" count="3" type="cond" truecount="1" falsecount="0"/>
      <line num="6" count="6" type="cond" truecount="1" falsecount="0"/>
      <line num="7" count="6" type="cond" truecount="1" falsecount="0"/>
      <line num="8" count="1" type="stmt"/>
      <line num="9" count="1" type="cond" truecount="1" falsecount="0"/>
      <line num="10" count="21" type="cond" truecount="3" falsecount="0"/>
      <line num="11" count="3" type="stmt"/>
      <line num="12" count="3" type="cond" truecount="2" falsecount="0"/>
      <line num="13" count="3" type="cond" truecount="1" falsecount="0"/>
      <line num="14" count="4" type="stmt"/>
      <line num="15" count="4" type="cond" truecount="1" falsecount="0"/>
      <line num="16" count="4" type="cond" truecount="1" falsecount="0"/>
      <line num="17" count="1" type="stmt"/>
      <line num="18" count="1" type="cond" truecount="1" falsecount="0"/>
      <line num="19" count="4" type="stmt"/>
      <line num="20" count="4" type="stmt"/>
    </file>
    <file name="view_primitive.tsx" path="/Users/modernserf/src/templeos-2025/src/view_primitive.tsx">
      <metrics statements="161" coveredstatements="0" conditionals="1" coveredconditionals="0" methods="1" coveredmethods="0"/>
      <line num="1" count="0" type="cond" truecount="0" falsecount="1"/>
      <line num="15" count="0" type="stmt"/>
      <line num="16" count="0" type="stmt"/>
      <line num="17" count="0" type="stmt"/>
      <line num="18" count="0" type="stmt"/>
      <line num="21" count="0" type="stmt"/>
      <line num="22" count="0" type="stmt"/>
      <line num="23" count="0" type="stmt"/>
      <line num="25" count="0" type="stmt"/>
      <line num="27" count="0" type="stmt"/>
      <line num="28" count="0" type="stmt"/>
      <line num="29" count="0" type="stmt"/>
      <line num="30" count="0" type="stmt"/>
      <line num="31" count="0" type="stmt"/>
      <line num="32" count="0" type="stmt"/>
      <line num="33" count="0" type="stmt"/>
      <line num="34" count="0" type="stmt"/>
      <line num="36" count="0" type="stmt"/>
      <line num="39" count="0" type="stmt"/>
      <line num="41" count="0" type="stmt"/>
      <line num="42" count="0" type="stmt"/>
      <line num="43" count="0" type="stmt"/>
      <line num="44" count="0" type="stmt"/>
      <line num="45" count="0" type="stmt"/>
      <line num="46" count="0" type="stmt"/>
      <line num="47" count="0" type="stmt"/>
      <line num="48" count="0" type="stmt"/>
      <line num="49" count="0" type="stmt"/>
      <line num="50" count="0" type="stmt"/>
      <line num="51" count="0" type="stmt"/>
      <line num="54" count="0" type="stmt"/>
      <line num="56" count="0" type="stmt"/>
      <line num="57" count="0" type="stmt"/>
      <line num="59" count="0" type="stmt"/>
      <line num="60" count="0" type="stmt"/>
      <line num="61" count="0" type="stmt"/>
      <line num="62" count="0" type="stmt"/>
      <line num="63" count="0" type="stmt"/>
      <line num="64" count="0" type="stmt"/>
      <line num="65" count="0" type="stmt"/>
      <line num="66" count="0" type="stmt"/>
      <line num="67" count="0" type="stmt"/>
      <line num="68" count="0" type="stmt"/>
      <line num="69" count="0" type="stmt"/>
      <line num="70" count="0" type="stmt"/>
      <line num="72" count="0" type="stmt"/>
      <line num="75" count="0" type="stmt"/>
      <line num="77" count="0" type="stmt"/>
      <line num="78" count="0" type="stmt"/>
      <line num="79" count="0" type="stmt"/>
      <line num="80" count="0" type="stmt"/>
      <line num="81" count="0" type="stmt"/>
      <line num="82" count="0" type="stmt"/>
      <line num="83" count="0" type="stmt"/>
      <line num="84" count="0" type="stmt"/>
      <line num="85" count="0" type="stmt"/>
      <line num="86" count="0" type="stmt"/>
      <line num="87" count="0" type="stmt"/>
      <line num="88" count="0" type="stmt"/>
      <line num="89" count="0" type="stmt"/>
      <line num="90" count="0" type="stmt"/>
      <line num="91" count="0" type="stmt"/>
      <line num="92" count="0" type="stmt"/>
      <line num="93" count="0" type="stmt"/>
      <line num="94" count="0" type="stmt"/>
      <line num="97" count="0" type="stmt"/>
      <line num="98" count="0" type="stmt"/>
      <line num="100" count="0" type="stmt"/>
      <line num="103" count="0" type="stmt"/>
      <line num="105" count="0" type="stmt"/>
      <line num="106" count="0" type="stmt"/>
      <line num="109" count="0" type="stmt"/>
      <line num="110" count="0" type="stmt"/>
      <line num="111" count="0" type="stmt"/>
      <line num="112" count="0" type="stmt"/>
      <line num="113" count="0" type="stmt"/>
      <line num="114" count="0" type="stmt"/>
      <line num="115" count="0" type="stmt"/>
      <line num="116" count="0" type="stmt"/>
      <line num="117" count="0" type="stmt"/>
      <line num="118" count="0" type="stmt"/>
      <line num="119" count="0" type="stmt"/>
      <line num="120" count="0" type="stmt"/>
      <line num="124" count="0" type="stmt"/>
      <line num="125" count="0" type="stmt"/>
      <line num="129" count="0" type="stmt"/>
      <line num="130" count="0" type="stmt"/>
      <line num="131" count="0" type="stmt"/>
      <line num="132" count="0" type="stmt"/>
      <line num="133" count="0" type="stmt"/>
      <line num="134" count="0" type="stmt"/>
      <line num="135" count="0" type="stmt"/>
      <line num="136" count="0" type="stmt"/>
      <line num="137" count="0" type="stmt"/>
      <line num="138" count="0" type="stmt"/>
      <line num="139" count="0" type="stmt"/>
      <line num="140" count="0" type="stmt"/>
      <line num="141" count="0" type="stmt"/>
      <line num="142" count="0" type="stmt"/>
      <line num="143" count="0" type="stmt"/>
      <line num="144" count="0" type="stmt"/>
      <line num="145" count="0" type="stmt"/>
      <line num="146" count="0" type="stmt"/>
      <line num="147" count="0" type="stmt"/>
      <line num="148" count="0" type="stmt"/>
      <line num="149" count="0" type="stmt"/>
      <line num="150" count="0" type="stmt"/>
      <line num="151" count="0" type="stmt"/>
      <line num="152" count="0" type="stmt"/>
      <line num="153" count="0" type="stmt"/>
      <line num="155" count="0" type="stmt"/>
      <line num="156" count="0" type="stmt"/>
      <line num="157" count="0" type="stmt"/>
      <line num="158" count="0" type="stmt"/>
      <line num="159" count="0" type="stmt"/>
      <line num="160" count="0" type="stmt"/>
      <line num="161" count="0" type="stmt"/>
      <line num="163" count="0" type="stmt"/>
      <line num="165" count="0" type="stmt"/>
      <line num="167" count="0" type="stmt"/>
      <line num="170" count="0" type="stmt"/>
      <line num="172" count="0" type="stmt"/>
      <line num="173" count="0" type="stmt"/>
      <line num="174" count="0" type="stmt"/>
      <line num="175" count="0" type="stmt"/>
      <line num="176" count="0" type="stmt"/>
      <line num="177" count="0" type="stmt"/>
      <line num="178" count="0" type="stmt"/>
      <line num="179" count="0" type="stmt"/>
      <line num="180" count="0" type="stmt"/>
      <line num="181" count="0" type="stmt"/>
      <line num="182" count="0" type="stmt"/>
      <line num="183" count="0" type="stmt"/>
      <line num="184" count="0" type="stmt"/>
      <line num="185" count="0" type="stmt"/>
      <line num="187" count="0" type="stmt"/>
      <line num="188" count="0" type="stmt"/>
      <line num="189" count="0" type="stmt"/>
      <line num="190" count="0" type="stmt"/>
      <line num="191" count="0" type="stmt"/>
      <line num="194" count="0" type="stmt"/>
      <line num="196" count="0" type="stmt"/>
      <line num="197" count="0" type="stmt"/>
      <line num="198" count="0" type="stmt"/>
      <line num="199" count="0" type="stmt"/>
      <line num="200" count="0" type="stmt"/>
      <line num="206" count="0" type="stmt"/>
      <line num="207" count="0" type="stmt"/>
      <line num="208" count="0" type="stmt"/>
      <line num="209" count="0" type="stmt"/>
      <line num="210" count="0" type="stmt"/>
      <line num="211" count="0" type="stmt"/>
      <line num="215" count="0" type="stmt"/>
      <line num="217" count="0" type="stmt"/>
      <line num="218" count="0" type="stmt"/>
      <line num="219" count="0" type="stmt"/>
      <line num="220" count="0" type="stmt"/>
      <line num="221" count="0" type="stmt"/>
      <line num="222" count="0" type="stmt"/>
      <line num="226" count="0" type="stmt"/>
      <line num="284" count="0" type="stmt"/>
    </file>
  </project>
</coverage>
