<?xml version="1.0" encoding="UTF-8"?>
<coverage generated="1738543339576" clover="3.2.0">
  <project timestamp="1738543339576" name="All files">
    <metrics statements="2665" coveredstatements="2239" conditionals="489" coveredconditionals="419" methods="118" coveredmethods="100" elements="3272" coveredelements="2758" complexity="0" loc="2665" ncloc="2665" packages="1" files="17" classes="17"/>
    <file name="App.tsx" path="/Users/modernserf/src/templeos-2025/src/App.tsx">
      <metrics statements="9" coveredstatements="0" conditionals="1" coveredconditionals="0" methods="1" coveredmethods="0"/>
      <line num="1" count="0" type="cond" truecount="0" falsecount="1"/>
      <line num="7" count="0" type="stmt"/>
      <line num="8" count="0" type="stmt"/>
      <line num="9" count="0" type="stmt"/>
      <line num="10" count="0" type="stmt"/>
      <line num="11" count="0" type="stmt"/>
      <line num="12" count="0" type="stmt"/>
      <line num="13" count="0" type="stmt"/>
      <line num="18" count="0" type="stmt"/>
    </file>
    <file name="data.ts" path="/Users/modernserf/src/templeos-2025/src/data.ts">
      <metrics statements="64" coveredstatements="64" conditionals="0" coveredconditionals="0" methods="0" coveredmethods="0"/>
      <line num="1" count="1" type="stmt"/>
      <line num="52" count="1" type="stmt"/>
      <line num="53" count="1" type="stmt"/>
      <line num="54" count="1" type="stmt"/>
      <line num="55" count="1" type="stmt"/>
      <line num="56" count="1" type="stmt"/>
      <line num="57" count="1" type="stmt"/>
      <line num="58" count="1" type="stmt"/>
      <line num="59" count="1" type="stmt"/>
      <line num="60" count="1" type="stmt"/>
      <line num="61" count="1" type="stmt"/>
      <line num="63" count="1" type="stmt"/>
      <line num="64" count="1" type="stmt"/>
      <line num="65" count="1" type="stmt"/>
      <line num="66" count="1" type="stmt"/>
      <line num="67" count="1" type="stmt"/>
      <line num="68" count="1" type="stmt"/>
      <line num="69" count="1" type="stmt"/>
      <line num="70" count="1" type="stmt"/>
      <line num="71" count="1" type="stmt"/>
      <line num="72" count="1" type="stmt"/>
      <line num="73" count="1" type="stmt"/>
      <line num="75" count="1" type="stmt"/>
      <line num="76" count="1" type="stmt"/>
      <line num="77" count="1" type="stmt"/>
      <line num="78" count="1" type="stmt"/>
      <line num="79" count="1" type="stmt"/>
      <line num="80" count="1" type="stmt"/>
      <line num="83" count="1" type="stmt"/>
      <line num="85" count="1" type="stmt"/>
      <line num="86" count="1" type="stmt"/>
      <line num="87" count="1" type="stmt"/>
      <line num="88" count="1" type="stmt"/>
      <line num="89" count="1" type="stmt"/>
      <line num="90" count="1" type="stmt"/>
      <line num="91" count="1" type="stmt"/>
      <line num="92" count="1" type="stmt"/>
      <line num="94" count="1" type="stmt"/>
      <line num="95" count="1" type="stmt"/>
      <line num="96" count="1" type="stmt"/>
      <line num="97" count="1" type="stmt"/>
      <line num="98" count="1" type="stmt"/>
      <line num="99" count="1" type="stmt"/>
      <line num="100" count="1" type="stmt"/>
      <line num="101" count="1" type="stmt"/>
      <line num="103" count="1" type="stmt"/>
      <line num="104" count="1" type="stmt"/>
      <line num="106" count="1" type="stmt"/>
      <line num="107" count="1" type="stmt"/>
      <line num="108" count="1" type="stmt"/>
      <line num="109" count="1" type="stmt"/>
      <line num="110" count="1" type="stmt"/>
      <line num="111" count="1" type="stmt"/>
      <line num="112" count="1" type="stmt"/>
      <line num="113" count="1" type="stmt"/>
      <line num="114" count="1" type="stmt"/>
      <line num="115" count="1" type="stmt"/>
      <line num="116" count="1" type="stmt"/>
      <line num="117" count="1" type="stmt"/>
      <line num="118" count="1" type="stmt"/>
      <line num="119" count="1" type="stmt"/>
      <line num="120" count="1" type="stmt"/>
      <line num="121" count="1" type="stmt"/>
      <line num="122" count="1" type="stmt"/>
    </file>
    <file name="db.ts" path="/Users/modernserf/src/templeos-2025/src/db.ts">
      <metrics statements="149" coveredstatements="125" conditionals="43" coveredconditionals="36" methods="20" coveredmethods="18"/>
      <line num="1" count="1" type="stmt"/>
      <line num="17" count="1" type="stmt"/>
      <line num="18" count="1" type="cond" truecount="1" falsecount="0"/>
      <line num="19" count="7" type="stmt"/>
      <line num="20" count="7" type="cond" truecount="1" falsecount="0"/>
      <line num="22" count="7" type="stmt"/>
      <line num="23" count="1" type="stmt"/>
      <line num="25" count="1" type="cond" truecount="1" falsecount="0"/>
      <line num="26" count="3" type="stmt"/>
      <line num="27" count="3" type="cond" truecount="1" falsecount="0"/>
      <line num="28" count="8" type="stmt"/>
      <line num="29" count="8" type="stmt"/>
      <line num="30" count="3" type="stmt"/>
      <line num="31" count="3" type="stmt"/>
      <line num="32" count="3" type="stmt"/>
      <line num="34" count="1" type="stmt"/>
      <line num="35" count="1" type="stmt"/>
      <line num="36" count="1" type="stmt"/>
      <line num="37" count="1" type="stmt"/>
      <line num="38" count="0" type="stmt"/>
      <line num="39" count="0" type="stmt"/>
      <line num="40" count="1" type="cond" truecount="1" falsecount="0"/>
      <line num="41" count="599" type="cond" truecount="1" falsecount="0"/>
      <line num="42" count="599" type="stmt"/>
      <line num="43" count="1" type="cond" truecount="1" falsecount="0"/>
      <line num="44" count="1" type="stmt"/>
      <line num="45" count="1" type="stmt"/>
      <line num="46" count="1" type="cond" truecount="1" falsecount="0"/>
      <line num="47" count="4" type="stmt"/>
      <line num="48" count="4" type="stmt"/>
      <line num="49" count="1" type="cond" truecount="1" falsecount="0"/>
      <line num="50" count="50" type="cond" truecount="1" falsecount="0"/>
      <line num="51" count="5650" type="stmt"/>
      <line num="52" count="5650" type="stmt"/>
      <line num="53" count="50" type="stmt"/>
      <line num="54" count="1" type="cond" truecount="1" falsecount="0"/>
      <line num="55" count="5662" type="stmt"/>
      <line num="56" count="5662" type="cond" truecount="1" falsecount="0"/>
      <line num="57" count="1" type="stmt"/>
      <line num="58" count="1" type="stmt"/>
      <line num="59" count="1" type="stmt"/>
      <line num="60" count="1" type="stmt"/>
      <line num="61" count="5662" type="cond" truecount="0" falsecount="1"/>
      <line num="62" count="0" type="stmt"/>
      <line num="63" count="0" type="stmt"/>
      <line num="64" count="0" type="stmt"/>
      <line num="65" count="5662" type="stmt"/>
      <line num="66" count="5662" type="cond" truecount="1" falsecount="0"/>
      <line num="67" count="16519" type="stmt"/>
      <line num="68" count="16519" type="stmt"/>
      <line num="69" count="5662" type="cond" truecount="2" falsecount="0"/>
      <line num="70" count="1" type="stmt"/>
      <line num="71" count="1" type="stmt"/>
      <line num="72" count="5662" type="stmt"/>
      <line num="73" count="1" type="cond" truecount="1" falsecount="0"/>
      <line num="74" count="27" type="stmt"/>
      <line num="75" count="27" type="cond" truecount="1" falsecount="0"/>
      <line num="76" count="14" type="stmt"/>
      <line num="77" count="14" type="stmt"/>
      <line num="78" count="14" type="stmt"/>
      <line num="79" count="27" type="stmt"/>
      <line num="80" count="27" type="stmt"/>
      <line num="81" count="27" type="cond" truecount="1" falsecount="0"/>
      <line num="82" count="27" type="cond" truecount="1" falsecount="0"/>
      <line num="83" count="27" type="stmt"/>
      <line num="84" count="1" type="cond" truecount="1" falsecount="0"/>
      <line num="85" count="1" type="stmt"/>
      <line num="86" count="1" type="stmt"/>
      <line num="87" count="1" type="cond" truecount="0" falsecount="1"/>
      <line num="88" count="0" type="stmt"/>
      <line num="89" count="0" type="stmt"/>
      <line num="90" count="1" type="stmt"/>
      <line num="91" count="1" type="stmt"/>
      <line num="92" count="1" type="cond" truecount="1" falsecount="0"/>
      <line num="93" count="16545" type="stmt"/>
      <line num="94" count="16545" type="cond" truecount="2" falsecount="0"/>
      <line num="95" count="4" type="stmt"/>
      <line num="96" count="4" type="stmt"/>
      <line num="97" count="16545" type="cond" truecount="1" falsecount="0"/>
      <line num="98" count="4" type="stmt"/>
      <line num="99" count="4" type="stmt"/>
      <line num="100" count="16545" type="cond" truecount="0" falsecount="1"/>
      <line num="101" count="0" type="stmt"/>
      <line num="102" count="0" type="stmt"/>
      <line num="103" count="0" type="stmt"/>
      <line num="104" count="0" type="stmt"/>
      <line num="105" count="16545" type="stmt"/>
      <line num="106" count="16545" type="stmt"/>
      <line num="107" count="1" type="cond" truecount="1" falsecount="0"/>
      <line num="108" count="6" type="stmt"/>
      <line num="109" count="6" type="cond" truecount="2" falsecount="0"/>
      <line num="110" count="1" type="stmt"/>
      <line num="111" count="1" type="stmt"/>
      <line num="112" count="6" type="cond" truecount="1" falsecount="0"/>
      <line num="113" count="1" type="stmt"/>
      <line num="114" count="1" type="stmt"/>
      <line num="115" count="6" type="cond" truecount="0" falsecount="1"/>
      <line num="116" count="0" type="stmt"/>
      <line num="117" count="0" type="stmt"/>
      <line num="118" count="0" type="stmt"/>
      <line num="119" count="0" type="stmt"/>
      <line num="120" count="6" type="stmt"/>
      <line num="121" count="6" type="stmt"/>
      <line num="122" count="1" type="stmt"/>
      <line num="126" count="1" type="stmt"/>
      <line num="127" count="1" type="stmt"/>
      <line num="128" count="1" type="stmt"/>
      <line num="129" count="1" type="cond" truecount="1" falsecount="0"/>
      <line num="130" count="25" type="stmt"/>
      <line num="131" count="25" type="cond" truecount="0" falsecount="1"/>
      <line num="132" count="25" type="stmt"/>
      <line num="133" count="25" type="stmt"/>
      <line num="134" count="1" type="cond" truecount="1" falsecount="0"/>
      <line num="135" count="11" type="stmt"/>
      <line num="136" count="11" type="stmt"/>
      <line num="137" count="11" type="stmt"/>
      <line num="138" count="11" type="stmt"/>
      <line num="139" count="1" type="cond" truecount="1" falsecount="0"/>
      <line num="140" count="10" type="cond" truecount="0" falsecount="1"/>
      <line num="141" count="10" type="stmt"/>
      <line num="142" count="1" type="cond" truecount="1" falsecount="0"/>
      <line num="143" count="46" type="cond" truecount="0" falsecount="1"/>
      <line num="144" count="0" type="stmt"/>
      <line num="145" count="0" type="stmt"/>
      <line num="146" count="46" type="stmt"/>
      <line num="147" count="1" type="cond" truecount="1" falsecount="0"/>
      <line num="148" count="1" type="stmt"/>
      <line num="149" count="1" type="stmt"/>
      <line num="150" count="1" type="stmt"/>
      <line num="151" count="1" type="stmt"/>
      <line num="152" count="1" type="stmt"/>
      <line num="153" count="1" type="stmt"/>
      <line num="154" count="1" type="cond" truecount="1" falsecount="0"/>
      <line num="155" count="24" type="stmt"/>
      <line num="156" count="24" type="cond" truecount="1" falsecount="0"/>
      <line num="157" count="16" type="cond" truecount="1" falsecount="0"/>
      <line num="158" count="16" type="stmt"/>
      <line num="159" count="16" type="stmt"/>
      <line num="160" count="24" type="stmt"/>
      <line num="161" count="24" type="stmt"/>
      <line num="162" count="1" type="stmt"/>
      <line num="163" count="0" type="stmt"/>
      <line num="164" count="0" type="stmt"/>
      <line num="165" count="0" type="stmt"/>
      <line num="166" count="0" type="stmt"/>
      <line num="167" count="0" type="stmt"/>
      <line num="168" count="0" type="stmt"/>
      <line num="169" count="0" type="stmt"/>
      <line num="170" count="1" type="stmt"/>
    </file>
    <file name="event_source.ts" path="/Users/modernserf/src/templeos-2025/src/event_source.ts">
      <metrics statements="34" coveredstatements="18" conditionals="5" coveredconditionals="5" methods="4" coveredmethods="2"/>
      <line num="1" count="1" type="stmt"/>
      <line num="7" count="1" type="stmt"/>
      <line num="8" count="1" type="stmt"/>
      <line num="9" count="1" type="cond" truecount="1" falsecount="0"/>
      <line num="10" count="3" type="stmt"/>
      <line num="11" count="3" type="cond" truecount="1" falsecount="0"/>
      <line num="12" count="1" type="cond" truecount="1" falsecount="0"/>
      <line num="13" count="1" type="stmt"/>
      <line num="14" count="3" type="stmt"/>
      <line num="15" count="1" type="cond" truecount="1" falsecount="0"/>
      <line num="16" count="2" type="cond" truecount="1" falsecount="0"/>
      <line num="17" count="5" type="stmt"/>
      <line num="18" count="5" type="stmt"/>
      <line num="19" count="2" type="stmt"/>
      <line num="20" count="1" type="stmt"/>
      <line num="22" count="1" type="stmt"/>
      <line num="24" count="1" type="stmt"/>
      <line num="25" count="0" type="stmt"/>
      <line num="26" count="0" type="stmt"/>
      <line num="27" count="0" type="stmt"/>
      <line num="28" count="0" type="stmt"/>
      <line num="29" count="0" type="stmt"/>
      <line num="30" count="0" type="stmt"/>
      <line num="31" count="0" type="stmt"/>
      <line num="32" count="0" type="stmt"/>
      <line num="34" count="1" type="stmt"/>
      <line num="35" count="0" type="stmt"/>
      <line num="36" count="0" type="stmt"/>
      <line num="37" count="0" type="stmt"/>
      <line num="38" count="0" type="stmt"/>
      <line num="39" count="0" type="stmt"/>
      <line num="40" count="0" type="stmt"/>
      <line num="41" count="0" type="stmt"/>
      <line num="42" count="0" type="stmt"/>
    </file>
    <file name="expr.ts" path="/Users/modernserf/src/templeos-2025/src/expr.ts">
      <metrics statements="97" coveredstatements="81" conditionals="36" coveredconditionals="36" methods="10" coveredmethods="9"/>
      <line num="1" count="1" type="stmt"/>
      <line num="20" count="1" type="cond" truecount="1" falsecount="0"/>
      <line num="21" count="1923" type="stmt"/>
      <line num="22" count="1" type="stmt"/>
      <line num="23" count="1" type="stmt"/>
      <line num="24" count="1" type="stmt"/>
      <line num="25" count="1" type="cond" truecount="1" falsecount="0"/>
      <line num="26" count="1" type="stmt"/>
      <line num="27" count="1" type="stmt"/>
      <line num="28" count="1" type="stmt"/>
      <line num="29" count="1" type="cond" truecount="1" falsecount="0"/>
      <line num="30" count="1283" type="stmt"/>
      <line num="31" count="1283" type="stmt"/>
      <line num="32" count="1" type="stmt"/>
      <line num="35" count="1" type="cond" truecount="1" falsecount="0"/>
      <line num="36" count="366" type="stmt"/>
      <line num="37" count="366" type="stmt"/>
      <line num="38" count="1" type="cond" truecount="1" falsecount="0"/>
      <line num="39" count="262" type="stmt"/>
      <line num="40" count="262" type="stmt"/>
      <line num="41" count="1" type="cond" truecount="1" falsecount="0"/>
      <line num="43" count="4068" type="cond" truecount="1" falsecount="0"/>
      <line num="44" count="4068" type="cond" truecount="2" falsecount="0"/>
      <line num="45" count="1382" type="stmt"/>
      <line num="46" count="1382" type="cond" truecount="1" falsecount="0"/>
      <line num="47" count="2686" type="stmt"/>
      <line num="48" count="2686" type="stmt"/>
      <line num="50" count="5394" type="cond" truecount="1" falsecount="0"/>
      <line num="51" count="5394" type="stmt"/>
      <line num="52" count="5394" type="cond" truecount="1" falsecount="0"/>
      <line num="53" count="1237" type="stmt"/>
      <line num="54" count="5394" type="cond" truecount="1" falsecount="0"/>
      <line num="55" count="1498" type="stmt"/>
      <line num="56" count="5394" type="cond" truecount="1" falsecount="0"/>
      <line num="57" count="2659" type="stmt"/>
      <line num="58" count="2659" type="cond" truecount="1" falsecount="0"/>
      <line num="59" count="628" type="stmt"/>
      <line num="60" count="2659" type="cond" truecount="1" falsecount="0"/>
      <line num="61" count="1108" type="stmt"/>
      <line num="62" count="2659" type="cond" truecount="1" falsecount="0"/>
      <line num="63" count="923" type="stmt"/>
      <line num="64" count="2659" type="stmt"/>
      <line num="65" count="5394" type="stmt"/>
      <line num="66" count="5394" type="stmt"/>
      <line num="68" count="1" type="stmt"/>
      <line num="69" count="1" type="cond" truecount="1" falsecount="0"/>
      <line num="70" count="4068" type="stmt"/>
      <line num="71" count="4068" type="cond" truecount="1" falsecount="0"/>
      <line num="72" count="4068" type="cond" truecount="1" falsecount="0"/>
      <line num="73" count="1647" type="cond" truecount="1" falsecount="0"/>
      <line num="74" count="489" type="stmt"/>
      <line num="75" count="489" type="cond" truecount="1" falsecount="0"/>
      <line num="76" count="1158" type="stmt"/>
      <line num="77" count="4068" type="cond" truecount="1" falsecount="0"/>
      <line num="78" count="2421" type="stmt"/>
      <line num="79" count="2421" type="cond" truecount="1" falsecount="0"/>
      <line num="80" count="592" type="cond" truecount="2" falsecount="0"/>
      <line num="81" count="489" type="stmt"/>
      <line num="82" count="2421" type="cond" truecount="1" falsecount="0"/>
      <line num="84" count="833" type="cond" truecount="1" falsecount="0"/>
      <line num="85" count="289" type="stmt"/>
      <line num="86" count="289" type="cond" truecount="1" falsecount="0"/>
      <line num="87" count="544" type="stmt"/>
      <line num="88" count="2421" type="cond" truecount="1" falsecount="0"/>
      <line num="89" count="996" type="cond" truecount="1" falsecount="0"/>
      <line num="90" count="490" type="stmt"/>
      <line num="91" count="490" type="stmt"/>
      <line num="92" count="490" type="stmt"/>
      <line num="93" count="490" type="cond" truecount="2" falsecount="0"/>
      <line num="94" count="285" type="stmt"/>
      <line num="95" count="285" type="stmt"/>
      <line num="96" count="285" type="cond" truecount="1" falsecount="0"/>
      <line num="97" count="285" type="cond" truecount="1" falsecount="0"/>
      <line num="98" count="100" type="stmt"/>
      <line num="99" count="100" type="stmt"/>
      <line num="100" count="2421" type="stmt"/>
      <line num="101" count="4068" type="cond" truecount="1" falsecount="0"/>
      <line num="102" count="2697" type="stmt"/>
      <line num="103" count="2697" type="stmt"/>
      <line num="104" count="1" type="stmt"/>
      <line num="106" count="1" type="stmt"/>
      <line num="107" count="0" type="stmt"/>
      <line num="108" count="0" type="stmt"/>
      <line num="109" count="0" type="stmt"/>
      <line num="110" count="0" type="stmt"/>
      <line num="111" count="0" type="stmt"/>
      <line num="112" count="0" type="stmt"/>
      <line num="113" count="0" type="stmt"/>
      <line num="114" count="0" type="stmt"/>
      <line num="115" count="0" type="stmt"/>
      <line num="116" count="0" type="stmt"/>
      <line num="117" count="0" type="stmt"/>
      <line num="118" count="0" type="stmt"/>
      <line num="119" count="0" type="stmt"/>
      <line num="120" count="0" type="stmt"/>
      <line num="121" count="0" type="stmt"/>
      <line num="122" count="0" type="stmt"/>
    </file>
    <file name="field.ts" path="/Users/modernserf/src/templeos-2025/src/field.ts">
      <metrics statements="150" coveredstatements="150" conditionals="2" coveredconditionals="2" methods="1" coveredmethods="1"/>
      <line num="1" count="1" type="stmt"/>
      <line num="4" count="1" type="stmt"/>
      <line num="5" count="1" type="stmt"/>
      <line num="6" count="1" type="stmt"/>
      <line num="7" count="1" type="cond" truecount="1" falsecount="0"/>
      <line num="8" count="71" type="cond" truecount="1" falsecount="0"/>
      <line num="9" count="71" type="stmt"/>
      <line num="10" count="1" type="stmt"/>
      <line num="14" count="1" type="stmt"/>
      <line num="15" count="1" type="stmt"/>
      <line num="16" count="1" type="stmt"/>
      <line num="17" count="1" type="stmt"/>
      <line num="18" count="1" type="stmt"/>
      <line num="19" count="1" type="stmt"/>
      <line num="20" count="1" type="stmt"/>
      <line num="21" count="1" type="stmt"/>
      <line num="22" count="1" type="stmt"/>
      <line num="23" count="1" type="stmt"/>
      <line num="24" count="1" type="stmt"/>
      <line num="25" count="1" type="stmt"/>
      <line num="26" count="1" type="stmt"/>
      <line num="27" count="1" type="stmt"/>
      <line num="28" count="1" type="stmt"/>
      <line num="29" count="1" type="stmt"/>
      <line num="30" count="1" type="stmt"/>
      <line num="31" count="1" type="stmt"/>
      <line num="41" count="1" type="stmt"/>
      <line num="42" count="1" type="stmt"/>
      <line num="43" count="1" type="stmt"/>
      <line num="44" count="1" type="stmt"/>
      <line num="45" count="1" type="stmt"/>
      <line num="46" count="1" type="stmt"/>
      <line num="47" count="1" type="stmt"/>
      <line num="48" count="1" type="stmt"/>
      <line num="49" count="1" type="stmt"/>
      <line num="50" count="1" type="stmt"/>
      <line num="51" count="1" type="stmt"/>
      <line num="52" count="1" type="stmt"/>
      <line num="53" count="1" type="stmt"/>
      <line num="55" count="1" type="stmt"/>
      <line num="56" count="1" type="stmt"/>
      <line num="57" count="1" type="stmt"/>
      <line num="58" count="1" type="stmt"/>
      <line num="59" count="1" type="stmt"/>
      <line num="60" count="1" type="stmt"/>
      <line num="61" count="1" type="stmt"/>
      <line num="62" count="1" type="stmt"/>
      <line num="63" count="1" type="stmt"/>
      <line num="64" count="1" type="stmt"/>
      <line num="65" count="1" type="stmt"/>
      <line num="66" count="1" type="stmt"/>
      <line num="67" count="1" type="stmt"/>
      <line num="69" count="1" type="stmt"/>
      <line num="70" count="1" type="stmt"/>
      <line num="71" count="1" type="stmt"/>
      <line num="72" count="1" type="stmt"/>
      <line num="74" count="1" type="stmt"/>
      <line num="75" count="1" type="stmt"/>
      <line num="76" count="1" type="stmt"/>
      <line num="77" count="1" type="stmt"/>
      <line num="78" count="1" type="stmt"/>
      <line num="79" count="1" type="stmt"/>
      <line num="80" count="1" type="stmt"/>
      <line num="81" count="1" type="stmt"/>
      <line num="82" count="1" type="stmt"/>
      <line num="83" count="1" type="stmt"/>
      <line num="84" count="1" type="stmt"/>
      <line num="85" count="1" type="stmt"/>
      <line num="86" count="1" type="stmt"/>
      <line num="87" count="1" type="stmt"/>
      <line num="88" count="1" type="stmt"/>
      <line num="89" count="1" type="stmt"/>
      <line num="90" count="1" type="stmt"/>
      <line num="91" count="1" type="stmt"/>
      <line num="92" count="1" type="stmt"/>
      <line num="93" count="1" type="stmt"/>
      <line num="94" count="1" type="stmt"/>
      <line num="95" count="1" type="stmt"/>
      <line num="96" count="1" type="stmt"/>
      <line num="97" count="1" type="stmt"/>
      <line num="98" count="1" type="stmt"/>
      <line num="99" count="1" type="stmt"/>
      <line num="100" count="1" type="stmt"/>
      <line num="101" count="1" type="stmt"/>
      <line num="102" count="1" type="stmt"/>
      <line num="103" count="1" type="stmt"/>
      <line num="104" count="1" type="stmt"/>
      <line num="105" count="1" type="stmt"/>
      <line num="106" count="1" type="stmt"/>
      <line num="107" count="1" type="stmt"/>
      <line num="108" count="1" type="stmt"/>
      <line num="109" count="1" type="stmt"/>
      <line num="110" count="1" type="stmt"/>
      <line num="111" count="1" type="stmt"/>
      <line num="112" count="1" type="stmt"/>
      <line num="113" count="1" type="stmt"/>
      <line num="114" count="1" type="stmt"/>
      <line num="115" count="1" type="stmt"/>
      <line num="116" count="1" type="stmt"/>
      <line num="117" count="1" type="stmt"/>
      <line num="118" count="1" type="stmt"/>
      <line num="119" count="1" type="stmt"/>
      <line num="120" count="1" type="stmt"/>
      <line num="121" count="1" type="stmt"/>
      <line num="122" count="1" type="stmt"/>
      <line num="123" count="1" type="stmt"/>
      <line num="124" count="1" type="stmt"/>
      <line num="125" count="1" type="stmt"/>
      <line num="126" count="1" type="stmt"/>
      <line num="127" count="1" type="stmt"/>
      <line num="128" count="1" type="stmt"/>
      <line num="129" count="1" type="stmt"/>
      <line num="131" count="1" type="stmt"/>
      <line num="132" count="1" type="stmt"/>
      <line num="133" count="1" type="stmt"/>
      <line num="134" count="1" type="stmt"/>
      <line num="135" count="1" type="stmt"/>
      <line num="137" count="1" type="stmt"/>
      <line num="138" count="1" type="stmt"/>
      <line num="139" count="1" type="stmt"/>
      <line num="140" count="1" type="stmt"/>
      <line num="141" count="1" type="stmt"/>
      <line num="143" count="1" type="stmt"/>
      <line num="144" count="1" type="stmt"/>
      <line num="145" count="1" type="stmt"/>
      <line num="146" count="1" type="stmt"/>
      <line num="147" count="1" type="stmt"/>
      <line num="149" count="1" type="stmt"/>
      <line num="150" count="1" type="stmt"/>
      <line num="151" count="1" type="stmt"/>
      <line num="152" count="1" type="stmt"/>
      <line num="153" count="1" type="stmt"/>
      <line num="155" count="1" type="stmt"/>
      <line num="156" count="1" type="stmt"/>
      <line num="157" count="1" type="stmt"/>
      <line num="158" count="1" type="stmt"/>
      <line num="159" count="1" type="stmt"/>
      <line num="161" count="1" type="stmt"/>
      <line num="162" count="1" type="stmt"/>
      <line num="163" count="1" type="stmt"/>
      <line num="164" count="1" type="stmt"/>
      <line num="165" count="1" type="stmt"/>
      <line num="166" count="1" type="stmt"/>
      <line num="167" count="1" type="stmt"/>
      <line num="168" count="1" type="stmt"/>
      <line num="169" count="1" type="stmt"/>
      <line num="170" count="1" type="stmt"/>
      <line num="171" count="1" type="stmt"/>
      <line num="172" count="1" type="stmt"/>
      <line num="173" count="1" type="stmt"/>
    </file>
    <file name="iter.ts" path="/Users/modernserf/src/templeos-2025/src/iter.ts">
      <metrics statements="43" coveredstatements="0" conditionals="1" coveredconditionals="0" methods="1" coveredmethods="0"/>
      <line num="1" count="0" type="cond" truecount="0" falsecount="1"/>
      <line num="2" count="0" type="stmt"/>
      <line num="3" count="0" type="stmt"/>
      <line num="4" count="0" type="stmt"/>
      <line num="6" count="0" type="stmt"/>
      <line num="7" count="0" type="stmt"/>
      <line num="8" count="0" type="stmt"/>
      <line num="9" count="0" type="stmt"/>
      <line num="10" count="0" type="stmt"/>
      <line num="11" count="0" type="stmt"/>
      <line num="13" count="0" type="stmt"/>
      <line num="14" count="0" type="stmt"/>
      <line num="15" count="0" type="stmt"/>
      <line num="16" count="0" type="stmt"/>
      <line num="17" count="0" type="stmt"/>
      <line num="19" count="0" type="stmt"/>
      <line num="20" count="0" type="stmt"/>
      <line num="21" count="0" type="stmt"/>
      <line num="22" count="0" type="stmt"/>
      <line num="23" count="0" type="stmt"/>
      <line num="24" count="0" type="stmt"/>
      <line num="25" count="0" type="stmt"/>
      <line num="26" count="0" type="stmt"/>
      <line num="27" count="0" type="stmt"/>
      <line num="29" count="0" type="stmt"/>
      <line num="30" count="0" type="stmt"/>
      <line num="31" count="0" type="stmt"/>
      <line num="33" count="0" type="stmt"/>
      <line num="34" count="0" type="stmt"/>
      <line num="35" count="0" type="stmt"/>
      <line num="36" count="0" type="stmt"/>
      <line num="37" count="0" type="stmt"/>
      <line num="38" count="0" type="stmt"/>
      <line num="40" count="0" type="stmt"/>
      <line num="41" count="0" type="stmt"/>
      <line num="42" count="0" type="stmt"/>
      <line num="43" count="0" type="stmt"/>
      <line num="45" count="0" type="stmt"/>
      <line num="46" count="0" type="stmt"/>
      <line num="47" count="0" type="stmt"/>
      <line num="48" count="0" type="stmt"/>
      <line num="49" count="0" type="stmt"/>
      <line num="50" count="0" type="stmt"/>
    </file>
    <file name="main.tsx" path="/Users/modernserf/src/templeos-2025/src/main.tsx">
      <metrics statements="7" coveredstatements="0" conditionals="1" coveredconditionals="0" methods="1" coveredmethods="0"/>
      <line num="1" count="0" type="cond" truecount="0" falsecount="1"/>
      <line num="2" count="0" type="stmt"/>
      <line num="3" count="0" type="stmt"/>
      <line num="4" count="0" type="stmt"/>
      <line num="6" count="0" type="stmt"/>
      <line num="7" count="0" type="stmt"/>
      <line num="8" count="0" type="stmt"/>
    </file>
    <file name="rule.ts" path="/Users/modernserf/src/templeos-2025/src/rule.ts">
      <metrics statements="383" coveredstatements="383" conditionals="9" coveredconditionals="9" methods="8" coveredmethods="8"/>
      <line num="1" count="1" type="stmt"/>
      <line num="5" count="1" type="stmt"/>
      <line num="6" count="1" type="cond" truecount="1" falsecount="0"/>
      <line num="7" count="38" type="stmt"/>
      <line num="8" count="1" type="cond" truecount="1" falsecount="0"/>
      <line num="9" count="6" type="cond" truecount="1" falsecount="0"/>
      <line num="10" count="1" type="cond" truecount="1" falsecount="0"/>
      <line num="11" count="1" type="stmt"/>
      <line num="13" count="1" type="stmt"/>
      <line num="14" count="1" type="cond" truecount="1" falsecount="0"/>
      <line num="15" count="1" type="cond" truecount="1" falsecount="0"/>
      <line num="16" count="1" type="cond" truecount="1" falsecount="0"/>
      <line num="17" count="1" type="cond" truecount="1" falsecount="0"/>
      <line num="18" count="1" type="cond" truecount="1" falsecount="0"/>
      <line num="19" count="20" type="stmt"/>
      <line num="20" count="1" type="stmt"/>
      <line num="22" count="1" type="stmt"/>
      <line num="23" count="1" type="stmt"/>
      <line num="24" count="1" type="stmt"/>
      <line num="25" count="1" type="stmt"/>
      <line num="26" count="1" type="stmt"/>
      <line num="27" count="1" type="stmt"/>
      <line num="28" count="1" type="stmt"/>
      <line num="29" count="1" type="stmt"/>
      <line num="30" count="1" type="stmt"/>
      <line num="32" count="1" type="stmt"/>
      <line num="33" count="1" type="stmt"/>
      <line num="34" count="1" type="stmt"/>
      <line num="35" count="1" type="stmt"/>
      <line num="36" count="1" type="stmt"/>
      <line num="37" count="1" type="stmt"/>
      <line num="38" count="1" type="stmt"/>
      <line num="39" count="1" type="stmt"/>
      <line num="41" count="1" type="stmt"/>
      <line num="42" count="1" type="stmt"/>
      <line num="43" count="1" type="stmt"/>
      <line num="44" count="1" type="stmt"/>
      <line num="45" count="1" type="stmt"/>
      <line num="46" count="1" type="stmt"/>
      <line num="47" count="1" type="stmt"/>
      <line num="48" count="1" type="stmt"/>
      <line num="50" count="1" type="stmt"/>
      <line num="51" count="1" type="stmt"/>
      <line num="52" count="1" type="stmt"/>
      <line num="53" count="1" type="stmt"/>
      <line num="54" count="1" type="stmt"/>
      <line num="55" count="1" type="stmt"/>
      <line num="56" count="1" type="stmt"/>
      <line num="57" count="1" type="stmt"/>
      <line num="59" count="1" type="stmt"/>
      <line num="60" count="1" type="stmt"/>
      <line num="61" count="1" type="stmt"/>
      <line num="62" count="1" type="stmt"/>
      <line num="63" count="1" type="stmt"/>
      <line num="64" count="1" type="stmt"/>
      <line num="66" count="1" type="stmt"/>
      <line num="68" count="1" type="stmt"/>
      <line num="69" count="1" type="stmt"/>
      <line num="70" count="1" type="stmt"/>
      <line num="71" count="1" type="stmt"/>
      <line num="72" count="1" type="stmt"/>
      <line num="73" count="1" type="stmt"/>
      <line num="74" count="1" type="stmt"/>
      <line num="75" count="1" type="stmt"/>
      <line num="76" count="1" type="stmt"/>
      <line num="77" count="1" type="stmt"/>
      <line num="78" count="1" type="stmt"/>
      <line num="80" count="1" type="stmt"/>
      <line num="81" count="1" type="stmt"/>
      <line num="83" count="1" type="stmt"/>
      <line num="84" count="1" type="stmt"/>
      <line num="85" count="1" type="stmt"/>
      <line num="86" count="1" type="stmt"/>
      <line num="87" count="1" type="stmt"/>
      <line num="88" count="1" type="stmt"/>
      <line num="89" count="1" type="stmt"/>
      <line num="90" count="1" type="stmt"/>
      <line num="91" count="1" type="stmt"/>
      <line num="92" count="1" type="stmt"/>
      <line num="93" count="1" type="stmt"/>
      <line num="94" count="1" type="stmt"/>
      <line num="96" count="1" type="stmt"/>
      <line num="97" count="1" type="stmt"/>
      <line num="98" count="1" type="stmt"/>
      <line num="99" count="1" type="stmt"/>
      <line num="100" count="1" type="stmt"/>
      <line num="101" count="1" type="stmt"/>
      <line num="103" count="1" type="stmt"/>
      <line num="104" count="1" type="stmt"/>
      <line num="105" count="1" type="stmt"/>
      <line num="106" count="1" type="stmt"/>
      <line num="107" count="1" type="stmt"/>
      <line num="108" count="1" type="stmt"/>
      <line num="109" count="1" type="stmt"/>
      <line num="110" count="1" type="stmt"/>
      <line num="111" count="1" type="stmt"/>
      <line num="113" count="1" type="stmt"/>
      <line num="114" count="1" type="stmt"/>
      <line num="115" count="1" type="stmt"/>
      <line num="116" count="1" type="stmt"/>
      <line num="117" count="1" type="stmt"/>
      <line num="118" count="1" type="stmt"/>
      <line num="119" count="1" type="stmt"/>
      <line num="120" count="1" type="stmt"/>
      <line num="121" count="1" type="stmt"/>
      <line num="122" count="1" type="stmt"/>
      <line num="123" count="1" type="stmt"/>
      <line num="124" count="1" type="stmt"/>
      <line num="125" count="1" type="stmt"/>
      <line num="126" count="1" type="stmt"/>
      <line num="127" count="1" type="stmt"/>
      <line num="128" count="1" type="stmt"/>
      <line num="129" count="1" type="stmt"/>
      <line num="130" count="1" type="stmt"/>
      <line num="131" count="1" type="stmt"/>
      <line num="132" count="1" type="stmt"/>
      <line num="133" count="1" type="stmt"/>
      <line num="134" count="1" type="stmt"/>
      <line num="135" count="1" type="stmt"/>
      <line num="136" count="1" type="stmt"/>
      <line num="138" count="1" type="stmt"/>
      <line num="139" count="1" type="stmt"/>
      <line num="140" count="1" type="stmt"/>
      <line num="141" count="1" type="stmt"/>
      <line num="142" count="1" type="stmt"/>
      <line num="143" count="1" type="stmt"/>
      <line num="144" count="1" type="stmt"/>
      <line num="145" count="1" type="stmt"/>
      <line num="146" count="1" type="stmt"/>
      <line num="147" count="1" type="stmt"/>
      <line num="148" count="1" type="stmt"/>
      <line num="149" count="1" type="stmt"/>
      <line num="150" count="1" type="stmt"/>
      <line num="151" count="1" type="stmt"/>
      <line num="152" count="1" type="stmt"/>
      <line num="154" count="1" type="stmt"/>
      <line num="155" count="1" type="stmt"/>
      <line num="156" count="1" type="stmt"/>
      <line num="157" count="1" type="stmt"/>
      <line num="159" count="1" type="stmt"/>
      <line num="160" count="1" type="stmt"/>
      <line num="161" count="1" type="stmt"/>
      <line num="162" count="1" type="stmt"/>
      <line num="164" count="1" type="stmt"/>
      <line num="165" count="1" type="stmt"/>
      <line num="166" count="1" type="stmt"/>
      <line num="167" count="1" type="stmt"/>
      <line num="168" count="1" type="stmt"/>
      <line num="171" count="1" type="stmt"/>
      <line num="172" count="1" type="stmt"/>
      <line num="173" count="1" type="stmt"/>
      <line num="174" count="1" type="stmt"/>
      <line num="175" count="1" type="stmt"/>
      <line num="176" count="1" type="stmt"/>
      <line num="177" count="1" type="stmt"/>
      <line num="178" count="1" type="stmt"/>
      <line num="180" count="1" type="stmt"/>
      <line num="181" count="1" type="stmt"/>
      <line num="182" count="1" type="stmt"/>
      <line num="183" count="1" type="stmt"/>
      <line num="184" count="1" type="stmt"/>
      <line num="185" count="1" type="stmt"/>
      <line num="186" count="1" type="stmt"/>
      <line num="187" count="1" type="stmt"/>
      <line num="189" count="1" type="stmt"/>
      <line num="190" count="1" type="stmt"/>
      <line num="192" count="1" type="stmt"/>
      <line num="193" count="1" type="stmt"/>
      <line num="194" count="1" type="stmt"/>
      <line num="195" count="1" type="stmt"/>
      <line num="196" count="1" type="stmt"/>
      <line num="197" count="1" type="stmt"/>
      <line num="198" count="1" type="stmt"/>
      <line num="199" count="1" type="stmt"/>
      <line num="200" count="1" type="stmt"/>
      <line num="201" count="1" type="stmt"/>
      <line num="202" count="1" type="stmt"/>
      <line num="203" count="1" type="stmt"/>
      <line num="204" count="1" type="stmt"/>
      <line num="206" count="1" type="stmt"/>
      <line num="207" count="1" type="stmt"/>
      <line num="208" count="1" type="stmt"/>
      <line num="209" count="1" type="stmt"/>
      <line num="210" count="1" type="stmt"/>
      <line num="212" count="1" type="stmt"/>
      <line num="213" count="1" type="stmt"/>
      <line num="214" count="1" type="stmt"/>
      <line num="215" count="1" type="stmt"/>
      <line num="216" count="1" type="stmt"/>
      <line num="219" count="1" type="stmt"/>
      <line num="220" count="1" type="stmt"/>
      <line num="221" count="1" type="stmt"/>
      <line num="222" count="1" type="stmt"/>
      <line num="223" count="1" type="stmt"/>
      <line num="224" count="1" type="stmt"/>
      <line num="225" count="1" type="stmt"/>
      <line num="226" count="1" type="stmt"/>
      <line num="227" count="1" type="stmt"/>
      <line num="228" count="1" type="stmt"/>
      <line num="229" count="1" type="stmt"/>
      <line num="231" count="1" type="stmt"/>
      <line num="232" count="1" type="stmt"/>
      <line num="233" count="1" type="stmt"/>
      <line num="234" count="1" type="stmt"/>
      <line num="235" count="1" type="stmt"/>
      <line num="238" count="1" type="stmt"/>
      <line num="239" count="1" type="stmt"/>
      <line num="240" count="1" type="stmt"/>
      <line num="241" count="1" type="stmt"/>
      <line num="242" count="1" type="stmt"/>
      <line num="243" count="1" type="stmt"/>
      <line num="244" count="1" type="stmt"/>
      <line num="245" count="1" type="stmt"/>
      <line num="246" count="1" type="stmt"/>
      <line num="247" count="1" type="stmt"/>
      <line num="249" count="1" type="stmt"/>
      <line num="250" count="1" type="stmt"/>
      <line num="251" count="1" type="stmt"/>
      <line num="252" count="1" type="stmt"/>
      <line num="253" count="1" type="stmt"/>
      <line num="255" count="1" type="stmt"/>
      <line num="256" count="1" type="stmt"/>
      <line num="257" count="1" type="stmt"/>
      <line num="258" count="1" type="stmt"/>
      <line num="259" count="1" type="stmt"/>
      <line num="261" count="1" type="stmt"/>
      <line num="262" count="1" type="stmt"/>
      <line num="263" count="1" type="stmt"/>
      <line num="264" count="1" type="stmt"/>
      <line num="266" count="1" type="stmt"/>
      <line num="267" count="1" type="stmt"/>
      <line num="268" count="1" type="stmt"/>
      <line num="269" count="1" type="stmt"/>
      <line num="272" count="1" type="stmt"/>
      <line num="274" count="1" type="stmt"/>
      <line num="275" count="1" type="stmt"/>
      <line num="276" count="1" type="stmt"/>
      <line num="277" count="1" type="stmt"/>
      <line num="278" count="1" type="stmt"/>
      <line num="280" count="1" type="stmt"/>
      <line num="281" count="1" type="stmt"/>
      <line num="282" count="1" type="stmt"/>
      <line num="283" count="1" type="stmt"/>
      <line num="284" count="1" type="stmt"/>
      <line num="285" count="1" type="stmt"/>
      <line num="286" count="1" type="stmt"/>
      <line num="287" count="1" type="stmt"/>
      <line num="288" count="1" type="stmt"/>
      <line num="289" count="1" type="stmt"/>
      <line num="292" count="1" type="stmt"/>
      <line num="293" count="1" type="stmt"/>
      <line num="294" count="1" type="stmt"/>
      <line num="295" count="1" type="stmt"/>
      <line num="296" count="1" type="stmt"/>
      <line num="297" count="1" type="stmt"/>
      <line num="298" count="1" type="stmt"/>
      <line num="299" count="1" type="stmt"/>
      <line num="301" count="1" type="stmt"/>
      <line num="302" count="1" type="stmt"/>
      <line num="303" count="1" type="stmt"/>
      <line num="304" count="1" type="stmt"/>
      <line num="306" count="1" type="stmt"/>
      <line num="307" count="1" type="stmt"/>
      <line num="308" count="1" type="stmt"/>
      <line num="309" count="1" type="stmt"/>
      <line num="310" count="1" type="stmt"/>
      <line num="311" count="1" type="stmt"/>
      <line num="312" count="1" type="stmt"/>
      <line num="313" count="1" type="stmt"/>
      <line num="314" count="1" type="stmt"/>
      <line num="315" count="1" type="stmt"/>
      <line num="316" count="1" type="stmt"/>
      <line num="317" count="1" type="stmt"/>
      <line num="318" count="1" type="stmt"/>
      <line num="320" count="1" type="stmt"/>
      <line num="322" count="1" type="stmt"/>
      <line num="324" count="1" type="stmt"/>
      <line num="325" count="1" type="stmt"/>
      <line num="326" count="1" type="stmt"/>
      <line num="327" count="1" type="stmt"/>
      <line num="328" count="1" type="stmt"/>
      <line num="329" count="1" type="stmt"/>
      <line num="330" count="1" type="stmt"/>
      <line num="331" count="1" type="stmt"/>
      <line num="332" count="1" type="stmt"/>
      <line num="333" count="1" type="stmt"/>
      <line num="334" count="1" type="stmt"/>
      <line num="335" count="1" type="stmt"/>
      <line num="337" count="1" type="stmt"/>
      <line num="338" count="1" type="stmt"/>
      <line num="339" count="1" type="stmt"/>
      <line num="340" count="1" type="stmt"/>
      <line num="341" count="1" type="stmt"/>
      <line num="342" count="1" type="stmt"/>
      <line num="343" count="1" type="stmt"/>
      <line num="344" count="1" type="stmt"/>
      <line num="346" count="1" type="stmt"/>
      <line num="347" count="1" type="stmt"/>
      <line num="348" count="1" type="stmt"/>
      <line num="349" count="1" type="stmt"/>
      <line num="350" count="1" type="stmt"/>
      <line num="351" count="1" type="stmt"/>
      <line num="352" count="1" type="stmt"/>
      <line num="353" count="1" type="stmt"/>
      <line num="354" count="1" type="stmt"/>
      <line num="355" count="1" type="stmt"/>
      <line num="358" count="1" type="stmt"/>
      <line num="359" count="1" type="stmt"/>
      <line num="360" count="1" type="stmt"/>
      <line num="361" count="1" type="stmt"/>
      <line num="362" count="1" type="stmt"/>
      <line num="363" count="1" type="stmt"/>
      <line num="364" count="1" type="stmt"/>
      <line num="366" count="1" type="stmt"/>
      <line num="367" count="1" type="stmt"/>
      <line num="368" count="1" type="stmt"/>
      <line num="369" count="1" type="stmt"/>
      <line num="370" count="1" type="stmt"/>
      <line num="371" count="1" type="stmt"/>
      <line num="372" count="1" type="stmt"/>
      <line num="373" count="1" type="stmt"/>
      <line num="374" count="1" type="stmt"/>
      <line num="375" count="1" type="stmt"/>
      <line num="376" count="1" type="stmt"/>
      <line num="377" count="1" type="stmt"/>
      <line num="378" count="1" type="stmt"/>
      <line num="379" count="1" type="stmt"/>
      <line num="380" count="1" type="stmt"/>
      <line num="381" count="1" type="stmt"/>
      <line num="382" count="1" type="stmt"/>
      <line num="383" count="1" type="stmt"/>
      <line num="384" count="1" type="stmt"/>
      <line num="386" count="1" type="stmt"/>
      <line num="387" count="1" type="stmt"/>
      <line num="388" count="1" type="stmt"/>
      <line num="389" count="1" type="stmt"/>
      <line num="390" count="1" type="stmt"/>
      <line num="391" count="1" type="stmt"/>
      <line num="392" count="1" type="stmt"/>
      <line num="393" count="1" type="stmt"/>
      <line num="394" count="1" type="stmt"/>
      <line num="395" count="1" type="stmt"/>
      <line num="397" count="1" type="stmt"/>
      <line num="398" count="1" type="stmt"/>
      <line num="399" count="1" type="stmt"/>
      <line num="400" count="1" type="stmt"/>
      <line num="401" count="1" type="stmt"/>
      <line num="402" count="1" type="stmt"/>
      <line num="403" count="1" type="stmt"/>
      <line num="405" count="1" type="stmt"/>
      <line num="406" count="1" type="stmt"/>
      <line num="407" count="1" type="stmt"/>
      <line num="409" count="1" type="stmt"/>
      <line num="410" count="1" type="stmt"/>
      <line num="411" count="1" type="stmt"/>
      <line num="412" count="1" type="stmt"/>
      <line num="413" count="1" type="stmt"/>
      <line num="414" count="1" type="stmt"/>
      <line num="415" count="1" type="stmt"/>
      <line num="417" count="1" type="stmt"/>
      <line num="418" count="1" type="stmt"/>
      <line num="419" count="1" type="stmt"/>
      <line num="420" count="1" type="stmt"/>
      <line num="421" count="1" type="stmt"/>
      <line num="422" count="1" type="stmt"/>
      <line num="423" count="1" type="stmt"/>
      <line num="424" count="1" type="stmt"/>
      <line num="426" count="1" type="stmt"/>
      <line num="427" count="1" type="stmt"/>
      <line num="428" count="1" type="stmt"/>
      <line num="429" count="1" type="stmt"/>
      <line num="430" count="1" type="stmt"/>
      <line num="431" count="1" type="stmt"/>
      <line num="432" count="1" type="stmt"/>
      <line num="433" count="1" type="stmt"/>
      <line num="434" count="1" type="stmt"/>
      <line num="435" count="1" type="stmt"/>
      <line num="436" count="1" type="stmt"/>
      <line num="437" count="1" type="stmt"/>
      <line num="438" count="1" type="stmt"/>
      <line num="439" count="1" type="stmt"/>
      <line num="442" count="1" type="stmt"/>
      <line num="443" count="1" type="stmt"/>
    </file>
    <file name="schema.ts" path="/Users/modernserf/src/templeos-2025/src/schema.ts">
      <metrics statements="95" coveredstatements="95" conditionals="0" coveredconditionals="0" methods="0" coveredmethods="0"/>
      <line num="1" count="1" type="stmt"/>
      <line num="5" count="1" type="stmt"/>
      <line num="6" count="1" type="stmt"/>
      <line num="7" count="1" type="stmt"/>
      <line num="8" count="1" type="stmt"/>
      <line num="9" count="1" type="stmt"/>
      <line num="10" count="1" type="stmt"/>
      <line num="11" count="1" type="stmt"/>
      <line num="12" count="1" type="stmt"/>
      <line num="13" count="1" type="stmt"/>
      <line num="14" count="1" type="stmt"/>
      <line num="15" count="1" type="stmt"/>
      <line num="16" count="1" type="stmt"/>
      <line num="17" count="1" type="stmt"/>
      <line num="18" count="1" type="stmt"/>
      <line num="19" count="1" type="stmt"/>
      <line num="20" count="1" type="stmt"/>
      <line num="21" count="1" type="stmt"/>
      <line num="22" count="1" type="stmt"/>
      <line num="23" count="1" type="stmt"/>
      <line num="24" count="1" type="stmt"/>
      <line num="25" count="1" type="stmt"/>
      <line num="26" count="1" type="stmt"/>
      <line num="27" count="1" type="stmt"/>
      <line num="28" count="1" type="stmt"/>
      <line num="29" count="1" type="stmt"/>
      <line num="30" count="1" type="stmt"/>
      <line num="31" count="1" type="stmt"/>
      <line num="33" count="1" type="stmt"/>
      <line num="34" count="1" type="stmt"/>
      <line num="35" count="1" type="stmt"/>
      <line num="36" count="1" type="stmt"/>
      <line num="37" count="1" type="stmt"/>
      <line num="38" count="1" type="stmt"/>
      <line num="40" count="1" type="stmt"/>
      <line num="41" count="1" type="stmt"/>
      <line num="42" count="1" type="stmt"/>
      <line num="43" count="1" type="stmt"/>
      <line num="44" count="1" type="stmt"/>
      <line num="45" count="1" type="stmt"/>
      <line num="46" count="1" type="stmt"/>
      <line num="47" count="1" type="stmt"/>
      <line num="48" count="1" type="stmt"/>
      <line num="49" count="1" type="stmt"/>
      <line num="50" count="1" type="stmt"/>
      <line num="51" count="1" type="stmt"/>
      <line num="52" count="1" type="stmt"/>
      <line num="53" count="1" type="stmt"/>
      <line num="55" count="1" type="stmt"/>
      <line num="56" count="1" type="stmt"/>
      <line num="57" count="1" type="stmt"/>
      <line num="58" count="1" type="stmt"/>
      <line num="60" count="1" type="stmt"/>
      <line num="61" count="1" type="stmt"/>
      <line num="62" count="1" type="stmt"/>
      <line num="63" count="1" type="stmt"/>
      <line num="64" count="1" type="stmt"/>
      <line num="65" count="1" type="stmt"/>
      <line num="66" count="1" type="stmt"/>
      <line num="67" count="1" type="stmt"/>
      <line num="68" count="1" type="stmt"/>
      <line num="69" count="1" type="stmt"/>
      <line num="70" count="1" type="stmt"/>
      <line num="71" count="1" type="stmt"/>
      <line num="72" count="1" type="stmt"/>
      <line num="73" count="1" type="stmt"/>
      <line num="74" count="1" type="stmt"/>
      <line num="75" count="1" type="stmt"/>
      <line num="76" count="1" type="stmt"/>
      <line num="77" count="1" type="stmt"/>
      <line num="78" count="1" type="stmt"/>
      <line num="79" count="1" type="stmt"/>
      <line num="80" count="1" type="stmt"/>
      <line num="81" count="1" type="stmt"/>
      <line num="82" count="1" type="stmt"/>
      <line num="83" count="1" type="stmt"/>
      <line num="84" count="1" type="stmt"/>
      <line num="85" count="1" type="stmt"/>
      <line num="86" count="1" type="stmt"/>
      <line num="87" count="1" type="stmt"/>
      <line num="88" count="1" type="stmt"/>
      <line num="90" count="1" type="stmt"/>
      <line num="91" count="1" type="stmt"/>
      <line num="92" count="1" type="stmt"/>
      <line num="93" count="1" type="stmt"/>
      <line num="94" count="1" type="stmt"/>
      <line num="95" count="1" type="stmt"/>
      <line num="96" count="1" type="stmt"/>
      <line num="97" count="1" type="stmt"/>
      <line num="98" count="1" type="stmt"/>
      <line num="99" count="1" type="stmt"/>
      <line num="100" count="1" type="stmt"/>
      <line num="101" count="1" type="stmt"/>
      <line num="102" count="1" type="stmt"/>
      <line num="103" count="1" type="stmt"/>
    </file>
    <file name="state.ts" path="/Users/modernserf/src/templeos-2025/src/state.ts">
      <metrics statements="852" coveredstatements="719" conditionals="306" coveredconditionals="252" methods="42" coveredmethods="38"/>
      <line num="1" count="1" type="stmt"/>
      <line num="6" count="1" type="cond" truecount="1" falsecount="0"/>
      <line num="7" count="2086" type="cond" truecount="1" falsecount="0"/>
      <line num="8" count="1840" type="cond" truecount="1" falsecount="0"/>
      <line num="9" count="246" type="stmt"/>
      <line num="11" count="1" type="cond" truecount="1" falsecount="0"/>
      <line num="12" count="65" type="stmt"/>
      <line num="29" count="1" type="stmt"/>
      <line num="30" count="1" type="cond" truecount="1" falsecount="0"/>
      <line num="31" count="1" type="stmt"/>
      <line num="32" count="0" type="stmt"/>
      <line num="33" count="0" type="stmt"/>
      <line num="34" count="1" type="stmt"/>
      <line num="36" count="36" type="cond" truecount="1" falsecount="0"/>
      <line num="37" count="36" type="stmt"/>
      <line num="38" count="36" type="cond" truecount="0" falsecount="1"/>
      <line num="39" count="0" type="stmt"/>
      <line num="40" count="36" type="cond" truecount="0" falsecount="1"/>
      <line num="41" count="0" type="stmt"/>
      <line num="42" count="36" type="cond" truecount="0" falsecount="1"/>
      <line num="43" count="0" type="stmt"/>
      <line num="44" count="36" type="stmt"/>
      <line num="45" count="36" type="stmt"/>
      <line num="46" count="36" type="stmt"/>
      <line num="47" count="36" type="cond" truecount="0" falsecount="1"/>
      <line num="48" count="0" type="stmt"/>
      <line num="49" count="36" type="stmt"/>
      <line num="50" count="36" type="stmt"/>
      <line num="52" count="1292" type="cond" truecount="1" falsecount="0"/>
      <line num="53" count="1292" type="cond" truecount="1" falsecount="0"/>
      <line num="54" count="1292" type="stmt"/>
      <line num="67" count="1" type="stmt"/>
      <line num="69" count="1" type="stmt"/>
      <line num="70" count="1" type="cond" truecount="1" falsecount="0"/>
      <line num="71" count="1369" type="stmt"/>
      <line num="72" count="1369" type="stmt"/>
      <line num="73" count="1369" type="stmt"/>
      <line num="74" count="1369" type="stmt"/>
      <line num="75" count="1369" type="stmt"/>
      <line num="76" count="1" type="cond" truecount="1" falsecount="0"/>
      <line num="77" count="50" type="stmt"/>
      <line num="78" count="50" type="stmt"/>
      <line num="79" count="50" type="stmt"/>
      <line num="80" count="50" type="stmt"/>
      <line num="81" count="1" type="cond" truecount="1" falsecount="0"/>
      <line num="82" count="4" type="cond" truecount="1" falsecount="0"/>
      <line num="83" count="11" type="cond" truecount="1" falsecount="0"/>
      <line num="84" count="11" type="stmt"/>
      <line num="85" count="4" type="stmt"/>
      <line num="86" count="1" type="cond" truecount="1" falsecount="0"/>
      <line num="87" count="46" type="stmt"/>
      <line num="88" count="46" type="stmt"/>
      <line num="89" count="46" type="cond" truecount="1" falsecount="0"/>
      <line num="90" count="164" type="cond" truecount="0" falsecount="1"/>
      <line num="91" count="164" type="stmt"/>
      <line num="92" count="164" type="stmt"/>
      <line num="93" count="164" type="cond" truecount="1" falsecount="0"/>
      <line num="94" count="322" type="stmt"/>
      <line num="95" count="322" type="stmt"/>
      <line num="96" count="297" type="cond" truecount="2" falsecount="0"/>
      <line num="97" count="25" type="stmt"/>
      <line num="98" count="322" type="stmt"/>
      <line num="100" count="164" type="cond" truecount="1" falsecount="0"/>
      <line num="101" count="46" type="stmt"/>
      <line num="102" count="46" type="stmt"/>
      <line num="103" count="46" type="stmt"/>
      <line num="104" count="46" type="stmt"/>
      <line num="105" count="1" type="cond" truecount="1" falsecount="0"/>
      <line num="106" count="11814" type="stmt"/>
      <line num="107" count="11814" type="cond" truecount="1" falsecount="0"/>
      <line num="108" count="11814" type="cond" truecount="1" falsecount="0"/>
      <line num="109" count="11814" type="cond" truecount="1" falsecount="0"/>
      <line num="110" count="2982" type="stmt"/>
      <line num="111" count="11814" type="cond" truecount="1" falsecount="0"/>
      <line num="112" count="2721" type="stmt"/>
      <line num="113" count="2721" type="cond" truecount="2" falsecount="0"/>
      <line num="114" count="998" type="stmt"/>
      <line num="115" count="2721" type="cond" truecount="1" falsecount="0"/>
      <line num="116" count="1723" type="stmt"/>
      <line num="117" count="1723" type="stmt"/>
      <line num="118" count="2721" type="stmt"/>
      <line num="119" count="11814" type="cond" truecount="1" falsecount="0"/>
      <line num="120" count="6109" type="stmt"/>
      <line num="121" count="6109" type="stmt"/>
      <line num="122" count="6109" type="cond" truecount="1" falsecount="0"/>
      <line num="124" count="11814" type="stmt"/>
      <line num="125" count="11814" type="stmt"/>
      <line num="126" count="1" type="stmt"/>
      <line num="127" count="0" type="stmt"/>
      <line num="128" count="0" type="stmt"/>
      <line num="129" count="0" type="stmt"/>
      <line num="130" count="0" type="stmt"/>
      <line num="131" count="0" type="stmt"/>
      <line num="132" count="0" type="stmt"/>
      <line num="133" count="0" type="stmt"/>
      <line num="134" count="0" type="stmt"/>
      <line num="135" count="0" type="stmt"/>
      <line num="136" count="0" type="stmt"/>
      <line num="137" count="0" type="stmt"/>
      <line num="139" count="0" type="stmt"/>
      <line num="140" count="0" type="stmt"/>
      <line num="141" count="1" type="cond" truecount="1" falsecount="0"/>
      <line num="142" count="328" type="cond" truecount="1" falsecount="0"/>
      <line num="143" count="387" type="stmt"/>
      <line num="144" count="387" type="cond" truecount="0" falsecount="1"/>
      <line num="145" count="0" type="stmt"/>
      <line num="146" count="387" type="cond" truecount="1" falsecount="0"/>
      <line num="147" count="30" type="stmt"/>
      <line num="148" count="387" type="cond" truecount="1" falsecount="0"/>
      <line num="149" count="387" type="cond" truecount="1" falsecount="0"/>
      <line num="150" count="320" type="stmt"/>
      <line num="151" count="387" type="cond" truecount="1" falsecount="0"/>
      <line num="152" count="37" type="stmt"/>
      <line num="153" count="387" type="stmt"/>
      <line num="154" count="387" type="stmt"/>
      <line num="155" count="328" type="stmt"/>
      <line num="156" count="1" type="cond" truecount="1" falsecount="0"/>
      <line num="157" count="5764" type="cond" truecount="1" falsecount="0"/>
      <line num="158" count="664" type="stmt"/>
      <line num="159" count="664" type="cond" truecount="1" falsecount="0"/>
      <line num="160" count="5100" type="stmt"/>
      <line num="161" count="5764" type="cond" truecount="1" falsecount="0"/>
      <line num="162" count="117" type="stmt"/>
      <line num="163" count="5764" type="cond" truecount="1" falsecount="0"/>
      <line num="164" count="2375" type="cond" truecount="1" falsecount="0"/>
      <line num="165" count="2375" type="stmt"/>
      <line num="166" count="2375" type="stmt"/>
      <line num="167" count="2375" type="stmt"/>
      <line num="168" count="5764" type="cond" truecount="1" falsecount="0"/>
      <line num="169" count="2608" type="stmt"/>
      <line num="170" count="2608" type="stmt"/>
      <line num="171" count="2608" type="cond" truecount="1" falsecount="0"/>
      <line num="172" count="2608" type="stmt"/>
      <line num="173" count="5764" type="stmt"/>
      <line num="174" count="5764" type="stmt"/>
      <line num="175" count="1" type="cond" truecount="1" falsecount="0"/>
      <line num="176" count="910" type="stmt"/>
      <line num="177" count="910" type="stmt"/>
      <line num="178" count="1" type="cond" truecount="1" falsecount="0"/>
      <line num="179" count="9" type="stmt"/>
      <line num="180" count="9" type="cond" truecount="0" falsecount="2"/>
      <line num="181" count="0" type="stmt"/>
      <line num="182" count="0" type="stmt"/>
      <line num="183" count="9" type="stmt"/>
      <line num="184" count="9" type="stmt"/>
      <line num="185" count="9" type="stmt"/>
      <line num="186" count="9" type="stmt"/>
      <line num="187" count="9" type="stmt"/>
      <line num="188" count="9" type="stmt"/>
      <line num="189" count="9" type="stmt"/>
      <line num="191" count="9" type="stmt"/>
      <line num="192" count="1" type="cond" truecount="1" falsecount="0"/>
      <line num="193" count="910" type="stmt"/>
      <line num="194" count="910" type="stmt"/>
      <line num="195" count="910" type="cond" truecount="0" falsecount="1"/>
      <line num="196" count="910" type="cond" truecount="2" falsecount="0"/>
      <line num="197" count="7" type="cond" truecount="1" falsecount="0"/>
      <line num="198" count="3" type="cond" truecount="0" falsecount="1"/>
      <line num="199" count="3" type="stmt"/>
      <line num="200" count="3" type="cond" truecount="1" falsecount="0"/>
      <line num="201" count="4" type="stmt"/>
      <line num="202" count="4" type="cond" truecount="1" falsecount="0"/>
      <line num="203" count="903" type="stmt"/>
      <line num="204" count="903" type="stmt"/>
      <line num="205" count="1" type="cond" truecount="1" falsecount="0"/>
      <line num="206" count="2559" type="stmt"/>
      <line num="207" count="2559" type="cond" truecount="3" falsecount="0"/>
      <line num="209" count="1835" type="stmt"/>
      <line num="210" count="2559" type="cond" truecount="1" falsecount="0"/>
      <line num="211" count="859" type="stmt"/>
      <line num="212" count="2559" type="cond" truecount="1" falsecount="0"/>
      <line num="213" count="2559" type="cond" truecount="1" falsecount="0"/>
      <line num="214" count="764" type="stmt"/>
      <line num="215" count="764" type="cond" truecount="1" falsecount="0"/>
      <line num="216" count="16" type="stmt"/>
      <line num="217" count="764" type="cond" truecount="0" falsecount="1"/>
      <line num="218" count="0" type="stmt"/>
      <line num="219" count="764" type="cond" truecount="1" falsecount="0"/>
      <line num="220" count="764" type="cond" truecount="1" falsecount="0"/>
      <line num="221" count="748" type="cond" truecount="2" falsecount="0"/>
      <line num="222" count="764" type="cond" truecount="0" falsecount="1"/>
      <line num="223" count="0" type="stmt"/>
      <line num="224" count="2559" type="cond" truecount="1" falsecount="0"/>
      <line num="225" count="212" type="stmt"/>
      <line num="226" count="212" type="cond" truecount="1" falsecount="0"/>
      <line num="227" count="35" type="stmt"/>
      <line num="228" count="212" type="cond" truecount="0" falsecount="1"/>
      <line num="229" count="212" type="cond" truecount="0" falsecount="1"/>
      <line num="230" count="0" type="stmt"/>
      <line num="231" count="212" type="cond" truecount="1" falsecount="0"/>
      <line num="232" count="177" type="stmt"/>
      <line num="233" count="177" type="cond" truecount="2" falsecount="0"/>
      <line num="234" count="177" type="cond" truecount="2" falsecount="0"/>
      <line num="235" count="177" type="cond" truecount="1" falsecount="0"/>
      <line num="236" count="132" type="stmt"/>
      <line num="237" count="132" type="cond" truecount="2" falsecount="0"/>
      <line num="238" count="111" type="stmt"/>
      <line num="239" count="111" type="cond" truecount="1" falsecount="0"/>
      <line num="240" count="84" type="stmt"/>
      <line num="241" count="84" type="stmt"/>
      <line num="242" count="212" type="stmt"/>
      <line num="243" count="2559" type="stmt"/>
      <line num="244" count="2559" type="stmt"/>
      <line num="245" count="1" type="cond" truecount="1" falsecount="0"/>
      <line num="246" count="2" type="stmt"/>
      <line num="247" count="2" type="stmt"/>
      <line num="248" count="1" type="cond" truecount="1" falsecount="0"/>
      <line num="249" count="1257" type="stmt"/>
      <line num="250" count="1257" type="stmt"/>
      <line num="251" count="1257" type="stmt"/>
      <line num="252" count="1257" type="cond" truecount="3" falsecount="0"/>
      <line num="253" count="1257" type="cond" truecount="2" falsecount="0"/>
      <line num="254" count="1255" type="stmt"/>
      <line num="255" count="1255" type="stmt"/>
      <line num="256" count="1" type="cond" truecount="1" falsecount="0"/>
      <line num="257" count="2" type="stmt"/>
      <line num="258" count="2" type="cond" truecount="0" falsecount="1"/>
      <line num="259" count="2" type="stmt"/>
      <line num="260" count="2" type="stmt"/>
      <line num="261" count="1" type="cond" truecount="1" falsecount="0"/>
      <line num="262" count="153" type="stmt"/>
      <line num="263" count="153" type="stmt"/>
      <line num="264" count="153" type="stmt"/>
      <line num="265" count="153" type="cond" truecount="3" falsecount="0"/>
      <line num="266" count="153" type="cond" truecount="1" falsecount="1"/>
      <line num="267" count="89" type="stmt"/>
      <line num="268" count="89" type="stmt"/>
      <line num="269" count="1" type="cond" truecount="1" falsecount="0"/>
      <line num="270" count="12" type="stmt"/>
      <line num="271" count="12" type="stmt"/>
      <line num="279" count="12" type="stmt"/>
      <line num="280" count="1" type="cond" truecount="1" falsecount="0"/>
      <line num="281" count="866" type="stmt"/>
      <line num="282" count="866" type="stmt"/>
      <line num="283" count="1" type="cond" truecount="1" falsecount="0"/>
      <line num="284" count="72" type="stmt"/>
      <line num="285" count="72" type="cond" truecount="1" falsecount="0"/>
      <line num="286" count="421" type="cond" truecount="1" falsecount="0"/>
      <line num="287" count="1" type="stmt"/>
      <line num="288" count="1" type="stmt"/>
      <line num="289" count="1" type="cond" truecount="1" falsecount="0"/>
      <line num="290" count="421" type="cond" truecount="1" falsecount="0"/>
      <line num="291" count="198" type="stmt"/>
      <line num="292" count="198" type="stmt"/>
      <line num="293" count="198" type="stmt"/>
      <line num="294" count="421" type="stmt"/>
      <line num="295" count="72" type="stmt"/>
      <line num="296" count="1" type="cond" truecount="1" falsecount="0"/>
      <line num="297" count="53" type="cond" truecount="1" falsecount="0"/>
      <line num="298" count="7" type="stmt"/>
      <line num="299" count="7" type="cond" truecount="0" falsecount="1"/>
      <line num="300" count="0" type="stmt"/>
      <line num="301" count="0" type="stmt"/>
      <line num="302" count="7" type="stmt"/>
      <line num="303" count="7" type="stmt"/>
      <line num="304" count="7" type="stmt"/>
      <line num="305" count="7" type="stmt"/>
      <line num="306" count="7" type="stmt"/>
      <line num="307" count="7" type="cond" truecount="1" falsecount="0"/>
      <line num="309" count="53" type="cond" truecount="3" falsecount="0"/>
      <line num="310" count="1" type="stmt"/>
      <line num="311" count="1" type="stmt"/>
      <line num="312" count="1" type="cond" truecount="1" falsecount="0"/>
      <line num="314" count="45" type="stmt"/>
      <line num="315" count="53" type="cond" truecount="1" falsecount="0"/>
      <line num="316" count="53" type="cond" truecount="1" falsecount="0"/>
      <line num="317" count="8" type="cond" truecount="2" falsecount="0"/>
      <line num="318" count="6" type="stmt"/>
      <line num="319" count="53" type="cond" truecount="1" falsecount="0"/>
      <line num="320" count="37" type="stmt"/>
      <line num="321" count="37" type="cond" truecount="2" falsecount="0"/>
      <line num="322" count="28" type="stmt"/>
      <line num="323" count="28" type="stmt"/>
      <line num="324" count="28" type="cond" truecount="1" falsecount="0"/>
      <line num="325" count="9" type="cond" truecount="1" falsecount="0"/>
      <line num="326" count="9" type="cond" truecount="1" falsecount="0"/>
      <line num="327" count="6" type="stmt"/>
      <line num="328" count="6" type="stmt"/>
      <line num="329" count="9" type="stmt"/>
      <line num="330" count="9" type="stmt"/>
      <line num="331" count="53" type="stmt"/>
      <line num="332" count="53" type="stmt"/>
      <line num="333" count="1" type="cond" truecount="1" falsecount="0"/>
      <line num="334" count="1130" type="stmt"/>
      <line num="335" count="1130" type="stmt"/>
      <line num="336" count="1130" type="stmt"/>
      <line num="337" count="1130" type="cond" truecount="1" falsecount="0"/>
      <line num="338" count="1130" type="stmt"/>
      <line num="339" count="1130" type="stmt"/>
      <line num="340" count="1130" type="cond" truecount="1" falsecount="0"/>
      <line num="341" count="13" type="stmt"/>
      <line num="342" count="1130" type="cond" truecount="1" falsecount="0"/>
      <line num="343" count="59" type="cond" truecount="1" falsecount="0"/>
      <line num="344" count="58" type="stmt"/>
      <line num="345" count="1130" type="cond" truecount="1" falsecount="0"/>
      <line num="346" count="130" type="stmt"/>
      <line num="347" count="130" type="stmt"/>
      <line num="348" count="1130" type="cond" truecount="1" falsecount="0"/>
      <line num="349" count="47" type="cond" truecount="1" falsecount="0"/>
      <line num="350" count="45" type="stmt"/>
      <line num="351" count="1130" type="cond" truecount="1" falsecount="0"/>
      <line num="352" count="284" type="cond" truecount="1" falsecount="0"/>
      <line num="353" count="281" type="stmt"/>
      <line num="354" count="1130" type="cond" truecount="1" falsecount="0"/>
      <line num="355" count="48" type="stmt"/>
      <line num="356" count="48" type="stmt"/>
      <line num="357" count="1130" type="cond" truecount="1" falsecount="0"/>
      <line num="358" count="2" type="stmt"/>
      <line num="359" count="2" type="stmt"/>
      <line num="360" count="1130" type="cond" truecount="1" falsecount="0"/>
      <line num="361" count="2" type="stmt"/>
      <line num="362" count="1130" type="cond" truecount="1" falsecount="0"/>
      <line num="363" count="15" type="stmt"/>
      <line num="364" count="15" type="stmt"/>
      <line num="365" count="1130" type="cond" truecount="1" falsecount="0"/>
      <line num="366" count="80" type="stmt"/>
      <line num="367" count="80" type="stmt"/>
      <line num="368" count="1130" type="cond" truecount="1" falsecount="0"/>
      <line num="369" count="21" type="stmt"/>
      <line num="370" count="21" type="stmt"/>
      <line num="371" count="1130" type="cond" truecount="0" falsecount="1"/>
      <line num="372" count="0" type="stmt"/>
      <line num="373" count="0" type="stmt"/>
      <line num="374" count="1130" type="stmt"/>
      <line num="375" count="1130" type="cond" truecount="1" falsecount="0"/>
      <line num="376" count="55" type="cond" truecount="1" falsecount="0"/>
      <line num="377" count="54" type="stmt"/>
      <line num="378" count="1130" type="cond" truecount="1" falsecount="0"/>
      <line num="379" count="9" type="stmt"/>
      <line num="380" count="9" type="stmt"/>
      <line num="381" count="1130" type="cond" truecount="0" falsecount="1"/>
      <line num="382" count="0" type="stmt"/>
      <line num="383" count="0" type="stmt"/>
      <line num="384" count="0" type="stmt"/>
      <line num="385" count="0" type="stmt"/>
      <line num="386" count="1130" type="cond" truecount="0" falsecount="1"/>
      <line num="387" count="0" type="stmt"/>
      <line num="388" count="0" type="stmt"/>
      <line num="389" count="0" type="stmt"/>
      <line num="390" count="0" type="stmt"/>
      <line num="391" count="0" type="stmt"/>
      <line num="392" count="0" type="stmt"/>
      <line num="393" count="0" type="stmt"/>
      <line num="394" count="0" type="stmt"/>
      <line num="395" count="0" type="stmt"/>
      <line num="396" count="0" type="stmt"/>
      <line num="397" count="0" type="stmt"/>
      <line num="398" count="0" type="stmt"/>
      <line num="399" count="0" type="stmt"/>
      <line num="400" count="1130" type="cond" truecount="0" falsecount="1"/>
      <line num="401" count="0" type="stmt"/>
      <line num="402" count="0" type="stmt"/>
      <line num="403" count="0" type="stmt"/>
      <line num="404" count="0" type="stmt"/>
      <line num="405" count="0" type="stmt"/>
      <line num="406" count="0" type="stmt"/>
      <line num="407" count="0" type="stmt"/>
      <line num="408" count="0" type="stmt"/>
      <line num="409" count="1130" type="cond" truecount="1" falsecount="0"/>
      <line num="410" count="10" type="stmt"/>
      <line num="411" count="10" type="cond" truecount="1" falsecount="1"/>
      <line num="412" count="9" type="stmt"/>
      <line num="413" count="9" type="stmt"/>
      <line num="414" count="9" type="stmt"/>
      <line num="415" count="1130" type="cond" truecount="1" falsecount="0"/>
      <line num="416" count="23" type="stmt"/>
      <line num="417" count="23" type="stmt"/>
      <line num="418" count="23" type="stmt"/>
      <line num="419" count="23" type="cond" truecount="1" falsecount="1"/>
      <line num="420" count="23" type="cond" truecount="1" falsecount="0"/>
      <line num="421" count="22" type="stmt"/>
      <line num="422" count="22" type="cond" truecount="1" falsecount="0"/>
      <line num="424" count="22" type="cond" truecount="1" falsecount="0"/>
      <line num="425" count="1" type="stmt"/>
      <line num="426" count="1" type="stmt"/>
      <line num="427" count="23" type="stmt"/>
      <line num="428" count="23" type="stmt"/>
      <line num="429" count="1130" type="cond" truecount="1" falsecount="0"/>
      <line num="430" count="11" type="stmt"/>
      <line num="431" count="11" type="cond" truecount="0" falsecount="1"/>
      <line num="432" count="11" type="stmt"/>
      <line num="433" count="11" type="stmt"/>
      <line num="434" count="11" type="stmt"/>
      <line num="435" count="11" type="stmt"/>
      <line num="436" count="11" type="cond" truecount="2" falsecount="0"/>
      <line num="438" count="11" type="cond" truecount="1" falsecount="0"/>
      <line num="439" count="1" type="stmt"/>
      <line num="440" count="1" type="cond" truecount="0" falsecount="1"/>
      <line num="441" count="1" type="stmt"/>
      <line num="442" count="11" type="cond" truecount="1" falsecount="0"/>
      <line num="443" count="9" type="cond" truecount="1" falsecount="0"/>
      <line num="444" count="9" type="cond" truecount="1" falsecount="0"/>
      <line num="445" count="19" type="stmt"/>
      <line num="446" count="19" type="stmt"/>
      <line num="447" count="9" type="stmt"/>
      <line num="448" count="9" type="cond" truecount="1" falsecount="0"/>
      <line num="449" count="10" type="stmt"/>
      <line num="450" count="10" type="stmt"/>
      <line num="451" count="1130" type="cond" truecount="1" falsecount="0"/>
      <line num="452" count="2" type="stmt"/>
      <line num="453" count="2" type="stmt"/>
      <line num="454" count="2" type="stmt"/>
      <line num="456" count="2" type="cond" truecount="2" falsecount="0"/>
      <line num="457" count="2" type="cond" truecount="0" falsecount="1"/>
      <line num="458" count="2" type="stmt"/>
      <line num="459" count="2" type="stmt"/>
      <line num="460" count="2" type="stmt"/>
      <line num="461" count="2" type="stmt"/>
      <line num="462" count="2" type="stmt"/>
      <line num="463" count="2" type="stmt"/>
      <line num="464" count="2" type="stmt"/>
      <line num="465" count="2" type="stmt"/>
      <line num="466" count="2" type="stmt"/>
      <line num="468" count="2" type="stmt"/>
      <line num="469" count="2" type="stmt"/>
      <line num="470" count="1130" type="cond" truecount="1" falsecount="0"/>
      <line num="471" count="14" type="stmt"/>
      <line num="472" count="14" type="stmt"/>
      <line num="473" count="14" type="stmt"/>
      <line num="474" count="14" type="cond" truecount="2" falsecount="0"/>
      <line num="475" count="4" type="stmt"/>
      <line num="476" count="4" type="stmt"/>
      <line num="477" count="4" type="stmt"/>
      <line num="478" count="4" type="stmt"/>
      <line num="479" count="4" type="stmt"/>
      <line num="480" count="4" type="stmt"/>
      <line num="482" count="4" type="stmt"/>
      <line num="483" count="4" type="cond" truecount="1" falsecount="0"/>
      <line num="485" count="10" type="stmt"/>
      <line num="486" count="10" type="cond" truecount="1" falsecount="0"/>
      <line num="487" count="13" type="stmt"/>
      <line num="488" count="13" type="stmt"/>
      <line num="489" count="13" type="stmt"/>
      <line num="490" count="13" type="stmt"/>
      <line num="491" count="13" type="stmt"/>
      <line num="492" count="13" type="stmt"/>
      <line num="493" count="13" type="stmt"/>
      <line num="494" count="13" type="stmt"/>
      <line num="495" count="13" type="stmt"/>
      <line num="496" count="13" type="stmt"/>
      <line num="497" count="13" type="stmt"/>
      <line num="499" count="10" type="cond" truecount="1" falsecount="0"/>
      <line num="500" count="3" type="stmt"/>
      <line num="501" count="3" type="stmt"/>
      <line num="502" count="10" type="cond" truecount="2" falsecount="0"/>
      <line num="503" count="6" type="stmt"/>
      <line num="504" count="6" type="stmt"/>
      <line num="506" count="6" type="stmt"/>
      <line num="507" count="6" type="cond" truecount="1" falsecount="0"/>
      <line num="508" count="1" type="cond" truecount="1" falsecount="0"/>
      <line num="509" count="1" type="cond" truecount="1" falsecount="0"/>
      <line num="510" count="4" type="stmt"/>
      <line num="511" count="4" type="stmt"/>
      <line num="512" count="1" type="stmt"/>
      <line num="513" count="1" type="stmt"/>
      <line num="514" count="10" type="cond" truecount="1" falsecount="0"/>
      <line num="515" count="1" type="stmt"/>
      <line num="516" count="1" type="stmt"/>
      <line num="517" count="1130" type="stmt"/>
      <line num="518" count="1130" type="cond" truecount="0" falsecount="1"/>
      <line num="519" count="0" type="stmt"/>
      <line num="520" count="0" type="stmt"/>
      <line num="521" count="0" type="stmt"/>
      <line num="522" count="0" type="stmt"/>
      <line num="523" count="0" type="stmt"/>
      <line num="524" count="0" type="stmt"/>
      <line num="525" count="1130" type="cond" truecount="0" falsecount="1"/>
      <line num="526" count="0" type="stmt"/>
      <line num="527" count="0" type="stmt"/>
      <line num="528" count="0" type="stmt"/>
      <line num="529" count="0" type="stmt"/>
      <line num="530" count="0" type="stmt"/>
      <line num="531" count="0" type="stmt"/>
      <line num="532" count="0" type="stmt"/>
      <line num="533" count="1130" type="cond" truecount="0" falsecount="1"/>
      <line num="534" count="0" type="stmt"/>
      <line num="535" count="0" type="stmt"/>
      <line num="536" count="0" type="stmt"/>
      <line num="537" count="0" type="stmt"/>
      <line num="538" count="0" type="stmt"/>
      <line num="539" count="0" type="stmt"/>
      <line num="540" count="0" type="stmt"/>
[...]
      <line num="17" count="1" type="stmt"/>
      <line num="18" count="1" type="cond" truecount="1" falsecount="0"/>
      <line num="19" count="4" type="stmt"/>
      <line num="20" count="4" type="stmt"/>
    </file>
    <file name="view.ts" path="/Users/modernserf/src/templeos-2025/src/view.ts">
      <metrics statements="259" coveredstatements="259" conditionals="10" coveredconditionals="10" methods="12" coveredmethods="10"/>
      <line num="1" count="1" type="stmt"/>
      <line num="6" count="1" type="stmt"/>
      <line num="7" count="1" type="cond" truecount="1" falsecount="0"/>
      <line num="8" count="1" type="cond" truecount="1" falsecount="0"/>
      <line num="9" count="4" type="stmt"/>
      <line num="10" count="1" type="stmt"/>
      <line num="11" count="1" type="cond" truecount="1" falsecount="0"/>
      <line num="12" count="1" type="cond" truecount="1" falsecount="0"/>
      <line num="13" count="1" type="cond" truecount="1" falsecount="0"/>
      <line num="14" count="2" type="stmt"/>
      <line num="15" count="1" type="cond" truecount="1" falsecount="0"/>
      <line num="16" count="2" type="stmt"/>
      <line num="17" count="1" type="cond" truecount="1" falsecount="0"/>
      <line num="18" count="1" type="cond" truecount="1" falsecount="0"/>
      <line num="19" count="4" type="stmt"/>
      <line num="20" count="1" type="cond" truecount="1" falsecount="0"/>
      <line num="21" count="1" type="cond" truecount="1" falsecount="0"/>
      <line num="22" count="1" type="stmt"/>
      <line num="23" count="1" type="stmt"/>
      <line num="25" count="1" type="stmt"/>
      <line num="26" count="1" type="stmt"/>
      <line num="27" count="1" type="stmt"/>
      <line num="28" count="1" type="stmt"/>
      <line num="31" count="1" type="stmt"/>
      <line num="32" count="1" type="stmt"/>
      <line num="33" count="1" type="stmt"/>
      <line num="34" count="1" type="stmt"/>
      <line num="35" count="1" type="stmt"/>
      <line num="36" count="1" type="stmt"/>
      <line num="37" count="1" type="stmt"/>
      <line num="38" count="1" type="stmt"/>
      <line num="39" count="1" type="stmt"/>
      <line num="40" count="1" type="stmt"/>
      <line num="41" count="1" type="stmt"/>
      <line num="42" count="1" type="stmt"/>
      <line num="43" count="1" type="stmt"/>
      <line num="44" count="1" type="stmt"/>
      <line num="45" count="1" type="stmt"/>
      <line num="46" count="1" type="stmt"/>
      <line num="48" count="1" type="stmt"/>
      <line num="49" count="1" type="stmt"/>
      <line num="50" count="1" type="stmt"/>
      <line num="51" count="1" type="stmt"/>
      <line num="52" count="1" type="stmt"/>
      <line num="53" count="1" type="stmt"/>
      <line num="54" count="1" type="stmt"/>
      <line num="55" count="1" type="stmt"/>
      <line num="56" count="1" type="stmt"/>
      <line num="57" count="1" type="stmt"/>
      <line num="59" count="1" type="stmt"/>
      <line num="60" count="1" type="stmt"/>
      <line num="61" count="1" type="stmt"/>
      <line num="62" count="1" type="stmt"/>
      <line num="63" count="1" type="stmt"/>
      <line num="64" count="1" type="stmt"/>
      <line num="66" count="1" type="stmt"/>
      <line num="73" count="1" type="stmt"/>
      <line num="75" count="1" type="stmt"/>
      <line num="76" count="1" type="stmt"/>
      <line num="77" count="1" type="stmt"/>
      <line num="78" count="1" type="stmt"/>
      <line num="79" count="1" type="stmt"/>
      <line num="80" count="1" type="stmt"/>
      <line num="81" count="1" type="stmt"/>
      <line num="82" count="1" type="stmt"/>
      <line num="83" count="1" type="stmt"/>
      <line num="84" count="1" type="stmt"/>
      <line num="85" count="1" type="stmt"/>
      <line num="86" count="1" type="stmt"/>
      <line num="87" count="1" type="stmt"/>
      <line num="88" count="1" type="stmt"/>
      <line num="89" count="1" type="stmt"/>
      <line num="90" count="1" type="stmt"/>
      <line num="91" count="1" type="stmt"/>
      <line num="92" count="1" type="stmt"/>
      <line num="93" count="1" type="stmt"/>
      <line num="94" count="1" type="stmt"/>
      <line num="95" count="1" type="stmt"/>
      <line num="96" count="1" type="stmt"/>
      <line num="97" count="1" type="stmt"/>
      <line num="98" count="1" type="stmt"/>
      <line num="99" count="1" type="stmt"/>
      <line num="100" count="1" type="stmt"/>
      <line num="101" count="1" type="stmt"/>
      <line num="102" count="1" type="stmt"/>
      <line num="103" count="1" type="stmt"/>
      <line num="104" count="1" type="stmt"/>
      <line num="105" count="1" type="stmt"/>
      <line num="106" count="1" type="stmt"/>
      <line num="109" count="1" type="stmt"/>
      <line num="112" count="1" type="stmt"/>
      <line num="113" count="1" type="stmt"/>
      <line num="114" count="1" type="stmt"/>
      <line num="115" count="1" type="stmt"/>
      <line num="116" count="1" type="stmt"/>
      <line num="117" count="1" type="stmt"/>
      <line num="118" count="1" type="stmt"/>
      <line num="119" count="1" type="stmt"/>
      <line num="120" count="1" type="stmt"/>
      <line num="121" count="1" type="stmt"/>
      <line num="122" count="1" type="stmt"/>
      <line num="124" count="1" type="stmt"/>
      <line num="125" count="1" type="stmt"/>
      <line num="126" count="1" type="stmt"/>
      <line num="127" count="1" type="stmt"/>
      <line num="128" count="1" type="stmt"/>
      <line num="129" count="1" type="stmt"/>
      <line num="133" count="1" type="stmt"/>
      <line num="134" count="1" type="stmt"/>
      <line num="135" count="1" type="stmt"/>
      <line num="136" count="1" type="stmt"/>
      <line num="137" count="1" type="stmt"/>
      <line num="138" count="1" type="stmt"/>
      <line num="139" count="1" type="stmt"/>
      <line num="140" count="1" type="stmt"/>
      <line num="142" count="1" type="stmt"/>
      <line num="143" count="1" type="stmt"/>
      <line num="144" count="1" type="stmt"/>
      <line num="145" count="1" type="stmt"/>
      <line num="146" count="1" type="stmt"/>
      <line num="147" count="1" type="stmt"/>
      <line num="148" count="1" type="stmt"/>
      <line num="149" count="1" type="stmt"/>
      <line num="150" count="1" type="stmt"/>
      <line num="152" count="1" type="stmt"/>
      <line num="153" count="1" type="stmt"/>
      <line num="154" count="1" type="stmt"/>
      <line num="155" count="1" type="stmt"/>
      <line num="156" count="1" type="stmt"/>
      <line num="157" count="1" type="stmt"/>
      <line num="158" count="1" type="stmt"/>
      <line num="159" count="1" type="stmt"/>
      <line num="160" count="1" type="stmt"/>
      <line num="161" count="1" type="stmt"/>
      <line num="164" count="1" type="stmt"/>
      <line num="165" count="1" type="stmt"/>
      <line num="166" count="1" type="stmt"/>
      <line num="167" count="1" type="stmt"/>
      <line num="168" count="1" type="stmt"/>
      <line num="169" count="1" type="stmt"/>
      <line num="170" count="1" type="stmt"/>
      <line num="171" count="1" type="stmt"/>
      <line num="173" count="1" type="stmt"/>
      <line num="174" count="1" type="stmt"/>
      <line num="175" count="1" type="stmt"/>
      <line num="176" count="1" type="stmt"/>
      <line num="177" count="1" type="stmt"/>
      <line num="178" count="1" type="stmt"/>
      <line num="179" count="1" type="stmt"/>
      <line num="181" count="1" type="stmt"/>
      <line num="182" count="1" type="stmt"/>
      <line num="183" count="1" type="stmt"/>
      <line num="184" count="1" type="stmt"/>
      <line num="185" count="1" type="stmt"/>
      <line num="186" count="1" type="stmt"/>
      <line num="188" count="1" type="stmt"/>
      <line num="189" count="1" type="stmt"/>
      <line num="190" count="1" type="stmt"/>
      <line num="191" count="1" type="stmt"/>
      <line num="192" count="1" type="stmt"/>
      <line num="193" count="1" type="stmt"/>
      <line num="194" count="1" type="stmt"/>
      <line num="195" count="1" type="stmt"/>
      <line num="196" count="1" type="stmt"/>
      <line num="197" count="1" type="stmt"/>
      <line num="199" count="1" type="stmt"/>
      <line num="202" count="1" type="stmt"/>
      <line num="203" count="1" type="stmt"/>
      <line num="204" count="1" type="stmt"/>
      <line num="205" count="1" type="stmt"/>
      <line num="206" count="1" type="stmt"/>
      <line num="207" count="1" type="stmt"/>
      <line num="208" count="1" type="stmt"/>
      <line num="209" count="1" type="stmt"/>
      <line num="210" count="1" type="stmt"/>
      <line num="211" count="1" type="stmt"/>
      <line num="212" count="1" type="stmt"/>
      <line num="213" count="1" type="stmt"/>
      <line num="214" count="1" type="stmt"/>
      <line num="216" count="1" type="stmt"/>
      <line num="217" count="1" type="stmt"/>
      <line num="218" count="1" type="stmt"/>
      <line num="219" count="1" type="stmt"/>
      <line num="223" count="1" type="stmt"/>
      <line num="224" count="1" type="stmt"/>
      <line num="225" count="1" type="stmt"/>
      <line num="226" count="1" type="stmt"/>
      <line num="227" count="1" type="stmt"/>
      <line num="228" count="1" type="stmt"/>
      <line num="229" count="1" type="stmt"/>
      <line num="230" count="1" type="stmt"/>
      <line num="231" count="1" type="stmt"/>
      <line num="232" count="1" type="stmt"/>
      <line num="233" count="1" type="stmt"/>
      <line num="234" count="1" type="stmt"/>
      <line num="235" count="1" type="stmt"/>
      <line num="236" count="1" type="stmt"/>
      <line num="237" count="1" type="stmt"/>
      <line num="238" count="1" type="stmt"/>
      <line num="239" count="1" type="stmt"/>
      <line num="240" count="1" type="stmt"/>
      <line num="241" count="1" type="stmt"/>
      <line num="244" count="1" type="stmt"/>
      <line num="245" count="1" type="stmt"/>
      <line num="246" count="1" type="stmt"/>
      <line num="249" count="1" type="stmt"/>
      <line num="250" count="1" type="stmt"/>
      <line num="251" count="1" type="stmt"/>
      <line num="252" count="1" type="stmt"/>
      <line num="253" count="1" type="stmt"/>
      <line num="254" count="1" type="stmt"/>
      <line num="255" count="1" type="stmt"/>
      <line num="256" count="1" type="stmt"/>
      <line num="257" count="1" type="stmt"/>
      <line num="258" count="1" type="stmt"/>
      <line num="261" count="1" type="stmt"/>
      <line num="262" count="1" type="stmt"/>
      <line num="263" count="1" type="stmt"/>
      <line num="264" count="1" type="stmt"/>
      <line num="265" count="1" type="stmt"/>
      <line num="269" count="1" type="stmt"/>
      <line num="270" count="1" type="stmt"/>
      <line num="271" count="1" type="stmt"/>
      <line num="272" count="1" type="stmt"/>
      <line num="273" count="1" type="stmt"/>
      <line num="274" count="1" type="stmt"/>
      <line num="275" count="1" type="stmt"/>
      <line num="276" count="1" type="stmt"/>
      <line num="277" count="1" type="stmt"/>
      <line num="278" count="1" type="stmt"/>
      <line num="280" count="1" type="stmt"/>
      <line num="281" count="1" type="stmt"/>
      <line num="282" count="1" type="stmt"/>
      <line num="283" count="1" type="stmt"/>
      <line num="284" count="1" type="stmt"/>
      <line num="286" count="1" type="stmt"/>
      <line num="287" count="1" type="stmt"/>
      <line num="289" count="1" type="stmt"/>
      <line num="290" count="1" type="stmt"/>
      <line num="291" count="1" type="stmt"/>
      <line num="292" count="1" type="stmt"/>
      <line num="293" count="1" type="stmt"/>
      <line num="294" count="1" type="stmt"/>
      <line num="295" count="1" type="stmt"/>
      <line num="296" count="1" type="stmt"/>
      <line num="297" count="1" type="stmt"/>
      <line num="299" count="1" type="stmt"/>
      <line num="300" count="1" type="stmt"/>
      <line num="301" count="1" type="stmt"/>
      <line num="302" count="1" type="stmt"/>
      <line num="304" count="1" type="stmt"/>
      <line num="306" count="1" type="stmt"/>
      <line num="307" count="1" type="stmt"/>
      <line num="308" count="1" type="stmt"/>
      <line num="309" count="1" type="stmt"/>
      <line num="310" count="1" type="stmt"/>
      <line num="311" count="1" type="stmt"/>
      <line num="313" count="1" type="stmt"/>
      <line num="314" count="1" type="stmt"/>
    </file>
    <file name="view_primitive.tsx" path="/Users/modernserf/src/templeos-2025/src/view_primitive.tsx">
      <metrics statements="156" coveredstatements="0" conditionals="1" coveredconditionals="0" methods="1" coveredmethods="0"/>
      <line num="1" count="0" type="cond" truecount="0" falsecount="1"/>
      <line num="14" count="0" type="stmt"/>
      <line num="15" count="0" type="stmt"/>
      <line num="16" count="0" type="stmt"/>
      <line num="17" count="0" type="stmt"/>
      <line num="20" count="0" type="stmt"/>
      <line num="22" count="0" type="stmt"/>
      <line num="23" count="0" type="stmt"/>
      <line num="24" count="0" type="stmt"/>
      <line num="25" count="0" type="stmt"/>
      <line num="26" count="0" type="stmt"/>
      <line num="27" count="0" type="stmt"/>
      <line num="28" count="0" type="stmt"/>
      <line num="29" count="0" type="stmt"/>
      <line num="31" count="0" type="stmt"/>
      <line num="34" count="0" type="stmt"/>
      <line num="36" count="0" type="stmt"/>
      <line num="37" count="0" type="stmt"/>
      <line num="38" count="0" type="stmt"/>
      <line num="39" count="0" type="stmt"/>
      <line num="40" count="0" type="stmt"/>
      <line num="41" count="0" type="stmt"/>
      <line num="42" count="0" type="stmt"/>
      <line num="43" count="0" type="stmt"/>
      <line num="44" count="0" type="stmt"/>
      <line num="45" count="0" type="stmt"/>
      <line num="46" count="0" type="stmt"/>
      <line num="49" count="0" type="stmt"/>
      <line num="51" count="0" type="stmt"/>
      <line num="52" count="0" type="stmt"/>
      <line num="54" count="0" type="stmt"/>
      <line num="55" count="0" type="stmt"/>
      <line num="56" count="0" type="stmt"/>
      <line num="57" count="0" type="stmt"/>
      <line num="58" count="0" type="stmt"/>
      <line num="59" count="0" type="stmt"/>
      <line num="60" count="0" type="stmt"/>
      <line num="61" count="0" type="stmt"/>
      <line num="62" count="0" type="stmt"/>
      <line num="63" count="0" type="stmt"/>
      <line num="64" count="0" type="stmt"/>
      <line num="65" count="0" type="stmt"/>
      <line num="67" count="0" type="stmt"/>
      <line num="70" count="0" type="stmt"/>
      <line num="72" count="0" type="stmt"/>
      <line num="73" count="0" type="stmt"/>
      <line num="74" count="0" type="stmt"/>
      <line num="75" count="0" type="stmt"/>
      <line num="76" count="0" type="stmt"/>
      <line num="77" count="0" type="stmt"/>
      <line num="78" count="0" type="stmt"/>
      <line num="79" count="0" type="stmt"/>
      <line num="80" count="0" type="stmt"/>
      <line num="81" count="0" type="stmt"/>
      <line num="82" count="0" type="stmt"/>
      <line num="83" count="0" type="stmt"/>
      <line num="84" count="0" type="stmt"/>
      <line num="85" count="0" type="stmt"/>
      <line num="86" count="0" type="stmt"/>
      <line num="87" count="0" type="stmt"/>
      <line num="89" count="0" type="stmt"/>
      <line num="92" count="0" type="stmt"/>
      <line num="94" count="0" type="stmt"/>
      <line num="95" count="0" type="stmt"/>
      <line num="98" count="0" type="stmt"/>
      <line num="99" count="0" type="stmt"/>
      <line num="100" count="0" type="stmt"/>
      <line num="101" count="0" type="stmt"/>
      <line num="102" count="0" type="stmt"/>
      <line num="103" count="0" type="stmt"/>
      <line num="104" count="0" type="stmt"/>
      <line num="105" count="0" type="stmt"/>
      <line num="106" count="0" type="stmt"/>
      <line num="107" count="0" type="stmt"/>
      <line num="108" count="0" type="stmt"/>
      <line num="109" count="0" type="stmt"/>
      <line num="110" count="0" type="stmt"/>
      <line num="111" count="0" type="stmt"/>
      <line num="112" count="0" type="stmt"/>
      <line num="113" count="0" type="stmt"/>
      <line num="114" count="0" type="stmt"/>
      <line num="115" count="0" type="stmt"/>
      <line num="116" count="0" type="stmt"/>
      <line num="117" count="0" type="stmt"/>
      <line num="118" count="0" type="stmt"/>
      <line num="119" count="0" type="stmt"/>
      <line num="120" count="0" type="stmt"/>
      <line num="121" count="0" type="stmt"/>
      <line num="122" count="0" type="stmt"/>
      <line num="124" count="0" type="stmt"/>
      <line num="125" count="0" type="stmt"/>
      <line num="126" count="0" type="stmt"/>
      <line num="127" count="0" type="stmt"/>
      <line num="128" count="0" type="stmt"/>
      <line num="129" count="0" type="stmt"/>
      <line num="130" count="0" type="stmt"/>
      <line num="132" count="0" type="stmt"/>
      <line num="134" count="0" type="stmt"/>
      <line num="136" count="0" type="stmt"/>
      <line num="139" count="0" type="stmt"/>
      <line num="141" count="0" type="stmt"/>
      <line num="142" count="0" type="stmt"/>
      <line num="143" count="0" type="stmt"/>
      <line num="144" count="0" type="stmt"/>
      <line num="145" count="0" type="stmt"/>
      <line num="146" count="0" type="stmt"/>
      <line num="147" count="0" type="stmt"/>
      <line num="148" count="0" type="stmt"/>
      <line num="149" count="0" type="stmt"/>
      <line num="150" count="0" type="stmt"/>
      <line num="151" count="0" type="stmt"/>
      <line num="152" count="0" type="stmt"/>
      <line num="153" count="0" type="stmt"/>
      <line num="155" count="0" type="stmt"/>
      <line num="156" count="0" type="stmt"/>
      <line num="157" count="0" type="stmt"/>
      <line num="158" count="0" type="stmt"/>
      <line num="159" count="0" type="stmt"/>
      <line num="162" count="0" type="stmt"/>
      <line num="164" count="0" type="stmt"/>
      <line num="168" count="0" type="stmt"/>
      <line num="169" count="0" type="stmt"/>
      <line num="170" count="0" type="stmt"/>
      <line num="171" count="0" type="stmt"/>
      <line num="172" count="0" type="stmt"/>
      <line num="173" count="0" type="stmt"/>
      <line num="174" count="0" type="stmt"/>
      <line num="175" count="0" type="stmt"/>
      <line num="176" count="0" type="stmt"/>
      <line num="177" count="0" type="stmt"/>
      <line num="178" count="0" type="stmt"/>
      <line num="179" count="0" type="stmt"/>
      <line num="182" count="0" type="stmt"/>
      <line num="183" count="0" type="stmt"/>
      <line num="184" count="0" type="stmt"/>
      <line num="185" count="0" type="stmt"/>
      <line num="187" count="0" type="stmt"/>
      <line num="188" count="0" type="stmt"/>
      <line num="189" count="0" type="stmt"/>
      <line num="190" count="0" type="stmt"/>
      <line num="191" count="0" type="stmt"/>
      <line num="197" count="0" type="stmt"/>
      <line num="198" count="0" type="stmt"/>
      <line num="199" count="0" type="stmt"/>
      <line num="200" count="0" type="stmt"/>
      <line num="201" count="0" type="stmt"/>
      <line num="202" count="0" type="stmt"/>
      <line num="203" count="0" type="stmt"/>
      <line num="208" count="0" type="stmt"/>
      <line num="210" count="0" type="stmt"/>
      <line num="211" count="0" type="stmt"/>
      <line num="212" count="0" type="stmt"/>
      <line num="213" count="0" type="stmt"/>
      <line num="214" count="0" type="stmt"/>
      <line num="215" count="0" type="stmt"/>
      <line num="219" count="0" type="stmt"/>
    </file>
  </project>
</coverage>
